[connect] attempt 1 failed: TimeoutError: 
[connect] attempt 2 failed: TimeoutError: 
[connect] attempt 3 failed: TimeoutError: 
[connect] attempt 4 failed: TimeoutError: 
[connect] attempt 5 failed: TimeoutError: 
[connect] attempt 6 failed: TimeoutError: 
Traceback (most recent call last):
  File "C:\Users\remacle\OneDrive - FN Browning Group\Documents\AI\12_MCZ\mcz_ble_client.py", line 416, in <module>
    main()
    ~~~~^^
  File "C:\Users\remacle\OneDrive - FN Browning Group\Documents\AI\12_MCZ\mcz_ble_client.py", line 412, in main
    asyncio.run(run(args))
    ~~~~~~~~~~~^^^^^^^^^^^
  File "C:\Program Files\Python313\Lib\asyncio\runners.py", line 194, in run
    return runner.run(main)
           ~~~~~~~~~~^^^^^^
  File "C:\Program Files\Python313\Lib\asyncio\runners.py", line 118, in run
    return self._loop.run_until_complete(task)
           ~~~~~~~~~~~~~~~~~~~~~~~~~~~~~^^^^^^
  File "C:\Program Files\Python313\Lib\asyncio\base_events.py", line 720, in run_until_complete
    return future.result()
           ~~~~~~~~~~~~~^^
  File "C:\Users\remacle\OneDrive - FN Browning Group\Documents\AI\12_MCZ\mcz_ble_client.py", line 342, in run
    await m.connect(timeout=args.timeout, do_pair=args.pair, require_service=False)
  File "C:\Users\remacle\OneDrive - FN Browning Group\Documents\AI\12_MCZ\mcz_ble_client.py", line 189, in connect
    raise RuntimeError(f"could not establish a stable connection: {last}")
RuntimeError: could not establish a stable connection: 
