[scan] looking for 'MCZ_EP*' (15.0s)…
        19:82:EB:33:64:32  ''  rssi=-88
        2A:AB:5C:EE:B1:2C  ''  rssi=-83
        1D:5E:47:92:8C:D3  ''  rssi=-87
        1E:9D:08:84:87:7B  ''  rssi=-83
        D6:8D:13:23:B1:3D  ''  rssi=-84
        02:FD:B7:54:F8:66  ''  rssi=-75
        21:E8:8E:16:B8:51  ''  rssi=-86
        34:82:89:E2:E9:3E  ''  rssi=-93
        2A:1C:C1:46:5C:6A  ''  rssi=-92
        22:85:C5:89:65:A9  ''  rssi=-84
        3C:70:5A:AC:BF:5B  ''  rssi=-88
        37:3C:56:13:D5:6E  ''  rssi=-94
        1D:2B:3C:B3:03:24  ''  rssi=-80
        14:33:AE:4D:95:CD  ''  rssi=-84
        09:1C:90:D6:09:07  ''  rssi=-81
        68:2B:78:06:87:25  ''  rssi=-81
        4A:2D:40:08:A9:B3  ''  rssi=-61
        44:59:91:04:67:84  ''  rssi=-68
        0F:BB:90:8A:08:AE  ''  rssi=-90
        0F:CD:72:DC:1A:CA  ''  rssi=-84
        52:88:95:82:FA:A4  ''  rssi=-91
        2A:40:5B:94:C2:D9  ''  rssi=-96
        23:FA:1A:46:67:F6  ''  rssi=-80
        00:87:B1:4E:84:AD  ''  rssi=-84
        0A:0B:B9:15:B4:B8  ''  rssi=-85
        7B:5B:DE:49:77:5C  'JBL Tune 245NC TWS-LE'  rssi=-83
        11:1E:9A:32:CB:1F  ''  rssi=-94
        0C:CE:36:C1:06:6E  ''  rssi=-84
        03:DC:6B:A3:E5:EA  ''  rssi=-74
        49:C2:8C:B9:69:DF  ''  rssi=-86
        14:77:CF:C8:40:7C  ''  rssi=-84
        29:55:08:96:7C:F8  ''  rssi=-91
        14:6B:98:7A:F0:C4  ''  rssi=-94
        1E:3E:07:8F:E1:56  ''  rssi=-82
        2E:68:4E:AF:F8:FE  ''  rssi=-52
        16:B8:96:F6:43:74  ''  rssi=-74
        06:5A:C2:0F:BB:F4  ''  rssi=-82
        07:37:E7:F0:9D:EC  ''  rssi=-90
        00:D8:E5:35:A0:D7  ''  rssi=-66
        3F:33:F5:59:66:21  ''  rssi=-82
        22:48:BE:EC:AD:6B  ''  rssi=-95
        13:C8:1F:61:49:01  ''  rssi=-87
        08:C9:EC:19:B5:64  ''  rssi=-44
        10:9D:D9:84:6D:E2  ''  rssi=-90
        32:3A:4C:B3:0A:5D  ''  rssi=-80
        0B:35:C5:31:C3:5A  ''  rssi=-80
        2E:13:97:BA:64:49  ''  rssi=-79
        3E:9C:F1:EA:E6:17  ''  rssi=-82
        42:1B:C9:76:0E:63  'LE_WH-1000XM5'  rssi=-72
        01:4F:10:C9:20:AA  ''  rssi=-97
        11:CA:82:F7:B3:1A  ''  rssi=-84
        12:E1:9E:17:1E:CE  ''  rssi=-80
        5D:61:4C:29:2B:29  ''  rssi=-88
        53:94:FA:EB:9A:16  ''  rssi=-80
        35:80:17:65:77:B9  ''  rssi=-75
        05:B3:3D:3D:66:13  ''  rssi=-92
        3D:CA:92:FF:19:FB  ''  rssi=-87
  MATCH EC:E3:34:21:19:92  'MCZ_EP000000'  rssi=-79
[connect] attempt 1 failed: TimeoutError: 
[connect] attempt 2 failed: TimeoutError: 
[connect] attempt 3 failed: TimeoutError: 
[connect] attempt 4 failed: TimeoutError: 
[connect] attempt 5 failed: TimeoutError: 
[connect] attempt 6 failed: TimeoutError: 
Traceback (most recent call last):
  File "C:\Users\remacle\OneDrive - FN Browning Group\Documents\AI\12_MCZ\mcz_ble_client.py", line 416, in <module>
    main()
    ~~~~^^
  File "C:\Users\remacle\OneDrive - FN Browning Group\Documents\AI\12_MCZ\mcz_ble_client.py", line 412, in main
    asyncio.run(run(args))
    ~~~~~~~~~~~^^^^^^^^^^^
  File "C:\Program Files\Python313\Lib\asyncio\runners.py", line 194, in run
    return runner.run(main)
           ~~~~~~~~~~^^^^^^
  File "C:\Program Files\Python313\Lib\asyncio\runners.py", line 118, in run
    return self._loop.run_until_complete(task)
           ~~~~~~~~~~~~~~~~~~~~~~~~~~~~~^^^^^^
  File "C:\Program Files\Python313\Lib\asyncio\base_events.py", line 720, in run_until_complete
    return future.result()
           ~~~~~~~~~~~~~^^
  File "C:\Users\remacle\OneDrive - FN Browning Group\Documents\AI\12_MCZ\mcz_ble_client.py", line 342, in run
    await m.connect(timeout=args.timeout, do_pair=args.pair, require_service=False)
  File "C:\Users\remacle\OneDrive - FN Browning Group\Documents\AI\12_MCZ\mcz_ble_client.py", line 189, in connect
    raise RuntimeError(f"could not establish a stable connection: {last}")
RuntimeError: could not establish a stable connection: 
