[reset] board reset, pairing window reopened
[   0.0] Timeout 1
[   0.0] Timeout 1
[   0.0] Timeout 1
[   0.0] Timeout 1
[   0.0] Timeout 1
[   0.0] Timeout 1
[   0.0] Timeout 1
[   0.0] Timeout 1
[   0.0] Timeout 1
[   0.0] Timeout 1
[   0.0] Timeout 1
[   0.0] Timeout 1
[   0.0] Timeout 1
[   0.0] Timeout 1
[   0.0] Timeout 1
[   0.0] Timeout 1
[   0.0] Timeout 1
[   0.0] Timeout 1
[   0.0] Timeout 1
[   0.0] Timeout 1
[   0.0] Timeout 1
[   0.0] Timeout 1
[   0.0] Timeout 1
[   0.0] Timeout 1
[   0.0] Timeout 1
[   0.0] Timeout 1
[   0.0] Timeout 1
[   0.0] Timeout 1
[   0.0] Timeout 1
[   0.0] Timeout 1
[   0.0] Timeout 1
[   0.0] Timeout 1
[   0.0] Timeout 1
[   0.0] Timeout 1
[   0.0] Timeout 1
[   0.0] Timeout 1
[   0.0] Timeout 1
[   0.0] Timeout 1
[   0.0] Timeout 1
[   0.0] Timeout 1
[   0.0] Timeout 1
[   0.0] Timeout 1
[   0.0] Timeout 1
[   0.0] Timeout 1
[   0.0] Timeout 1
[   0.0] Timeout 1
[   0.0] Timeout 1
[   0.0] Timeout 1
[   0.0] Timeout 1
[   0.0] Timeout 1
[   0.0] Timeout 1
[   0.0] Timeout 1
[   0.0] Timeout 1
[   0.0] Timeout 1
[   0.0] Timeout 1
[   0.0] Timeout 1
[   0.0] Timeout 1
[   0.0] Timeout 1
[   0.0] Timeout 1
[   0.0] Timeout 1
[   0.0] Timeout 1
[   0.0] Timeout 1
[   0.0] Timeout 1
[   0.0] Timeout 1
[   0.0] Timeout 1
[   0.0] Timeout 1
[   0.0] Timeout 1
[   0.0] Timeout 1
[   0.0] Timeout 1
[   0.0] Timeout 1
[   0.0] Timeout 1
[   0.0] Timeout 1
[   0.0] Timeout 1
[   0.0] Timeout 1
[   0.0] Timeout 1
[   0.0] Timeout 1
[   0.0] Timeout 1
[   0.0] Timeout 1
[   0.0] Timeout 1
[   0.0] Timeout 1
[   0.0] Timeout 1
[   0.0] Timeout 1
[   0.0] Timeout 1
[   0.0] Timeout 1
[   0.0] Timeout 1
[   0.0] Timeout 1
[   0.0] Timeout 1
[   0.0] Timeout 1
[   0.0] Timeout 1
[   0.0] Timeout 1
[   0.0] Timeout 1
[   0.0] Timeout 1
[   0.0] Timeout 1
[   0.0] Timeout 1
[   0.0] Timeout 1
[   0.0] Timeout 1
[   0.0] Timeout 1
[   0.0] Timeout 1
[   0.0] Timeout 1
[   0.0] Timeout 1
[   0.0] Timeout 1
[   0.0] Timeout 1
[   0.0] Timeout 1
[   0.0] Timeout 1
[   0.0] Timeout 1
[   0.0] Timeout 1
[   0.0] Timeout 1
[   0.0] Timeout 1
[   0.0] Timeout 1
[   0.0] Timeout 1
[   0.0] Timeout 1
[   0.0] Timeout 1
[   0.0] Timeout 1
[   0.0] Timeout 1
[   0.0] Timeout 1
[   0.0] Timeout 1
[   0.0] Timeout 1
[   0.0] Timeout 1
[   0.0] Timeout 1
[   0.0] Timeout 1
[   0.0] Timeout 1
[   0.0] Timeout 1
[   0.0] Timeout 1
[   0.0] Timeout 1
[   0.0] Timeout 1
[   0.0] Timeout 1
[   0.0] Timeout 1
[   0.0] Timeout 1
[   0.0] Timeout 1
[   0.0] Timeout 1
[   0.0] Timeout 1
[   0.0] Timeout 1
[   0.0] Timeout 1
[   0.0] Timeout 1
[   0.0] Timeout 1
[   0.0] Timeout 1
[   0.0] Timeout 1
[   0.0] Timeout 1
[   0.0] Timeout 1
[   0.0] Timeout 1
[   0.0] Timeout 1
[   0.0] Timeout 1
[   0.0] Timeout 1
[   0.0] Timeout 1
[   0.0] Timeout 1
[   0.0] Timeout 1
[   0.0] Timeout 1
[   0.0] Timeout 1
[   0.0] Timeout 1
[   0.0] Timeout 1
[   0.0] Timeout 1
[   0.0] Timeout 1
[   0.0] Timeout 1
[   0.0] Timeout 1
[   0.0] Timeout 1
[   0.0] Timeout 1
[   0.0] Timeout 1
[   0.0] Timeout 1
[   0.0] Timeout 1
[   0.0] Timeout 1
[   0.0] Timeout 1
[   0.0] Timeout 1
[   0.0] Timeout 1
[   0.0] Timeout 1
[   0.0] Timeout 1
[   0.0] Timeout 1
[   0.0] Timeout 1
[   0.0] Timeout 1
[   0.0] Timeout 1
[   0.0] Timeout 1
[   0.0] Timeout 1
[   0.0] Timeout 1
[   0.0] Timeout 1
[   0.0] Timeout 1
[   0.0] Timeout 1
[   0.0] Timeout 1
[   0.0] Timeout 1
[   0.0] Timeout 1
[   0.0] Timeout 1
[   0.0] Timeout 1
[   0.0] Timeout 1
[   0.0] Timeout 1
[   0.0] Timeout 1
[   0.0] Timeout 1
[   0.0] Timeout 1
[   0.0] Timeout 1
[   0.0] Timeout 1
[   0.0] Timeout 1
[   0.0] Timeout 1
[   0.0] Timeout 1
[   0.0] Timeout 1
[   0.0] Timeout 1
[   0.0] Timeout 1
[   0.0] Timeout 1
[   0.0] Timeout 1
[   0.0] Timeout 1
[   0.0] Timeout 1
[   0.0] Timeout 1
[   0.0] Timeout 1
[   0.0] Timeout 1
[   0.0] Timeout 1
[   0.0] Timeout 1
[   0.0] Timeout 1
[   0.0] Timeout 1
[   0.0] Timeout 1
[   0.0] Timeout 1
[   0.0] Timeout 1
[   0.0] Timeout 1
[   0.0] Timeout 1
[   0.0] Timeout 1
[   0.0] Timeout 1
[   0.0] Timeout 1
[   0.0] Timeout 1
[   0.0] Timeout 1
[   0.0] Timeout 1
[   0.0] Timeout 1
[   0.0] Timeout 1
[   0.0] Timeout 1
[   0.0] Timeout 1
[   0.0] Timeout 1
[   0.0] Timeout 1
[   0.0] Timeout 1
[   0.0] Timeout 1
[   0.0] Timeout 1
[   0.0] Timeout 1
[   0.0] Timeout 1
[   0.0] Timeout 1
[   0.0] Timeout 1
[   0.0] Timeout 1
[   0.0] Timeout 1
[   0.0] Timeout 1
[   0.0] Timeout 1
[   0.0] Timeout 1
[   0.0] Timeout 1
[   0.0] Timeout 1
[   0.0] Timeout 1
[   0.0] Timeout 1
[   0.0] Timeout 1
[   0.0] Timeout 1
[   0.0] Timeout 1
[   0.0] Timeout 1
[   0.0] Timeout 1
[   0.0] Timeout 1
[   0.0] Timeout 1
[   0.0] Timeout 1
[   0.0] Timeout 1
[   0.0] Timeout 1
[   0.0] Timeout 1
[   0.0] Timeout 1
[   0.0] Timeout 1
[   0.0] Timeout 1
[   0.0] Timeout 1
[   0.0] Timeout 1
[   0.0] Timeout 1
[   0.0] Timeout 1
[   0.0] Timeout 1
[   0.0] Timeout 1
[   0.0] Timeout 1
[   0.0] Timeout 1
[   0.0] Timeout 1
[   0.0] Timeout 1
[   0.0] Timeout 1
[   0.0] Timeout 1
[   0.0] Timeout 1
[   0.0] Timeout 1
[   0.0] Timeout 1
[   0.0] Timeout 1
[   0.0] Timeout 1
[   0.0] Timeout 1
[   0.0] Timeout 1
[   0.0] Timeout 1
[   0.0] Timeout 1
[   0.0] Timeout 1
[   0.0] Timeout 1
[   0.0] Timeout 1
[   0.0] Timeout 1
[   0.0] Timeout 1
[   0.0] Timeout 1
[   0.0] Timeout 1
[   0.0] Timeout 1
[   0.0] Timeout 1
[   0.0] Timeout 1
[   0.0] Timeout 1
[   0.0] Timeout 1
[   0.0] Timeout 1
[   0.0] Timeout 1
[   0.0] Timeout 1
[   0.0] Timeout 1
[   0.0] Timeout 1
[   0.0] Timeout 1
[   0.0] Timeout 1
[   0.0] Timeout 1
[   0.0] Timeout 1
[   0.0] Timeout 1
[   0.0] Timeout 1
[   0.0] Timeout 1
[   0.0] Timeout 1
[   0.0] Timeout 1
[   0.0] Timeout 1
[   0.0] Timeout 1
[   0.0] Timeout 1
[   0.0] Timeout 1
[   0.0] Timeout 1
[   0.0] Timeout 1
[   0.0] Timeout 1
[   0.0] Timeout 1
[   0.0] Timeout 1
[   0.0] Timeout 1
[   0.0] Timeout 1
[   0.0] Timeout 1
[   0.0] Timeout 1
[   0.0] Timeout 1
[   0.0] Timeout 1
[   0.0] Timeout 1
[   0.0] Timeout 1
[   0.0] Timeout 1
[   0.0] Timeout 1
[   0.0] Timeout 1
[   0.0] Timeout 1
[   0.0] Timeout 1
[   0.0] Timeout 1
[   0.0] Timeout 1
[   0.0] Timeout 1
[   0.0] Timeout 1
[   0.0] Timeout 1
[   0.0] Timeout 1
[   0.0] Timeout 1
[   0.0] Timeout 1
[   0.0] Timeout 1
[   0.0] Timeout 1
[   0.0] Timeout 1
[   0.0] Timeout 1
[   0.0] Timeout 1
[   0.0] Timeout 1
[   0.0] Timeout 1
[   0.0] Timeout 1
[   0.0] Timeout 1
[   0.0] Timeout 1
[   0.0] Timeout 1
[   0.0] Timeout 1
[   0.0] Timeout 1
[   0.0] Timeout 1
[   0.0] Timeout 1
[   0.0] Timeout 1
[   0.0] Timeout 1
[   0.0] Timeout 1
[   0.0] Timeout 1
[   0.0] Timeout 1
[   0.0] Timeout 1
[   0.0] Timeout 1
[   0.0] Timeout 1
[   0.0] Timeout 1
[   0.0] Timeout 1
[   0.0] Timeout 1
[   0.0] Timeout 1
[   0.0] Timeout 1
[   0.0] Timeout 1
[   0.0] Timeout 1
[   0.0] Timeout 1
[   0.0] Timeout 1
[   0.0] Timeout 1
[   0.0] Timeout 1
[   0.0] Timeout 1
[   0.0] Timeout 1
[   0.0] Timeout 1
[   0.0] Timeout 1
[   0.0] Timeout 1
[   0.0] Timeout 1
[   0.0] Timeout 1
[   0.0] Timeout 1
[   0.0] Timeout 1
[   0.0] Timeout 1
[   0.0] Timeout 1
[   0.0] Timeout 1
[   0.0] Timeout 1
[   0.0] Timeout 1
[   0.0] Timeout 1
[   0.0] Timeout 1
[   0.0] Timeout 1
[   0.0] Timeout 1
[   0.0] Timeout 1
[   0.0] Timeout 1
[   0.0] Timeout 1
[   0.0] Timeout 1
[   0.0] Timeout 1
[   0.0] Timeout 1
[   0.0] Timeout 1
[   0.0] Timeout 1
[   0.0] Timeout 1
[   0.0] Timeout 1
[   0.0] Timeout 1
[   0.0] Timeout 1
[   0.0] Timeout 1
[   0.0] Timeout 1
[   0.0] Timeout 1
[   0.0] Timeout 1
[   0.0] Timeout 1
[   0.0] Timeout 1
[   0.0] Timeout 1
[   0.0] Timeout 1
[   0.0] Timeout 1
[   0.0] Timeout 1
[   0.0] Timeout 1
[   0.0] Timeout 1
[   0.0] Timeout 1
[   0.0] Timeout 1
[   0.0] Timeout 1
[   0.0] Timeout 1
[   0.0] Timeout 1
[   0.0] Timeout 1
[   0.0] Timeout 1
[   0.0] Timeout 1
[   0.0] Timeout 1
[   0.0] Timeout 1
[   0.0] Timeout 1
[   0.0] Timeout 1
[   0.0] Timeout 1
[   0.0] Timeout 1
[   0.0] Timeout 1
[   0.0] Timeout 1
[   0.0] Timeout 1
[   0.0] Timeout 1
[   0.0] Timeout 1
[   0.0] Timeout 1
[   0.0] Timeout 1
[   0.0] Timeout 1
[   0.0] Timeout 1
[   0.0] Timeout 1
[   0.0] Timeout 1
[   0.0] Timeout 1
[   0.0] Timeout 1
[   0.0] Timeout 1
[   0.0] Timeout 1
[   0.0] Timeout 1
[   0.0] Timeout 1
[   0.0] Timeout 1
[   0.0] Timeout 1
[   0.0] Timeout 1
[   0.0] Timeout 1
[   0.0] Timeout 1
[   0.0] Timeout 1
[   0.0] Timeout 1
[   0.0] Timeout 1
[   0.0] Timeout 1
[   0.0] Timeout 1
[   0.0] Timeout 1
[   0.0] Timeout 1
[   0.0] Timeout 1
[   0.0] Timeout 1
[   0.0] Timeout 1
[   0.0] Timeout 1
[   0.0] Timeout 1
[   0.0] Timeout 1
[   0.0] Timeout 1
[   0.0] Timeout 1
[   0.0] Timeout 1
[   0.0] Timeout 1
[   0.0] Timeout 1
[   0.0] Timeout 1
[   0.0] Timeout 1
[   0.0] Timeout 1
[   0.0] Timeout 1
[   0.0] Timeout 1
[   0.0] Timeout 1
[   0.0] Timeout 1
[   0.0] Timeout 1
[   0.0] Timeout 1
[   0.0] Timeout 1
[   0.0] Timeout 1
[   0.0] Timeout 1
[   0.0] Timeout 1
[   0.0] Timeout 1
[   0.0] Timeout 1
[   0.0] Timeout 1
[   0.0] Timeout 1
[   0.0] Timeout 1
[   0.0] Timeout 1
[   0.0] Timeout 1
[   0.0] Timeout 1
[   0.0] Timeout 1
[   0.0] Timeout 1
[   0.0] Timeout 1
[   0.0] Timeout 1
[   0.0] Timeout 1
[   0.0] Timeout 1
[   0.0] Timeout 1
[   0.0] Timeout 1
[   0.0] Timeout 1
[   0.0] Timeout 1
[   0.0] Timeout 1
[   0.0] Timeout 1
[   0.0] Timeout 1
[   0.0] Timeout 1
[   0.0] Timeout 1
[   0.0] Timeout 1
[   0.0] Timeout 1
[   0.0] Timeout 1
[   0.0] Timeout 1
[   0.0] Timeout 1
[   0.0] Timeout 1
[   0.0] Timeout 1
[   0.0] Timeout 1
[   0.0] Timeout 1
[   0.0] Timeout 1
[   0.0] Timeout 1
[   0.0] Timeout 1
[   0.0] Timeout 1
[   0.0] Timeout 1
[   0.0] Timeout 1
[   0.0] Timeout 1
[   0.0] Timeout 1
[   0.0] Timeout 1
[   0.0] Timeout 1
[   0.0] Timeout 1
[   0.0] Timeout 1
[   0.0] Timeout 1
[   0.0] Timeout 1
[   0.0] Timeout 1
[   0.0] Timeout 1
[   0.0] Timeout 1
[   0.0] Timeout 1
[   0.0] Timeout 1
[   0.0] Timeout 1
[   0.0] Timeout 1
[   0.0] Timeout 1
[   0.0] Timeout 1
[   0.0] Timeout 1
[   0.0] Timeout 1
[   0.0] Timeout 1
[   0.0] Timeout 1
[   0.0] Timeout 1
[   0.0] Timeout 1
[   0.0] Timeout 1
[   0.0] Timeout 1
[   0.0] Timeout 1
[   0.0] Timeout 1
[   0.0] Timeout 1
[   0.0] Timeout 1
[   0.0] Timeout 1
[   0.0] Timeout 1
[   0.0] Timeout 1
[   0.0] Timeout 1
[   0.0] Timeout 1
[   0.0] Timeout 1
[   0.0] Timeout 1
[   0.0] Timeout 1
[   0.0] Timeout 1
[   0.0] Timeout 1
[   0.0] Timeout 1
[   0.0] Timeout 1
[   0.0] Timeout 1
[   0.0] Timeout 1
[   0.0] Timeout 1
[   0.0] Timeout 1
[   0.0] Timeout 1
[   0.0] Timeout 1
[   0.0] Timeout 1
[   0.0] Timeout 1
[   0.0] Timeout 1
[   0.0] Timeout 1
[   0.0] Timeout 1
[   0.0] Timeout 1
[   0.0] Timeout 1
[   0.0] Timeout 1
[   0.0] Timeout 1
[   0.0] Timeout 1
[   0.0] Timeout 1
[   0.0] Timeout 1
[   0.0] Timeout 1
[   0.0] Timeout 1
[   0.0] Timeout 1
[   0.0] Timeout 1
[   0.0] Timeout 1
[   0.0] Timeout 1
[   0.0] Timeout 1
[   0.0] Timeout 1
[   0.0] Timeout 1
[   0.0] Timeout 1
[   0.0] Timeout 1
[   0.0] Timeout 1
[   0.0] Timeout 1
[   0.0] Timeout 1
[   0.0] Timeout 1
[   0.0] Timeout 1
[   0.0] Timeout 1
[   0.0] Timeout 1
[   0.0] Timeout 1
[   0.0] Timeout 1
[   0.0] Timeout 1
[   0.0] Timeout 1
[   0.0] Timeout 1
[   0.0] Timeout 1
[   0.0] Timeout 1
[   0.0] Timeout 1
[   0.0] Timeout 1
[   0.0] Timeout 1
[   0.0] Timeout 1
[   0.0] Timeout 1
[   0.0] Timeout 1
[   0.0] Timeout 1
[   0.0] Timeout 1
[   0.0] Timeout 1
[   0.0] Timeout 1
[   0.0] Timeout 1
[   0.0] Timeout 1
[   0.0] Timeout 1
[   0.0] Timeout 1
[   0.0] Timeout 1
[   0.0] Timeout 1
[   0.0] Timeout 1
[   0.0] Timeout 1
[   0.0] Timeout 1
[   0.0] Timeout 1
[   0.0] Timeout 1
[   0.0] Timeout 1
[   0.0] Timeout 1
[   0.0] Timeout 1
[   0.0] Timeout 1
[   0.0] Timeout 1
[   0.0] Timeout 1
[   0.0] Timeout 1
[   0.0] Timeout 1
[   0.0] Timeout 1
[   0.0] Timeout 1
[   0.0] Timeout 1
[   0.0] Timeout 1
[   0.0] Timeout 1
[   0.0] Timeout 1
[   0.0] Timeout 1
[   0.0] Timeout 1
[   0.0] Timeout 1
[   0.0] Timeout 1
[   0.0] Timeout 1
[   0.0] Timeout 1
[   0.0] Timeout 1
[   0.0] Timeout 1
[   0.0] Timeout 1
[   0.0] Timeout 1
[   0.0] Timeout 1
[   0.0] Timeout 1
[   0.0] Timeout 1
[   0.0] Timeout 1
[   0.0] Timeout 1
[   0.0] Timeout 1
[   0.0] Timeout 1
[   0.0] Timeout 1
[   0.0] Timeout 1
[   0.0] Timeout 1
[   0.0] Timeout 1
[   0.0] Timeout 1
[   0.0] Timeout 1
[   0.0] Timeout 1
[   0.0] Timeout 1
[   0.0] Timeout 1
[   0.0] Timeout 1
[   0.0] Timeout 1
[   0.0] Timeout 1
[   0.0] Timeout 1
[   0.0] Timeout 1
[   0.0] Timeout 1
[   0.0] Timeout 1
[   0.0] Timeout 1
[   0.0] Timeout 1
[   0.0] Timeout 1
[   0.0] Timeout 1
[   0.0] Timeout 1
[   0.0] Timeout 1
[   0.0] Timeout 1
[   0.0] Timeout 1
[   0.0] Timeout 1
[   0.0] Timeout 1
[   0.0] Timeout 1
[   0.0] Timeout 1
[   0.0] Timeout 1
[   0.0] Timeout 1
[   0.0] Timeout 1
[   0.0] Timeout 1
[   0.0] Timeout 1
[   0.0] Timeout 1
[   0.0] Timeout 1
[   0.0] Timeout 1
[   0.0] Timeout 1
[   0.0] Timeout 1
[   0.0] Timeout 1
[   0.0] Timeout 1
[   0.0] Timeout 1
[   0.0] Timeout 1
[   0.0] Timeout 1
[   0.0] Timeout 1
[   0.0] Timeout 1
[   0.0] Timeout 1
[   0.0] Timeout 1
[   0.0] Timeout 1
[   0.0] Timeout 1
[   0.0] Timeout 1
[   0.0] Timeout 1
[   0.0] Timeout 1
[   0.0] Timeout 1
[   0.0] Timeout 1
[   0.0] Timeout 1
[   0.0] Timeout 1
[   0.0] Timeout 1
[   0.0] Timeout 1
[   0.0] Timeout 1
[   0.0] Timeout 1
[   0.0] Timeout 1
[   0.0] Timeout 1
[   0.0] Timeout 1
[   0.0] Timeout 1
[   0.0] Timeout 1
[   0.0] Timeout 1
[   0.0] Timeout 1
[   0.0] Timeout 1
[   0.0] Timeout 1
[   0.0] Timeout 1
[   0.0] Timeout 1
[   0.0] Timeout 1
[   0.0] Timeout 1
[   0.0] Timeout 1
[   0.0] Timeout 1
[   0.0] Timeout 1
[   0.0] Timeout 1
[   0.0] Timeout 1
[   0.0] Timeout 1
[   0.0] Timeout 1
[   0.0] Timeout 1
[   0.0] Timeout 1
[   0.0] Timeout 1
[   0.0] Timeout 1
[   0.0] Timeout 1
[   0.0] Timeout 1
[   0.0] Timeout 1
[   0.0] Timeout 1
[   0.0] Timeout 1
[   0.0] Timeout 1
[   0.0] Timeout 1
[   0.0] Timeout 1
[   0.0] Timeout 1
[   0.0] Timeout 1
[   0.0] Timeout 1
[   0.0] Timeout 1
[   0.0] Timeout 1
[   0.0] Timeout 1
[   0.0] Timeout 1
[   0.0] Timeout 1
[   0.0] Timeout 1
[   0.0] Timeout 1
[   0.0] Timeout 1
[   0.0] Timeout 1
[   0.0] Timeout 1
[   0.0] Timeout 1
[   0.0] Timeout 1
[   0.0] Timeout 1
[   0.0] Timeout 1
[   0.0] Timeout 1
[   0.0] Timeout 1
[   0.0] Timeout 1
[   0.0] Timeout 1
[   0.0] Timeout 1
[   0.0] Timeout 1
[   0.0] Timeout 1
[   0.0] Timeout 1
[   0.0] Timeout 1
[   0.0] Timeout 1
[   0.0] Timeout 1
[   0.0] Timeout 1
[   0.0] Timeout 1
[   0.0] Timeout 1
[   0.0] Timeout 1
[   0.0] Timeout 1
[   0.0] Timeout 1
[   0.0] Timeout 1
[   0.0] Timeout 1
[   0.0] Timeout 1
[   0.0] Timeout 1
[   0.0] Timeout 1
[   0.0] Timeout 1
[   0.0] Timeout 1
[   0.0] Timeout 1
[   0.0] Timeout 1
[   0.0] Timeout 1
[   0.0] Timeout 1
[   0.0] Timeout 1
[   0.0] Timeout 1
[   0.0] Timeout 1
[   0.0] Timeout 1
[   0.0] Timeout 1
[   0.0] Timeout 1
[   0.0] Timeout 1
[   0.0] Timeout 1
[   0.0] Timeout 1
[   0.0] Timeout 1
[   0.0] Timeout 1
[   0.0] Timeout 1
[   0.0] Timeout 1
[   0.0] Timeout 1
[   0.0] Timeout 1
[   0.0] Timeout 1
[   0.0] Timeout 1
[   0.0] Timeout 1
[   0.0] Timeout 1
[   0.0] Timeout 1
[   0.0] Timeout 1
[   0.0] Timeout 1
[   0.0] Timeout 1
[   0.0] Timeout 1
[   0.0] Timeout 1
[   0.0] Timeout 1
[   0.0] Timeout 1
[   0.0] Timeout 1
[   0.0] Timeout 1
[   0.0] Timeout 1
[   0.0] Timeout 1
[   0.0] Timeout 1
[   0.0] Timeout 1
[   0.0] Timeout 1
[   0.0] Timeout 1
[   0.0] Timeout 1
[   0.0] Timeout 1
[   0.0] Timeout 1
[   0.0] Timeout 1
[   0.0] Timeout 1
[   0.0] Timeout 1
[   0.0] Timeout 1
[   0.0] Timeout 1
[   0.0] Timeout 1
[   0.0] Timeout 1
[   0.0] Timeout 1
[   0.0] Timeout 1
[   0.0] Timeout 1
[   0.0] Timeout 1
[   0.0] Timeout 1
[   0.0] Timeout 1
[   0.0] Timeout 1
[   0.0] Timeout 1
[   0.0] Timeout 1
[   0.0] Timeout 1
[   0.0] Timeout 1
[   0.0] Timeout 1
[   0.0] Timeout 1
[   0.0] Timeout 1
[   0.0] Timeout 1
[   0.0] Timeout 1
[   0.0] Timeout 1
[   0.0] Timeout 1
[   0.0] Timeout 1
[   0.0] Timeout 1
[   0.0] Timeout 1
[   0.0] Timeout 1
[   0.0] Timeout 1
[   0.0] Timeout 1
[   0.0] Timeout 1
[   0.0] Timeout 1
[   0.0] Timeout 1
[   0.0] Timeout 1
[   0.0] Timeout 1
[   0.0] Timeout 1
[   0.0] Timeout 1
[   0.0] Timeout 1
[   0.0] Timeout 1
[   0.0] Timeout 1
[   0.0] Timeout 1
[   0.0] Timeout 1
[   0.0] Timeout 1
[   0.0] Timeout 1
[   0.0] Timeout 1
[   0.0] Timeout 1
[   0.0] Timeout 1
[   0.0] Timeout 1
[   0.0] Timeout 1
[   0.0] Timeout 1
[   0.0] Timeout 1
[   0.0] Timeout 1
[   0.0] Timeout 1
[   0.0] Timeout 1
[   0.0] Timeout 1
[   0.0] Timeout 1
[   0.0] Timeout 1
[   0.0] Timeout 1
[   0.0] Timeout 1
[   0.0] Timeout 1
[   0.0] Timeout 1
[   0.0] Timeout 1
[   0.0] Timeout 1
[   0.0] Timeout 1
[   0.0] Timeout 1
[   0.0] Timeout 1
[   0.0] Timeout 1
[   0.0] Timeout 1
[   0.0] Timeout 1
[   0.0] Timeout 1
[   0.0] Timeout 1
[   0.0] Timeout 1
[   0.0] Timeout 1
[   0.0] Timeout 1
[   0.0] Timeout 1
[   0.0] Timeout 1
[   0.0] Timeout 1
[   0.0] Timeout 1
[   0.0] Timeout 1
[   0.0] Timeout 1
[   0.0] Timeout 1
[   0.0] Timeout 1
[   0.0] Timeout 1
[   0.0] Timeout 1
[   0.0] Timeout 1
[   0.0] Timeout 1
[   0.0] Timeout 1
[   0.0] Timeout 1
[   0.0] Timeout 1
[   0.0] Timeout 1
[   0.0] Timeout 1
[   0.0] Timeout 1
[   0.0] Timeout 1
[   0.0] Timeout 1
[   0.0] Timeout 1
[   0.0] Timeout 1
[   0.0] Timeout 1
[   0.0] Timeout 1
[   0.0] Timeout 1
[   0.0] Timeout 1
[   0.0] Timeout 1
[   0.0] Timeout 1
[   0.0] Timeout 1
[   0.0] Timeout 1
[   0.0] Timeout 1
[   0.0] Timeout 1
[   0.0] Timeout 1
[   0.0] Timeout 1
[   0.0] Timeout 1
[   0.0] Timeout 1
[   0.0] Timeout 1
[   0.0] Timeout 1
[   0.0] Timeout 1
[   0.0] Timeout 1
[   0.0] Timeout 1
[   0.0] Timeout 1
[   0.0] Timeout 1
[   0.0] Timeout 1
[   0.0] Timeout 1
[   0.0] Timeout 1
[   0.0] Timeout 1
[   0.0] Timeout 1
[   0.0] Timeout 1
[   0.0] Timeout 1
[   0.0] Timeout 1
[   0.0] Timeout 1
[   0.0] Timeout 1
[   0.0] Timeout 1
[   0.0] Timeout 1
[   0.0] Timeout 1
[   0.0] Timeout 1
[   0.0] Timeout 1
[   0.0] Timeout 1
[   0.0] Timeout 1
[   0.0] Timeout 1
[   0.0] Timeout 1
[   0.0] Timeout 1
[   0.0] Timeout 1
[   0.0] Timeout 1
[   0.0] Timeout 1
[   0.0] Timeout 1
[   0.0] Timeout 1
[   0.0] Timeout 1
[   0.0] Timeout 1
[   0.0] Timeout 1
[   0.0] Timeout 1
[   0.0] Timeout 1
[   0.0] Timeout 1
[   0.0] Timeout 1
[   0.0] Timeout 1
[   0.0] Timeout 1
[   0.0] Timeout 1
[   0.0] Timeout 1
[   0.0] Timeout 1
[   0.0] Timeout 1
[   0.0] Timeout 1
[   0.0] Timeout 1
[   0.0] Timeout 1
[   0.0] Timeout 1
[   0.0] Timeout 1
[   0.0] Timeout 1
[   0.0] Timeout 1
[   0.0] Timeout 1
[   0.0] Timeout 1
[   0.0] Timeout 1
[   0.0] Timeout 1
[   0.0] Timeout 1
[   0.0] Timeout 1
[   0.0] Timeout 1
[   0.0] Timeout 1
[   0.0] Timeout 1
[   0.0] Timeout 1
[   0.0] Timeout 1
[   0.0] Timeout 1
[   0.0] Timeout 1
[   0.0] Timeout 1
[   0.0] Timeout 1
[   0.0] Timeout 1
[   0.0] Timeout 1
[   0.0] Timeout 1
[   0.0] Timeout 1
[   0.0] Timeout 1
[   0.0] Timeout 1
[   0.0] Timeout 1
[   0.0] Timeout 1
[   0.0] Timeout 1
[   0.0] Timeout 1
[   0.0] Timeout 1
[   0.0] Timeout 1
[   0.0] Timeout 1
[   0.0] Timeout 1
[   0.0] Timeout 1
[   0.0] Timeout 1
[   0.0] Timeout 1
[   0.0] Timeout 1
[   0.0] Timeout 1
[   0.0] Timeout 1
[   0.0] Timeout 1
[   0.0] Timeout 1
[   0.0] Timeout 1
[   0.0] Timeout 1
[   0.0] Timeout 1
[   0.0] Timeout 1
[   0.0] Timeout 1
[   0.0] Timeout 1
[   0.0] Timeout 1
[   0.0] Timeout 1
[   0.0] Timeout 1
[   0.0] Timeout 1
[   0.0] Timeout 1
[   0.0] Timeout 1
[   0.0] Timeout 1
[   0.0] Timeout 1
[   0.0] Timeout 1
[   0.0] Timeout 1
[   0.0] Timeout 1
[   0.0] Timeout 1
[   0.0] Timeout 1
[   0.0] Timeout 1
[   0.0] Timeout 1
[   0.0] Timeout 1
[   0.0] Timeout 1
[   0.0] Timeout 1
[   0.0] Timeout 1
[   0.0] Timeout 1
[   0.0] Timeout 1
[   0.0] Timeout 1
[   0.0] Timeout 1
[   0.0] Timeout 1
[   0.0] Timeout 1
[   0.0] Timeout 1
[   0.0] Timeout 1
[   0.0] Timeout 1
[   0.0] Timeout 1
[   0.0] Timeout 1
[   0.0] Timeout 1
[   0.0] Timeout 1
[   0.0] Timeout 1
[   0.0] Timeout 1
[   0.0] Timeout 1
[   0.0] Timeout 1
[   0.0] Timeout 1
[   0.0] Timeout 1
[   0.0] Timeout 1
[   0.0] Timeout 1
[   0.0] Timeout 1
[   0.0] Timeout 1
[   0.0] Timeout 1
[   0.0] Timeout 1
[   0.0] Timeout 1
[   0.0] Timeout 1
[   0.0] Timeout 1
[   0.0] Timeout 1
[   0.0] Timeout 1
[   0.0] Timeout 1
[   0.0] Timeout 1
[   0.0] Timeout 1
[   0.0] Timeout 1
[   0.0] Timeout 1
[   0.0] Timeout 1
[   0.0] Timeout 1
[   0.0] Timeout 1
[   0.0] Timeout 1
[   0.0] Timeout 1
[   0.0] Timeout 1
[   0.0] Timeout 1
[   0.0] Timeout 1
[   0.0] Timeout 1
[   0.0] Timeout 1
[   0.0] Timeout 1
[   0.0] Timeout 1
[   0.0] Timeout 1
[   0.0] Timeout 1
[   0.0] Timeout 1
[   0.0] Timeout 1
[   0.0] Timeout 1
[   0.0] Timeout 1
[   0.0] Timeout 1
[   0.0] Timeout 1
[   0.0] Timeout 1
[   0.0] Timeout 1
[   0.0] Timeout 1
[   0.0] Timeout 1
[   0.0] Timeout 1
[   0.0] Timeout 1
[   0.0] Timeout 1
[   0.0] Timeout 1
[   0.0] Timeout 1
[   0.0] Timeout 1
[   0.0] Timeout 1
[   0.0] Timeout 1
[   0.0] Timeout 1
[   0.0] Timeout 1
[   0.0] Timeout 1
[   0.0] Timeout 1
[   0.0] Timeout 1
[   0.0] Timeout 1
[   0.0] Timeout 1
[   0.0] Timeout 1
[   0.0] Timeout 1
[   0.0] Timeout 1
[   0.0] Timeout 1
[   0.0] Timeout 1
[   0.0] Timeout 1
[   0.0] Timeout 1
[   0.0] Timeout 1
[   0.0] Timeout 1
[   0.0] Timeout 1
[   0.0] Timeout 1
[   0.0] Timeout 1
[   0.0] Timeout 1
[   0.0] Timeout 1
[   0.0] Timeout 1
[   0.0] Timeout 1
[   0.0] Timeout 1
[   0.0] Timeout 1
[   0.0] Timeout 1
[   0.0] Timeout 1
[   0.0] Timeout 1
[   0.0] Timeout 1
[   0.0] Timeout 1
[   0.0] Timeout 1
[   0.0] Timeout 1
[   0.0] Timeout 1
[   0.0] Timeout 1
[   0.0] Timeout 1
[   0.0] Timeout 1
[   0.0] Timeout 1
[   0.0] Timeout 1
[   0.0] Timeout 1
[   0.0] Timeout 1
[   0.0] Timeout 1
[   0.0] Timeout 1
[   0.0] Timeout 1
[   0.0] Timeout 1
[   0.0] Timeout 1
[   0.0] Timeout 1
[   0.0] Timeout 1
[   0.0] Timeout 1
[   0.0] Timeout 1
[   0.0] Timeout 1
[   0.0] Timeout 1
[   0.0] Timeout 1
[   0.0] Timeout 1
[   0.0] Timeout 1
[   0.0] Timeout 1
[   0.0] Timeout 1
[   0.0] Timeout 1
[   0.0] Timeout 1
[   0.0] Timeout 1
[   0.0] Timeout 1
[   0.0] Timeout 1
[   0.0] Timeout 1
[   0.0] Timeout 1
[   0.0] Timeout 1
[   0.0] Timeout 1
[   0.0] Timeout 1
[   0.0] Timeout 1
[   0.0] Timeout 1
[   0.0] Timeout 1
[   0.0] Timeout 1
[   0.0] Timeout 1
[   0.0] Timeout 1
[   0.0] Timeout 1
[   0.0] Timeout 1
[   0.0] Timeout 1
[   0.0] Timeout 1
[   0.0] Timeout 1
[   0.0] Timeout 1
[   0.0] Timeout 1
[   0.0] Timeout 1
[   0.0] Timeout 1
[   0.0] Timeout 1
[   0.0] Timeout 1
[   0.0] Timeout 1
[   0.0] Timeout 1
[   0.0] Timeout 1
[   0.0] Timeout 1
[   0.0] Timeout 1
[   0.0] Timeout 1
[   0.0] Timeout 1
[   0.0] Timeout 1
[   0.0] Timeout 1
[   0.0] Timeout 1
[   0.0] Timeout 1
[   0.0] Timeout 1
[   0.0] Timeout 1
[   0.0] Timeout 1
[   0.0] Timeout 1
[   0.0] Timeout 1
[   0.0] Timeout 1
[   0.0] Timeout 1
[   0.0] Timeout 1
[   0.0] Timeout 1
[   0.0] Timeout 1
[   0.0] Timeout 1
[   0.0] Timeout 1
[   0.0] Timeout 1
[   0.0] Timeout 1
[   0.0] Timeout 1
[   0.0] Timeout 1
[   0.0] Timeout 1
[   0.0] Timeout 1
[   0.0] Timeout 1
[   0.0] Timeout 1
[   0.0] Timeout 1
[   0.0] Timeout 1
[   0.0] Timeout 1
[   0.0] Timeout 1
[   0.0] Timeout 1
[   0.0] Timeout 1
[   0.0] Timeout 1
[   0.0] Timeout 1
[   0.0] Timeout 1
[   0.0] Timeout 1
[   0.0] Timeout 1
[   0.0] Timeout 1
[   0.0] Timeout 1
[   0.0] Timeout 1
[   0.0] Timeout 1
[   0.0] Timeout 1
[   0.0] Timeout 1
[   0.0] Timeout 1
[   0.0] Timeout 1
[   0.0] Timeout 1
[   0.0] Timeout 1
[   0.0] Timeout 1
[   0.0] Timeout 1
[   0.0] Timeout 1
[   0.0] Timeout 1
[   0.0] Timeout 1
[   0.0] Timeout 1
[   0.0] Timeout 1
[   0.0] Timeout 1
[   0.0] Timeout 1
[   0.0] Timeout 1
[   0.0] Timeout 1
[   0.0] Timeout 1
[   0.0] Timeout 1
[   0.0] Timeout 1
[   0.0] Timeout 1
[   0.0] Timeout 1
[   0.0] Timeout 1
[   0.0] Timeout 1
[   0.0] Timeout 1
[   0.0] Timeout 1
[   0.0] Timeout 1
[   0.0] Timeout 1
[   0.0] Timeout 1
[   0.0] Timeout 1
[   0.0] Timeout 1
[   0.0] Timeout 1
[   0.0] Timeout 1
[   0.0] Timeout 1
[   0.0] Timeout 1
[   0.0] Timeout 1
[   0.0] Timeout 1
[   0.0] Timeout 1
[   0.0] Timeout 1
[   0.0] Timeout 1
[   0.0] Timeout 1
[   0.0] Timeout 1
[   0.0] Timeout 1
[   0.0] Timeout 1
[   0.0] Timeout 1
[   0.0] Timeout 1
[   0.0] Timeout 1
[   0.0] Timeout 1
[   0.0] Timeout 1
[   0.0] Timeout 1
[   0.0] Timeout 1
[   0.0] Timeout 1
[   0.0] Timeout 1
[   0.0] Timeout 1
[   0.0] Timeout 1
[   0.0] Timeout 1
[   0.0] Timeout 1
[   0.0] Timeout 1
[   0.0] Timeout 1
[   0.0] Timeout 1
[   0.0] Timeout 1
[   0.0] Timeout 1
[   0.0] Timeout 1
[   0.0] Timeout 1
[   0.0] Timeout 1
[   0.0] Timeout 1
[   0.0] Timeout 1
[   0.0] Timeout 1
[   0.0] Timeout 1
[   0.0] Timeout 1
[   0.0] Timeout 1
[   0.0] Timeout 1
[   0.0] Timeout 1
[   0.0] Timeout 1
[   0.0] Timeout 1
[   0.0] Timeout 1
[   0.0] Timeout 1
[   0.0] Timeout 1
[   0.0] Timeout 1
[   0.0] Timeout 1
[   0.0] Timeout 1
[   0.0] Timeout 1
[   0.0] Timeout 1
[   0.0] Timeout 1
[   0.0] Timeout 1
[   0.0] Timeout 1
[   0.0] Timeout 1
[   0.0] Timeout 1
[   0.0] Timeout 1
[   0.0] Timeout 1
[   0.0] Timeout 1
[   0.0] Timeout 1
[   0.0] Timeout 1
[   0.0] Timeout 1
[   0.0] Timeout 1
[   0.0] Timeout 1
[   0.0] Timeout 1
[   0.0] Timeout 1
[   0.0] Timeout 1
[   0.0] Timeout 1
[   0.0] Timeout 1
[   0.0] Timeout 1
[   0.0] Timeout 1
[   0.0] Timeout 1
[   0.0] Timeout 1
[   0.0] Timeout 1
[   0.0] Timeout 1
[   0.0] Timeout 1
[   0.0] Timeout 1
[   0.0] Timeout 1
[   0.0] Timeout 1
[   0.0] Timeout 1
[   0.0] Timeout 1
[   0.0] Timeout 1
[   0.0] Timeout 1
[   0.0] Timeout 1
[   0.0] Timeout 1
[   0.0] Timeout 1
[   0.0] Timeout 1
[   0.0] Timeout 1
[   0.0] Timeout 1
[   0.0] Timeout 1
[   0.0] Timeout 1
[   0.0] Timeout 1
[   0.0] Timeout 1
[   0.0] Timeout 1
[   0.0] Timeout 1
[   0.0] Timeout 1
[   0.0] Timeout 1
[   0.0] Timeout 1
[   0.0] Timeout 1
[   0.0] Timeout 1
[   0.0] Timeout 1
[   0.0] Timeout 1
[   0.0] Timeout 1
[   0.0] Timeout 1
[   0.0] Timeout 1
[   0.0] Timeout 1
[   0.0] Timeout 1
[   0.0] Timeout 1
[   0.0] Timeout 1
[   0.0] Timeout 1
[   0.0] Timeout 1
[   0.0] Timeout 1
[   0.0] Timeout 1
[   0.0] Timeout 1
[   0.0] Timeout 1
[   0.0] Timeout 1
[   0.0] Timeout 1
[   0.0] Timeout 1
[   0.0] Timeout 1
[   0.0] Timeout 1
[   0.0] Timeout 1
[   0.0] Timeout 1
[   0.0] Timeout 1
[   0.0] Timeout 1
[   0.0] Timeout 1
[   0.0] Timeout 1
[   0.0] Timeout 1
[   0.0] Timeout 1
[   0.0] Timeout 1
[   0.0] Timeout 1
[   0.0] Timeout 1
[   0.0] Timeout 1
[   0.0] Timeout 1
[   0.0] Timeout 1
[   0.0] Timeout 1
[   0.0] Timeout 1
[   0.0] Timeout 1
[   0.0] Timeout 1
[   0.0] Timeout 1
[   0.0] Timeout 1
[   0.0] Timeout 1
[   0.0] Timeout 1
[   0.0] Timeout 1
[   0.0] Timeout 1
[   0.0] Timeout 1
[   0.0] Timeout 1
[   0.0] Timeout 1
[   0.0] Timeout 1
[   0.0] Timeout 1
[   0.0] Timeout 1
[   0.0] Timeout 1
[   0.0] Timeout 1
[   0.0] Timeout 1
[   0.0] Timeout 1
[   0.0] Timeout 1
[   0.0] Timeout 1
[   0.0] Timeout 1
[   0.0] Timeout 1
[   0.0] Timeout 1
[   0.0] Timeout 1
[   0.0] Timeout 1
[   0.0] Timeout 1
[   0.0] Timeout 1
[   0.0] Timeout 1
[   0.0] Timeout 1
[   0.0] Timeout 1
[   0.0] Timeout 1
[   0.0] Timeout 1
[   0.0] Timeout 1
[   0.0] Timeout 1
[   0.0] Timeout 1
[   0.0] Timeout 1
[   0.0] Timeout 1
[   0.0] Timeout 1
[   0.0] Timeout 1
[   0.0] Timeout 1
[   0.0] Timeout 1
[   0.0] Timeout 1
[   0.0] Timeout 1
[   0.0] Timeout 1
[   0.0] Timeout 1
[   0.0] Timeout 1
[   0.0] Timeout 1
[   0.0] Timeout 1
[   0.0] Timeout 1
[   0.0] Timeout 1
[   0.0] Timeout 1
[   0.0] Timeout 1
[   0.0] Timeout 1
[   0.0] Timeout 1
[   0.0] Timeout 1
[   0.0] Timeout 1
[   0.0] Timeout 1
[   0.0] Timeout 1
[   0.0] Timeout 1
[   0.0] Timeout 1
[   0.0] Timeout 1
[   0.0] Timeout 1
[   0.0] Timeout 1
[   0.0] Timeout 1
[   0.0] Timeout 1
[   0.0] Timeout 1
[   0.0] Timeout 1
[   0.0] Timeout 1
[   0.0] Timeout 1
[   0.0] Timeout 1
[   0.0] Timeout 1
[   0.0] Timeout 1
[   0.0] Timeout 1
[   0.0] Timeout 1
[   0.0] Timeout 1
[   0.0] Timeout 1
[   0.0] Timeout 1
[   0.0] Timeout 1
[   0.0] Timeout 1
[   0.0] Timeout 1
[   0.0] Timeout 1
[   0.0] Timeout 1
[   0.0] Timeout 1
[   0.0] Timeout 1
[   0.0] Timeout 1
[   0.0] Timeout 1
[   0.0] Timeout 1
[   0.0] Timeout 1
[   0.0] Timeout 1
[   0.0] Timeout 1
[   0.0] Timeout 1
[   0.0] Timeout 1
[   0.0] Timeout 1
[   0.0] Timeout 1
[   0.0] Timeout 1
[   0.0] Timeout 1
[   0.0] Timeout 1
[   0.0] Timeout 1
[   0.0] Timeout 1
[   0.0] Timeout 1
[   0.0] Timeout 1
[   0.0] Timeout 1
[   0.0] Timeout 1
[   0.0] Timeout 1
[   0.0] Timeout 1
[   0.0] Timeout 1
[   0.0] Timeout 1
[   0.0] Timeout 1
[   0.0] Timeout 1
[   0.0] Timeout 1
[   0.0] Timeout 1
[   0.0] Timeout 1
[   0.0] Timeout 1
[   0.0] Timeout 1
[   0.0] Timeout 1
[   0.0] Timeout 1
[   0.0] Timeout 1
[   0.0] Timeout 1
[   0.0] Timeout 1
[   0.0] Timeout 1
[   0.0] Timeout 1
[   0.0] Timeout 1
[   0.0] Timeout 1
[   0.0] Timeout 1
[   0.0] Timeout 1
[   0.0] Timeout 1
[   0.0] Timeout 1
[   0.0] Timeout 1
[   0.0] Timeout 1
[   0.0] Timeout 1
[   0.0] Timeout 1
[   0.0] Timeout 1
[   0.0] Timeout 1
[   0.0] Timeout 1
[   0.0] Timeout 1
[   0.0] Timeout 1
[   0.0] Timeout 1
[   0.0] Timeout 1
[   0.0] Timeout 1
[   0.0] Timeout 1
[   0.0] Timeout 1
[   0.0] Timeout 1
[   0.0] Timeout 1
[   0.0] Timeout 1
[   0.0] Timeout 1
[   0.0] Timeout 1
[   0.0] Timeout 1
[   0.0] Timeout 1
[   0.0] Timeout 1
[   0.0] Timeout 1
[   0.0] Timeout 1
[   0.0] Timeout 1
[   0.0] Timeout 1
[   0.0] Timeout 1
[   0.0] Timeout 1
[   0.0] Timeout 1
[   0.0] Timeout 1
[   0.0] Timeout 1
[   0.0] Timeout 1
[   0.0] Timeout 1
[   0.0] Timeout 1
[   0.0] Timeout 1
[   0.0] Timeout 1
[   0.0] Timeout 1
[   0.0] Timeout 1
[   0.0] Timeout 1
[   0.0] Timeout 1
[   0.0] Timeout 1
[   0.0] Timeout 1
[   0.0] Timeout 1
[   0.0] Timeout 1
[   0.0] Timeout 1
[   0.0] Timeout 1
[   0.0] Timeout 1
[   0.0] Timeout 1
[   0.0] Timeout 1
[   0.0] Timeout 1
[   0.0] Timeout 1
[   0.0] Timeout 1
[   0.0] Timeout 1
[   0.0] Timeout 1
[   0.0] Timeout 1
[   0.0] Timeout 1
[   0.0] Timeout 1
[   0.0] Timeout 1
[   0.0] Timeout 1
[   0.0] Timeout 1
[   0.0] Timeout 1
[   0.0] Timeout 1
[   0.0] Timeout 1
[   0.0] Timeout 1
[   0.0] Timeout 1
[   0.0] Timeout 1
[   0.0] Timeout 1
[   0.0] Timeout 1
[   0.0] Timeout 1
[   0.0] Timeout 1
[   0.0] Timeout 1
[   0.0] Timeout 1
[   0.0] Timeout 1
[   0.0] Timeout 1
[   0.0] Timeout 1
[   0.0] Timeout 1
[   0.0] Timeout 1
[   0.0] Timeout 1
[   0.0] Timeout 1
[   0.0] Timeout 1
[   0.0] Timeout 1
[   0.0] Timeout 1
[   0.0] Timeout 1
[   0.0] Timeout 1
[   0.0] Timeout 1
[   0.0] Timeout 1
[   0.0] Timeout 1
[   0.0] Timeout 1
[   0.0] Timeout 1
[   0.0] Timeout 1
[   0.0] Timeout 1
[   0.0] Timeout 1
[   0.0] Timeout 1
[   0.0] Timeout 1
[   0.0] Timeout 1
[   0.0] Timeout 1
[   0.0] Timeout 1
[   0.0] Timeout 1
[   0.0] Timeout 1
[   0.0] Timeout 1
[   0.0] Timeout 1
[   0.0] Timeout 1
[   0.0] Timeout 1
[   0.0] Timeout 1
[   0.0] Timeout 1
[   0.0] Timeout 1
[   0.0] Timeout 1
[   0.0] Timeout 1
[   0.0] Timeout 1
[   0.0] Timeout 1
[   0.0] Timeout 1
[   0.0] Timeout 1
[   0.0] Timeout 1
[   0.0] Timeout 1
[   0.0] Timeout 1
[   0.0] Timeout 1
[   0.0] Timeout 1
[   0.0] Timeout 1
[   0.0] Timeout 1
[   0.0] Timeout 1
[   0.0] Timeout 1
[   0.0] Timeout 1
[   0.0] Timeout 1
[   0.0] Timeout 1
[   0.0] Timeout 1
[   0.0] Timeout 1
[   0.0] Timeout 1
[   0.0] Timeout 1
[   0.0] Timeout 1
[   0.0] Timeout 1
[   0.0] Timeout 1
[   0.0] Timeout 1
[   0.0] Timeout 1
[   0.0] Timeout 1
[   0.0] Timeout 1
[   0.0] Timeout 1
[   0.0] Timeout 1
[   0.0] Timeout 1
[   0.0] Timeout 1
[   0.0] Timeout 1
[   0.0] Timeout 1
[   0.0] Timeout 1
[   0.0] Timeout 1
[   0.0] Timeout 1
[   0.0] Timeout 1
[   0.0] Timeout 1
[   0.0] Timeout 1
[   0.0] Timeout 1
[   0.0] Timeout 1
[   0.0] Timeout 1
[   0.0] Timeout 1
[   0.0] Timeout 1
[   0.0] Timeout 1
[   0.0] Timeout 1
[   0.0] Timeout 1
[   0.0] Timeout 1
[   0.0] Timeout 1
[   0.0] Timeout 1
[   0.0] Timeout 1
[   0.0] Timeout 1
[   0.0] Timeout 1
[   0.0] Timeout 1
[   0.0] Timeout 1
[   0.0] Timeout 1
[   0.0] Timeout 1
[   0.0] Timeout 1
[   0.0] Timeout 1
[   0.0] Timeout 1
[   0.0] Timeout 1
[   0.0] Timeout 1
[   0.0] Timeout 1
[   0.0] Timeout 1
[   0.0] Timeout 1
[   0.0] Timeout 1
[   0.0] Timeout 1
[   0.0] Timeout 1
[   0.0] Timeout 1
[   0.0] Timeout 1
[   0.0] Timeout 1
[   0.0] Timeout 1
[   0.0] Timeout 1
[   0.0] Timeout 1
[   0.0] Timeout 1
[   0.0] Timeout 1
[   0.0] Timeout 1
[   0.0] Timeout 1
[   0.0] Timeout 1
[   0.0] Timeout 1
[   0.0] Timeout 1
[   0.0] Timeout 1
[   0.0] Timeout 1
[   0.0] Timeout 1
[   0.0] Timeout 1
[   0.0] Timeout 1
[   0.0] Timeout 1
[   0.0] Timeout 1
[   0.0] Timeout 1
[   0.0] Timeout 1
[   0.0] Timeout 1
[   0.0] Timeout 1
[   0.0] Timeout 1
[   0.0] Timeout 1
[   0.0] Timeout 1
[   0.0] Timeout 1
[   0.0] Timeout 1
[   0.0] Timeout 1
[   0.0] Timeout 1
[   0.0] Timeout 1
[   0.0] Timeout 1
[   0.0] Timeout 1
[   0.0] Timeout 1
[   0.0] Timeout 1
[   0.0] Timeout 1
[   0.0] Timeout 1
[   0.0] Timeout 1
[   0.0] Timeout 1
[   0.0] Timeout 1
[   0.0] Timeout 1
[   0.0] Timeout 1
[   0.0] Timeout 1
[   0.0] Timeout 1
[   0.0] Timeout 1
[   0.0] Timeout 1
[   0.0] Timeout 1
[   0.0] Timeout 1
[   0.0] Timeout 1
[   0.0] Timeout 1
[   0.0] Timeout 1
[   0.0] Timeout 1
[   0.0] Timeout 1
[   0.0] Timeout 1
[   0.0] Timeout 1
[   0.0] Timeout 1
[   0.0] Timeout 1
[   0.0] Timeout 1
[   0.0] Timeout 1
[   0.0] Timeout 1
[   0.0] Timeout 1
[   0.0] Timeout 1
[   0.0] Timeout 1
[   0.0] Timeout 1
[   0.0] Timeout 1
[   0.0] Timeout 1
[   0.0] Timeout 1
[   0.0] Timeout 1
[   0.0] Timeout 1
[   0.0] Timeout 1
[   0.0] Timeout 1
[   0.0] Timeout 1
[   0.0] Timeout 1
[   0.0] Timeout 1
[   0.0] Timeout 1
[   0.0] Timeout 1
[   0.0] Timeout 1
[   0.0] Timeout 1
[   0.0] Timeout 1
[   0.0] Timeout 1
[   0.0] Timeout 1
[   0.0] Timeout 1
[   0.0] Timeout 1
[   0.0] Timeout 1
[   0.0] Timeout 1
[   0.0] Timeout 1
[   0.0] Timeout 1
[   0.0] Timeout 1
[   0.0] Timeout 1
[   0.0] Timeout 1
[   0.0] Timeout 1
[   0.0] Timeout 1
[   0.0] Timeout 1
[   0.0] Timeout 1
[   0.0] Timeout 1
[   0.0] Timeout 1
[   0.0] Timeout 1
[   0.0] Timeout 1
[   0.0] Timeout 1
[   0.0] Timeout 1
[   0.0] Timeout 1
[   0.0] Timeout 1
[   0.0] Timeout 1
[   0.0] Timeout 1
[   0.0] Timeout 1
[   0.0] Timeout 1
[   0.0] Timeout 1
[   0.0] Timeout 1
[   0.0] Timeout 1
[   0.0] Timeout 1
[   0.0] Timeout 1
[   0.0] Timeout 1
[   0.0] Timeout 1
[   0.0] Timeout 1
[   0.0] Timeout 1
[   0.0] Timeout 1
[   0.0] Timeout 1
[   0.0] Timeout 1
[   0.0] Timeout 1
[   0.0] Timeout 1
[   0.0] Timeout 1
[   0.0] Timeout 1
[   0.0] Timeout 1
[   0.0] Timeout 1
[   0.0] Timeout 1
[   0.0] Timeout 1
[   0.0] Timeout 1
[   0.0] Timeout 1
[   0.0] Timeout 1
[   0.0] Timeout 1
[   0.0] Timeout 1
[   0.0] Timeout 1
[   0.0] Timeout 1
[   0.0] Timeout 1
[   0.0] Timeout 1
[   0.0] Timeout 1
[   0.0] Timeout 1
[   0.0] Timeout 1
[   0.0] Timeout 1
[   0.0] Timeout 1
[   0.0] Timeout 1
[   0.0] Timeout 1
[   0.0] Timeout 1
[   0.0] Timeout 1
[   0.0] Timeout 1
[   0.0] Timeout 1
[   0.0] Timeout 1
[   0.0] Timeout 1
[   0.0] Timeout 1
[   0.0] Timeout 1
[   0.0] Timeout 1
[   0.0] Timeout 1
[   0.0] Timeout 1
[   0.0] Timeout 1
[   0.0] Timeout 1
[   0.0] Timeout 1
[   0.0] Timeout 1
[   0.0] Timeout 1
[   0.0] Timeout 1
[   0.0] Timeout 1
[   0.0] Timeout 1
[   0.0] Timeout 1
[   0.0] Timeout 1
[   0.0] Timeout 1
[   0.0] Timeout 1
[   0.0] Timeout 1
[   0.0] Timeout 1
[   0.0] Timeout 1
[   0.0] Timeout 1
[   0.0] Timeout 1
[   0.0] Timeout 1
[   0.0] Timeout 1
[   0.0] Timeout 1
[   0.0] Timeout 1
[   0.0] Timeout 1
[   0.0] Timeout 1
[   0.0] Timeout 1
[   0.0] Timeout 1
[   0.0] Timeout 1
[   0.0] Timeout 1
[   0.0] Timeout 1
[   0.0] Timeout 1
[   0.0] Timeout 1
[   0.0] Timeout 1
[   0.0] Timeout 1
[   0.0] Timeout 1
[   0.0] Timeout 1
[   0.0] Timeout 1
[   0.0] Timeout 1
[   0.0] Timeout 1
[   0.0] Timeout 1
[   0.0] Timeout 1
[   0.0] Timeout 1
[   0.0] Timeout 1
[   0.0] Timeout 1
[   0.0] Timeout 1
[   0.0] Timeout 1
[   0.0] Timeout 1
[   0.0] Timeout 1
[   0.0] Timeout 1
[   0.0] Timeout 1
[   0.0] Timeout 1
[   0.0] Timeout 1
[   0.0] Timeout 1
[   0.0] Timeout 1
[   0.0] Timeout 1
[   0.0] Timeout 1
[   0.0] Timeout 1
[   0.0] Timeout 1
[   0.0] Timeout 1
[   0.0] Timeout 1
[   0.0] Timeout 1
[   0.0] Timeout 1
[   0.0] Timeout 1
[   0.0] Timeout 1
[   0.0] Timeout 1
[   0.0] Timeout 1
[   0.0] Timeout 1
[   0.0] Timeout 1
[   0.0] Timeout 1
[   0.0] Timeout 1
[   0.0] Timeout 1
[   0.0] Timeout 1
[   0.0] Timeout 1
[   0.0] Timeout 1
[   0.0] Timeout 1
[   0.0] Timeout 1
[   0.0] Timeout 1
[   0.0] Timeout 1
[   0.0] Timeout 1
[   0.0] Timeout 1
[   0.0] Timeout 1
[   0.0] Timeout 1
[   0.0] Timeout 1
[   0.0] Timeout 1
[   0.0] Timeout 1
[   0.0] Timeout 1
[   0.0] Timeout 1
[   0.0] Timeout 1
[   0.0] Timeout 1
[   0.0] Timeout 1
[   0.0] Timeout 1
[   0.0] Timeout 1
[   0.0] Timeout 1
[   0.0] Timeout 1
[   0.0] Timeout 1
[   0.0] Timeout 1
[   0.0] Timeout 1
[   0.0] Timeout 1
[   0.0] Timeout 1
[   0.0] Timeout 1
[   0.0] Timeout 1
[   0.0] Timeout 1
[   0.0] Timeout 1
[   0.0] Timeout 1
[   0.0] Timeout 1
[   0.0] Timeout 1
[   0.0] Timeout 1
[   0.0] Timeout 1
[   0.0] Timeout 1
[   0.0] Timeout 1
[   0.0] Timeout 1
[   0.0] Timeout 1
[   0.0] Timeout 1
[   0.0] Timeout 1
[   0.0] Timeout 1
[   0.0] Timeout 1
[   0.0] Timeout 1
[   0.0] Timeout 1
[   0.0] Timeout 1
[   0.0] Timeout 1
[   0.0] Timeout 1
[   0.0] Timeout 1
[   0.0] Timeout 1
[   0.0] Timeout 1
[   0.0] Timeout 1
[   0.0] Timeout 1
[   0.0] Timeout 1
[   0.0] Timeout 1
[   0.0] Timeout 1
[   0.0] Timeout 1
[   0.0] Timeout 1
[   0.0] Timeout 1
[   0.0] Timeout 1
[   0.0] Timeout 1
[   0.0] Timeout 1
[   0.0] Timeout 1
[   0.0] Timeout 1
[   0.0] Timeout 1
[   0.0] Timeout 1
[   0.0] Timeout 1
[   0.0] Timeout 1
[   0.0] Timeout 1
[   0.0] Timeout 1
[   0.0] Timeout 1
[   0.0] Timeout 1
[   0.0] Timeout 1
[   0.0] Timeout 1
[   0.0] Timeout 1
[   0.0] Timeout 1
[   0.0] Timeout 1
[   0.0] Timeout 1
[   0.0] Timeout 1
[   0.0] Timeout 1
[   0.0] Timeout 1
[   0.0] Timeout 1
[   0.0] Timeout 1
[   0.0] Timeout 1
[   0.0] Timeout 1
[   0.0] Timeout 1
[   0.0] Timeout 1
[   0.0] Timeout 1
[   0.0] Timeout 1
[   0.0] Timeout 1
[   0.0] Timeout 1
[   0.0] Timeout 1
[   0.0] Timeout 1
[   0.0] Timeout 1
[   0.0] Timeout 1
[   0.0] Timeout 1
[   0.0] Timeout 1
[   0.0] Timeout 1
[   0.0] Timeout 1
[   0.0] Timeout 1
[   0.0] Timeout 1
[   0.0] Timeout 1
[   0.0] Timeout 1
[   0.0] Timeout 1
[   0.0] Timeout 1
[   0.0] Timeout 1
[   0.0] Timeout 1
[   0.0] Timeout 1
[   0.0] Timeout 1
[   0.0] Timeout 1
[   0.0] Timeout 1
[   0.0] Timeout 1
[   0.0] Timeout 1
[   0.0] Timeout 1
[   0.0] Timeout 1
[   0.0] Timeout 1
[   0.0] Timeout 1
[   0.0] Timeout 1
[   0.0] Timeout 1
[   0.0] Timeout 1
[   0.0] Timeout 1
[   0.0] Timeout 1
[   0.0] Timeout 1
[   0.0] Timeout 1
[   0.0] Timeout 1
[   0.0] Timeout 1
[   0.0] Timeout 1
[   0.0] Timeout 1
[   0.0] Timeout 1
[   0.0] Timeout 1
[   0.0] Timeout 1
[   0.0] Timeout 1
[   0.0] Timeout 1
[   0.0] Timeout 1
[   0.0] Timeout 1
[   0.0] Timeout 1
[   0.0] Timeout 1
[   0.0] Timeout 1
[   0.0] Timeout 1
[   0.0] Timeout 1
[   0.0] Timeout 1
[   0.0] Timeout 1
[   0.0] Timeout 1
[   0.0] Timeout 1
[   0.0] Timeout 1
[   0.0] Timeout 1
[   0.0] Timeout 1
[   0.0] Timeout 1
[   0.0] Timeout 1
[   0.0] Timeout 1
[   0.0] Timeout 1
[   0.0] Timeout 1
[   0.0] Timeout 1
[   0.0] Timeout 1
[   0.0] Timeout 1
[   0.0] Timeout 1
[   0.0] Timeout 1
[   0.0] Timeout 1
[   0.0] Timeout 1
[   0.0] Timeout 1
[   0.0] Timeout 1
[   0.0] Timeout 1
[   0.0] Timeout 1
[   0.0] Timeout 1
[   0.0] Timeout 1
[   0.0] Timeout 1
[   0.0] Timeout 1
[   0.0] Timeout 1
[   0.0] Timeout 1
[   0.0] Timeout 1
[   0.0] Timeout 1
[   0.0] Timeout 1
[   0.0] Timeout 1
[   0.0] Timeout 1
[   0.0] Timeout 1
[   0.0] Timeout 1
[   0.0] Timeout 1
[   0.0] Timeout 1
[   0.0] Timeout 1
[   0.0] Timeout 1
[   0.0] Timeout 1
[   0.0] Timeout 1
[   0.0] Timeout 1
[   0.0] Timeout 1
[   0.0] Timeout 1
[   0.0] Timeout 1
[   0.0] Timeout 1
[   0.0] Timeout 1
[   0.0] Timeout 1
[   0.0] Timeout 1
[   0.0] Timeout 1
[   0.0] Timeout 1
[   0.0] Timeout 1
[   0.0] Timeout 1
[   0.0] Timeout 1
[   0.0] Timeout 1
[   0.0] Timeout 1
[   0.0] Timeout 1
[   0.0] Timeout 1
[   0.0] Timeout 1
[   0.0] Timeout 1
[   0.0] Timeout 1
[   0.0] Timeout 1
[   0.0] Timeout 1
[   0.0] Timeout 1
[   0.0] Timeout 1
[   0.0] Timeout 1
[   0.0] Timeout 1
[   0.0] Timeout 1
[   0.0] Timeout 1
[   0.0] Timeout 1
[   0.0] Timeout 1
[   0.0] Timeout 1
[   0.0] Timeout 1
[   0.0] Timeout 1
[   0.0] Timeout 1
[   0.0] Timeout 1
[   0.0] Timeout 1
[   0.0] Timeout 1
[   0.0] Timeout 1
[   0.0] Timeout 1
[   0.0] Timeout 1
[   0.0] Timeout 1
[   0.0] Timeout 1
[   0.0] Timeout 1
[   0.0] Timeout 1
[   0.0] Timeout 1
[   0.0] Timeout 1
[   0.0] Timeout 1
[   0.0] Timeout 1
[   0.0] Timeout 1
[   0.0] Timeout 1
[   0.0] Timeout 1
[   0.0] Timeout 1
[   0.0] Timeout 1
[   0.0] Timeout 1
[   0.0] Timeout 1
[   0.0] Timeout 1
[   0.0] Timeout 1
[   0.0] Timeout 1
[   0.0] Timeout 1
[   0.0] Timeout 1
[   0.0] Timeout 1
[   0.0] Timeout 1
[   0.0] Timeout 1
[   0.0] Timeout 1
[   0.0] Timeout 1
[   0.0] Timeout 1
[   0.0] Timeout 1
[   0.0] Timeout 1
[   0.0] Timeout 1
[   0.0] Timeout 1
[   0.0] Timeout 1
[   0.0] Timeout 1
[   0.0] Timeout 1
[   0.0] Timeout 1
[   0.0] Timeout 1
[   0.0] Timeout 1
[   0.0] Timeout 1
[   0.0] Timeout 1
[   0.0] Timeout 1
[   0.0] Timeout 1
[   0.0] Timeout 1
[   0.0] Timeout 1
[   0.0] Timeout 1
[   0.0] Timeout 1
[   0.0] Timeout 1
[   0.0] Timeout 1
[   0.0] Timeout 1
[   0.0] Timeout 1
[   0.0] Timeout 1
[   0.0] Timeout 1
[   0.0] Timeout 1
[   0.0] Timeout 1
[   0.0] Timeout 1
[   0.0] Timeout 1
[   0.0] Timeout 1
[   0.0] Timeout 1
[   0.0] Timeout 1
[   0.0] Timeout 1
[   0.0] Timeout 1
[   0.0] Timeout 1
[   0.0] Timeout 1
[   0.0] Timeout 1
[   0.0] Timeout 1
[   0.0] Timeout 1
[   0.0] Timeout 1
[   0.0] Timeout 1
[   0.0] Timeout 1
[   0.0] Timeout 1
[   0.0] Timeout 1
[   0.0] Timeout 1
[   0.0] Timeout 1
[   0.0] Timeout 1
[   0.0] Timeout 1
[   0.0] Timeout 1
[   0.0] Timeout 1
[   0.0] Timeout 1
[   0.0] Timeout 1
[   0.0] Timeout 1
[   0.0] Timeout 1
[   0.0] Timeout 1
[   0.0] Timeout 1
[   0.0] Timeout 1
[   0.0] Timeout 1
[   0.0] Timeout 1
[   0.0] Timeout 1
[   0.0] Timeout 1
[   0.0] Timeout 1
[   0.0] Timeout 1
[   0.0] Timeout 1
[   0.0] Timeout 1
[   0.0] Timeout 1
[   0.0] Timeout 1
[   0.0] Timeout 1
[   0.0] Timeout 1
[   0.0] Timeout 1
[   0.0] Timeout 1
[   0.0] Timeout 1
[   0.0] Timeout 1
[   0.0] Timeout 1
[   0.0] Timeout 1
[   0.0] Timeout 1
[   0.0] Timeout 1
[   0.0] Timeout 1
[   0.0] Timeout 1
[   0.0] Timeout 1
[   0.0] Timeout 1
[   0.0] Timeout 1
[   0.0] Timeout 1
[   0.0] Timeout 1
[   0.0] Timeout 1
[   0.0] Timeout 1
[   0.0] Timeout 1
[   0.0] Timeout 1
[   0.0] Timeout 1
[   0.0] Timeout 1
[   0.0] Timeout 1
[   0.0] Timeout 1
[   0.0] Timeout 1
[   0.0] Timeout 1
[   0.0] Timeout 1
[   0.0] Timeout 1
[   0.0] Timeout 1
[   0.0] Timeout 1
[   0.0] Timeout 1
[   0.0] Timeout 1
[   0.0] Timeout 1
[   0.0] Timeout 1
[   0.0] Timeout 1
[   0.0] Timeout 1
[   0.0] Timeout 1
[   0.0] Timeout 1
[   0.0] Timeout 1
[   0.0] Timeout 1
[   0.0] Timeout 1
[   0.0] Timeout 1
[   0.0] Timeout 1
[   0.0] Timeout 1
[   0.0] Timeout 1
[   0.0] Timeout 1
[   0.0] Timeout 1
[   0.0] Timeout 1
[   0.0] Timeout 1
[   0.0] Timeout 1
[   0.0] Timeout 1
[   0.0] Timeout 1
[   0.0] Timeout 1
[   0.0] Timeout 1
[   0.0] Timeout 1
[   0.0] Timeout 1
[   0.0] Timeout 1
[   0.0] Timeout 1
[   0.0] Timeout 1
[   0.0] Timeout 1
[   0.0] Timeout 1
[   0.0] Timeout 1
[   0.0] Timeout 1
[   0.0] Timeout 1
[   0.0] Timeout 1
[   0.0] Timeout 1
[   0.0] Timeout 1
[   0.0] Timeout 1
[   0.0] Timeout 1
[   0.0] Timeout 1
[   0.0] Timeout 1
[   0.0] Timeout 1
[   0.0] Timeout 1
[   0.0] Timeout 1
[   0.0] Timeout 1
[   0.0] Timeout 1
[   0.0] Timeout 1
[   0.0] Timeout 1
[   0.0] Timeout 1
[   0.0] Timeout 1
[   0.0] Timeout 1
[   0.0] Timeout 1
[   0.0] Timeout 1
[   0.0] Timeout 1
[   0.0] Timeout 1
[   0.0] Timeout 1
[   0.0] Timeout 1
[   0.0] Timeout 1
[   0.0] Timeout 1
[   0.0] Timeout 1
[   0.0] Timeout 1
[   0.0] Timeout 1
[   0.0] Timeout 1
[   0.0] Timeout 1
[   0.0] Timeout 1
[   0.0] Timeout 1
[   0.0] Timeout 1
[   0.0] Timeout 1
[   0.0] Timeout 1
[   0.0] Timeout 1
[   0.0] Timeout 1
[   0.0] Timeout 1
[   0.0] Timeout 1
[   0.0] Timeout 1
[   0.0] Timeout 1
[   0.0] Timeout 1
[   0.0] Timeout 1
[   0.0] Timeout 1
[   0.0] Timeout 1
[   0.0] Timeout 1
[   0.0] Timeout 1
[   0.0] Timeout 1
[   0.0] Timeout 1
[   0.0] Timeout 1
[   0.0] Timeout 1
[   0.0] Timeout 1
[   0.0] Timeout 1
[   0.0] Timeout 1
[   0.0] Timeout 1
[   0.0] Timeout 1
[   0.0] Timeout 1
[   0.0] Timeout 1
[   0.0] Timeout 1
[   0.0] Timeout 1
[   0.0] Timeout 1
[   0.0] Timeout 1
[   0.0] Timeout 1
[   0.0] Timeout 1
[   0.0] Timeout 1
[   0.0] Timeout 1
[   0.0] Timeout 1
[   0.0] Timeout 1
[   0.0] Timeout 1
[   0.0] Timeout 1
[   0.0] Timeout 1
[   0.0] Timeout 1
[   0.0] Timeout 1
[   0.0] Timeout 1
[   0.0] Timeout 1
[   0.0] Timeout 1
[   0.0] Timeout 1
[   0.0] Timeout 1
[   0.0] Timeout 1
[   0.0] Timeout 1
[   0.0] Timeout 1
[   0.0] Timeout 1
[   0.0] Timeout 1
[   0.0] Timeout 1
[   0.0] Timeout 1
[   0.0] Timeout 1
[   0.0] Timeout 1
[   0.0] Timeout 1
[   0.0] Timeout 1
[   0.0] Timeout 1
[   0.0] Timeout 1
[   0.0] Timeout 1
[   0.0] Timeout 1
[   0.0] Timeout 1
[   0.0] Timeout 1
[   0.0] Timeout 1
[   0.0] Timeout 1
[   0.0] Timeout 1
[   0.0] Timeout 1
[   0.0] Timeout 1
[   0.0] Timeout 1
[   0.0] Timeout 1
[   0.0] Timeout 1
[   0.0] Timeout 1
[   0.0] Timeout 1
[   0.0] Timeout 1
[   0.0] Timeout 1
[   0.0] Timeout 1
[   0.0] Timeout 1
[   0.0] Timeout 1
[   0.0] Timeout 1
[   0.0] Timeout 1
[   0.0] Timeout 1
[   0.0] Timeout 1
[   0.0] Timeout 1
[   0.0] Timeout 1
[   0.0] Timeout 1
[   0.0] Timeout 1
[   0.0] Timeout 1
[   0.0] Timeout 1
[   0.0] Timeout 1
[   0.0] Timeout 1
[   0.0] Timeout 1
[   0.0] Timeout 1
[   0.0] Timeout 1
[   0.0] Timeout 1
[   0.0] Timeout 1
[   0.0] Timeout 1
[   0.0] Timeout 1
[   0.0] Timeout 1
[   0.0] Timeout 1
[   0.0] Timeout 1
[   0.0] Timeout 1
[   0.0] Timeout 1
[   0.0] Timeout 1
[   0.0] Timeout 1
[   0.0] Timeout 1
[   0.0] Timeout 1
[   0.0] Timeout 1
[   0.0] Timeout 1
[   0.0] Timeout 1
[   0.0] Timeout 1
[   0.0] Timeout 1
[   0.0] Timeout 1
[   0.0] Timeout 1
[   0.0] Timeout 1
[   0.0] Timeout 1
[   0.0] Timeout 1
[   0.0] Timeout 1
[   0.0] Timeout 1
[   0.0] Timeout 1
[   0.0] Timeout 1
[   0.0] Timeout 1
[   0.0] Timeout 1
[   0.0] Timeout 1
[   0.0] Timeout 1
[   0.0] Timeout 1
[   0.0] Timeout 1
[   0.0] Timeout 1
[   0.0] Timeout 1
[   0.0] Timeout 1
[   0.0] Timeout 1
[   0.0] Timeout 1
[   0.0] Timeout 1
[   0.0] Timeout 1
[   0.0] Timeout 1
[   0.0] Timeout 1
[   0.0] Timeout 1
[   0.0] Timeout 1
[   0.0] Timeout 1
[   0.0] Timeout 1
[   0.0] Timeout 1
[   0.0] Timeout 1
[   0.0] Timeout 1
[   0.0] Timeout 1
[   0.0] Timeout 1
[   0.0] Timeout 1
[   0.0] Timeout 1
[   0.0] Timeout 1
[   0.0] Timeout 1
[   0.0] Timeout 1
[   0.0] Timeout 1
[   0.0] Timeout 1
[   0.0] Timeout 1
[   0.0] Timeout 1
[   0.0] Timeout 1
[   0.0] Timeout 1
[   0.0] Timeout 1
[   0.0] Timeout 1
[   0.0] Timeout 1
[   0.0] Timeout 1
[   0.0] Timeout 1
[   0.0] Timeout 1
[   0.0] Timeout 1
[   0.0] Timeout 1
[   0.0] Timeout 1
[   0.0] Timeout 1
[   0.0] Timeout 1
[   0.0] Timeout 1
[   0.0] Timeout 1
[   0.0] Timeout 1
[   0.0] Timeout 1
[   0.0] Timeout 1
[   0.0] Timeout 1
[   0.0] Timeout 1
[   0.0] Timeout 1
[   0.0] Timeout 1
[   0.0] Timeout 1
[   0.0] Timeout 1
[   0.0] Timeout 1
[   0.0] Timeout 1
[   0.0] Timeout 1
[   0.0] Timeout 1
[   0.0] Timeout 1
[   0.0] Timeout 1
[   0.0] Timeout 1
[   0.0] Timeout 1
[   0.0] Timeout 1
[   0.0] Timeout 1
[   0.0] Timeout 1
[   0.0] Timeout 1
[   0.0] Timeout 1
[   0.0] Timeout 1
[   0.0] Timeout 1
[   0.0] Timeout 1
[   0.0] Timeout 1
[   0.0] Timeout 1
[   0.0] Timeout 1
[   0.0] Timeout 1
[   0.0] Timeout 1
[   0.0] Timeout 1
[   0.0] Timeout 1
[   0.0] Timeout 1
[   0.0] Timeout 1
[   0.0] Timeout 1
[   0.0] Timeout 1
[   0.0] Timeout 1
[   0.0] Timeout 1
[   0.0] Timeout 1
[   0.0] Timeout 1
[   0.0] Timeout 1
[   0.0] Timeout 1
[   0.0] Timeout 1
[   0.0] Timeout 1
[   0.0] Timeout 1
[   0.0] Timeout 1
[   0.0] Timeout 1
[   0.0] Timeout 1
[   0.0] Timeout 1
[   0.0] Timeout 1
[   0.0] Timeout 1
[   0.0] Timeout 1
[   0.0] Timeout 1
[   0.0] Timeout 1
[   0.0] Timeout 1
[   0.0] Timeout 1
[   0.0] Timeout 1
[   0.0] Timeout 1
[   0.0] Timeout 1
[   0.0] Timeout 1
[   0.0] Timeout 1
[   0.0] Timeout 1
[   0.0] Timeout 1
[   0.0] Timeout 1
[   0.0] Timeout 1
[   0.0] Timeout 1
[   0.0] Timeout 1
[   0.0] Timeout 1
[   0.0] Timeout 1
[   0.0] Timeout 1
[   0.0] Timeout 1
[   0.0] Timeout 1
[   0.0] Timeout 1
[   0.0] Timeout 1
[   0.0] Timeout 1
[   0.0] Timeout 1
[   0.0] Timeout 1
[   0.0] Timeout 1
[   0.0] Timeout 1
[   0.0] Timeout 1
[   0.0] Timeout 1
[   0.0] Timeout 1
[   0.0] Timeout 1
[   0.0] Timeout 1
[   0.0] Timeout 1
[   0.0] Timeout 1
[   0.0] Timeout 1
[   0.0] Timeout 1
[   0.0] Timeout 1
[   0.0] Timeout 1
[   0.0] Timeout 1
[   0.0] Timeout 1
[   0.0] Timeout 1
[   0.0] Timeout 1
[   0.0] Timeout 1
[   0.0] Timeout 1
[   0.0] Timeout 1
[   0.0] Timeout 1
[   0.0] Timeout 1
[   0.0] Timeout 1
[   0.0] Timeout 1
[   0.0] Timeout 1
[   0.0] Timeout 1
[   0.0] Timeout 1
[   0.0] Timeout 1
[   0.0] Timeout 1
[   0.0] Timeout 1
[   0.0] Timeout 1
[   0.0] Timeout 1
[   0.0] Timeout 1
[   0.0] Timeout 1
[   0.0] Timeout 1
[   0.0] Timeout 1
[   0.0] Timeout 1
[   0.0] Timeout 1
[   0.0] Timeout 1
[   0.0] Timeout 1
[   0.0] Timeout 1
[   0.0] Timeout 1
[   0.0] Timeout 1
[   0.0] Timeout 1
[   0.0] Timeout 1
[   0.0] Timeout 1
[   0.0] Timeout 1
[   0.0] Timeout 1
[   0.0] Timeout 1
[   0.0] Timeout 1
[   0.0] Timeout 1
[   0.0] Timeout 1
[   0.0] Timeout 1
[   0.0] Timeout 1
[   0.0] Timeout 1
[   0.0] Timeout 1
[   0.0] Timeout 1
[   0.0] Timeout 1
[   0.0] Timeout 1
[   0.0] Timeout 1
[   0.0] Timeout 1
[   0.0] Timeout 1
[   0.0] Timeout 1
[   0.0] Timeout 1
[   0.0] Timeout 1
[   0.0] Timeout 1
[   0.0] Timeout 1
[   0.0] Timeout 1
[   0.0] Timeout 1
[   0.0] Timeout 1
[   0.0] Timeout 1
[   0.0] Timeout 1
[   0.0] Timeout 1
[   0.0] Timeout 1
[   0.0] Timeout 1
[   0.0] Timeout 1
[   0.0] Timeout 1
[   0.0] Timeout 1
[   0.0] Timeout 1
[   0.0] Timeout 1
[   0.0] Timeout 1
[   0.0] Timeout 1
[   0.0] Timeout 1
[   0.0] Timeout 1
[   0.0] Timeout 1
[   0.0] Timeout 1
[   0.0] Timeout 1
[   0.0] Timeout 1
[   0.0] Timeout 1
[   0.0] Timeout 1
[   0.0] Timeout 1
[   0.0] Timeout 1
[   0.0] Timeout 1
[   0.0] Timeout 1
[   0.0] Timeout 1
[   0.0] Timeout 1
[   0.0] Timeout 1
[   0.0] Timeout 1
[   0.0] Timeout 1
[   0.0] Timeout 1
[   0.0] Timeout 1
[   0.0] Timeout 1
[   0.0] Timeout 1
[   0.0] Timeout 1
[   0.0] Timeout 1
[   0.0] Timeout 1
[   0.0] Timeout 1
[   0.0] Timeout 1
[   0.0] Timeout 1
[   0.0] Timeout 1
[   0.0] Timeout 1
[   0.0] Timeout 1
[   0.0] Timeout 1
[   0.0] Timeout 1
[   0.0] Timeout 1
[   0.0] Timeout 1
[   0.0] Timeout 1
[   0.0] Timeout 1
[   0.0] Timeout 1
[   0.0] Timeout 1
[   0.0] Timeout 1
[   0.0] Timeout 1
[   0.0] Timeout 1
[   0.0] Timeout 1
[   0.0] Timeout 1
[   0.0] Timeout 1
[   0.0] Timeout 1
[   0.0] Timeout 1
[   0.0] Timeout 1
[   0.0] Timeout 1
[   0.0] Timeout 1
[   0.0] Timeout 1
[   0.0] Timeout 1
[   0.0] Timeout 1
[   0.0] Timeout 1
[   0.0] Timeout 1
[   0.0] Timeout 1
[   0.0] Timeout 1
[   0.0] Timeout 1
[   0.0] Timeout 1
[   0.0] Timeout 1
[   0.0] Timeout 1
[   0.0] Timeout 1
[   0.0] Timeout 1
[   0.0] Timeout 1
[   0.0] Timeout 1
[   0.0] Timeout 1
[   0.0] Timeout 1
[   0.0] Timeout 1
[   0.0] Timeout 1
[   0.0] Timeout 1
[   0.0] Timeout 1
[   0.0] Timeout 1
[   0.0] Timeout 1
[   0.0] Timeout 1
[   0.0] Timeout 1
[   0.0] Timeout 1
[   0.0] Timeout 1
[   0.0] Timeout 1
[   0.0] Timeout 1
[   0.0] Timeout 1
[   0.0] ets Jul 29 2019 12:21:46
[   0.0] 
[   0.0] rst:ets Jul 29 2019 12:21:46
[   0.0] 
[   0.0] rst:ets Jul 29 2019 12:21:46
[   0.0] 
[   0.0] rst:ets Jul 29 2019 12:21:46
[   0.0] 
[   0.0] rst:ets Jul 29 2019 12:21:46
[   0.0] 
[   0.0] rst:ets Jul 29 2019 12:21:46
[   0.0] 
[   0.0] rst:ets Jul 29 2019 12:21:46
[   0.0] 
[   0.0] rst:ets Jul 29 2019 12:21:46
[   0.0] 
[   0.0] rst:ets Jul 29 2019 12:21:46
[   0.0] 
[   0.0] rst:ets Jul 29 2019 12:21:46
[   0.0] 
[   0.0] rst:ets Jul 29 2019 12:21:46
[   0.0] 
[   0.0] rst:ets Jul 29 2019 12:21:46
[   0.0] 
[   0.0] rst:ets Jul 29 2019 12:21:46
[   0.0] 
[   0.0] rst:ets Jul 29 2019 12:21:46
[   0.0] 
[   0.0] rst:ets Jul 29 2019 12:21:46
[   0.0] 
[   0.0] rst:ets Jul 29 2019 12:21:46
[   0.0] 
[   0.0] rst:ets Jul 29 2019 12:21:46
[   0.0] 
[   0.0] rst:ets Jul 29 2019 12:21:46
[   0.0] 
[   0.0] rst:ets Jul 29 2019 12:21:46
[   0.0] 
[   0.0] rst:ets Jul 29 2019 12:21:46
[   0.0] 
[   0.0] rst:ets Jul 29 2019 12:21:46
[   0.0] 
[   0.0] rst:ets Jul 29 2019 12:21:46
[   0.0] 
[   0.0] rst:ets Jul 29 2019 12:21:46
[   0.0] 
[   0.0] rst:ets Jul 29 2019 12:21:46
[   0.0] 
[   0.0] rst:ets Jul 29 2019 12:21:46
[   0.0] 
[   0.0] rst:ets Jul 29 2019 12:21:46
[   0.0] 
[   0.0] rst:ets Jul 29 2019 12:21:46
[   0.0] 
[   0.0] rst:ets Jul 29 2019 12:21:46
[   0.0] 
[   0.0] rst:ets Jul 29 2019 12:21:46
[   0.0] 
[   0.0] rst:ets Jul 29 2019 12:21:46
[   0.0] 
[   0.0] rst:ets Jul 29 2019 12:21:46
[   0.0] 
[   0.0] rst:ets Jul 29 2019 12:21:46
[   0.0] 
[   0.0] rst:ets JuOWERON_RESET),boot:0x13 (S0x1 (POWERON_RESET),boot:0x13 (S0x1 (POWERON_RESET),boot:0x13 (S0x1 (POWERON_RESET),boot:0x13 (S0x1 (POWERON_RESET),boot:0x13 (S0x1 (POWERON_RESET),boot:0x13 (S0x1 (POWERON_RESET),boot:0x13 (S0x1 (POWERON_RESET),boot:0x13 (S0x1 (POWERON_RESET),boot:0x13 (S0x1 (POWERON_RESET),boot:0x13 (S0x1 (POWERON_RESET),boot:0x13 (S0x1 (POWERON_RESET),boot:0x13 (S0x1 (POWERON_RESET),boot:0x13 (S0x1 (POWERON_RESET),boot:0x13 (S0x1 (POWERON_RESET),boot:0x13 (S0x1 (POWERON_RESET),boot:0x13 (S0x1 (POWERON_RESET),boot:0x13 (S0x1 (POWERON_RESET),boot:0x13 (S0x1 (POWERON_RESET),boot:0x13 (S0x1 (POWERON_RESET),boot:0x13 (S0x1 (POWERON_RESET),boot:0x13 (S0x1 (POWERON_RESET),boot:0x13 (S0x1 (POWERON_RESET),boot:0x13 (S0x1 (POWERON_RESET),boot:0x13 (S0x1 (POWERON_RESET),boot:0x13 (S0x1 (POWERON_RESET),boot:0x13 (S0x1 (POWERON_RESET),boot:0x13 (S0x1 (POWERON_RESET),boot:0x13 (S0x1 (POWERON_RESET),boot:0x13 (S0x1 (POWERON_RESET),boot:0x13 (S0x1 (POWERON_RESET),boot:0x13 (S0x1 (POWERON_RESET),boot:0x13 (S0x1 (POWERON_RESET),boot:0x13 (S0x1 (POWERON_RESET),boot:0x13 (SPI_FAST_FLASH_BOOT)
[   0.0] configsip: 0, SPIWP:0xee
[   0.2] clk_drv:0x00,q_drv:0x00,d_drv:0x00,cs0_drv:0x00,hd_drv:0x00,wp_drv:0x00
[   0.2] mode:DIO, clock div:2
[   0.2] load:0x3fff0030,len:1676
[   0.2] ho 0 tail 12 room 4
[   0.2] load:0x40078000,len:13048
[   0.2] ho 0 tail 12 room 4
[   0.2] load:0x40080400,len:3604
[   0.2] entry 0x400805f0
[   1.1] [0;33mW (999) i2c: This driver is an old driver, please migrate your application code to adapt `driver/i2c_master.h`[0m
[   1.3] Found
[   1.9] No OTA pending 2 
[   1.9] new version
[   3.0] Timeout 2
[   4.0] Timeout 1
[   4.0] Letto resetParam 0
[   5.0] Timeout 1
[   6.0] Timeout 1
[   7.0] Timeout 1
[   8.1] Timeout 1
[   9.1] Timeout 2
[  10.1] Timeout 1
[  10.9] Timeout 1
[  11.4] Dev: -1 - 4354 
[  11.4] Found
[  11.4] timerPairBle
[  11.4] Controller init
[  11.6] Controller enable
[  11.8] Bluedroid init
[  11.8] Bluedroid enable
[  11.8] Gatt cb
[  11.8] Gap cb
[  11.8] App reg
[  11.8] Found
[  11.8] Found RE 0 
[  11.8] ADV start
[  12.0] Timeout 1
[  13.0] Timeout 1
[  14.0] Timeout 1
[  15.1] Timeout 1
[  16.1] Timeout 1
[  17.1] Timeout 1
[  17.9] Timeout 1
[  19.0] Timeout 1
[  20.0] Timeout 1
[  21.0] Timeout 1
[  22.1] Timeout 1
[  23.1] Timeout 1
[  24.1] Timeout 1
[  25.2] Timeout 1
[  26.0] Timeout 1
[  27.0] Timeout 1
[  27.4] Connect
[  27.4] MA 9c:67:d6:0a:36:6e
[  27.4] rejected Nm0
[  27.9] disconnected
[  27.9] ADV start
[  28.1] Timeout 1
[  28.3] Connect
[  28.3] MA 9c:67:d6:0a:36:6e
[  28.3] rejected Nm0
[  28.7] disconnected
[  28.7] ADV start
[  29.1] Connect
[  29.1] MA 9c:67:d6:0a:36:6e
[  29.1] rejected Nm0
[  29.1] Timeout 1
[  29.3] disconnected
[  29.3] ADV start
[  29.9] Connect
[  29.9] MA 9c:67:d6:0a:36:6e
[  29.9] rejected Nm0
[  29.9] disconnected
[  29.9] ADV start
[  30.1] Timeout 1
[  30.4] Connect
[  30.4] MA 9c:67:d6:0a:36:6e
[  30.4] rejected Nm0
[  30.6] disconnected
[  30.6] ADV start
[  30.8] Connect
[  30.8] MA 9c:67:d6:0a:36:6e
[  30.8] rejected Nm0
[  31.2] Timeout 1
[  31.2] disconnected
[  31.2] ADV start
[  31.4] Connect
[  31.4] MA 9c:67:d6:0a:36:6e
[  31.4] rejected Nm0
[  31.4] disconnected
[  31.4] ADV start
[  32.2] Timeout 1
[  32.4] Connect
[  32.4] MA 9c:67:d6:0a:36:6e
[  32.4] rejected Nm0
[  32.8] disconnected
[  32.8] ADV start
[  33.0] Connect
[  33.0] MA 9c:67:d6:0a:36:6e
[  33.0] rejected Nm0
[  33.0] Timeout 1
[  33.2] disconnected
[  33.2] ADV start
[  33.8] Connect
[  33.8] MA 9c:67:d6:0a:36:6e
[  33.8] rejected Nm0
[  34.1] Timeout 1
[  34.3] disconnected
[  34.3] ADV start
[  34.9] Connect
[  34.9] MA 9c:67:d6:0a:36:6e
[  34.9] rejected Nm0
[  35.1] Timeout 1
[  35.3] disconnected
[  35.3] ADV start
[  35.5] Connect
[  35.5] MA 9c:67:d6:0a:36:6e
[  35.5] rejected Nm0
[  35.9] disconnected
[  35.9] ADV start
[  36.1] Timeout 1
[  37.2] Timeout 1
[  37.2] Connect
[  37.2] MA 9c:67:d6:0a:36:6e
[  37.2] rejected Nm0
[  37.4] disconnected
[  37.4] ADV start
[  37.6] Connect
[  37.6] MA 9c:67:d6:0a:36:6e
[  37.6] rejected Nm0
[  37.6] disconnected
[  37.6] ADV start
[  38.0] Connect
[  38.0] MA 9c:67:d6:0a:36:6e
[  38.0] rejected Nm0
[  38.2] disconnected
[  38.2] ADV start
[  38.2] Timeout 1
[  38.4] Connect
[  38.4] MA 9c:67:d6:0a:36:6e
[  38.4] rejected Nm0
[  38.6] disconnected
[  38.6] ADV start
[  38.8] Connect
[  38.8] MA 9c:67:d6:0a:36:6e
[  38.8] rejected Nm0
[  39.0] disconnected
[  39.0] ADV start
[  39.2] Timeout 1
[  39.4] Connect
[  39.4] MA 9c:67:d6:0a:36:6e
[  39.4] rejected Nm0
[  39.8] disconnected
[  39.8] ADV start
[  40.2] Timeout 1
[  41.1] Connect
[  41.1] MA 9c:67:d6:0a:36:6e
[  41.1] rejected Nm0
[  41.1] disconnected
[  41.1] ADV start
[  41.1] Timeout 1
[  41.3] Connect
[  41.3] MA 9c:67:d6:0a:36:6e
[  41.3] rejected Nm0
[  41.5] disconnected
[  41.5] ADV start
[  42.1] Connect
[  42.1] MA 9c:67:d6:0a:36:6e
[  42.1] rejected Nm0
[  42.1] Timeout 1
[  42.3] disconnected
[  42.3] ADV start
[  42.5] Connect
[  42.5] MA 9c:67:d6:0a:36:6e
[  42.5] rejected Nm0
[  43.1] Timeout 1
[  43.3] disconnected
[  43.3] ADV start
[  43.3] Connect
[  43.3] MA 9c:67:d6:0a:36:6e
[  43.3] rejected Nm0
[  43.5] disconnected
[  43.5] ADV start
[  44.1] Timeout 1
[  44.6] Connect
[  44.6] MA 9c:67:d6:0a:36:6e
[  44.6] rejected Nm0
[  44.8] disconnected
[  44.8] ADV start
[  45.2] Connect
[  45.2] MA 9c:67:d6:0a:36:6e
[  45.2] rejected Nm0
[  45.2] Timeout 1
[  45.8] disconnected
[  45.8] ADV start
[  46.0] Connect
[  46.0] MA 9c:67:d6:0a:36:6e
[  46.0] rejected Nm0
[  46.2] Timeout 1
[  46.2] disconnected
[  46.2] ADV start
[  46.5] Connect
[  46.5] MA 9c:67:d6:0a:36:6e
[  46.5] rejected Nm0
[  46.9] disconnected
[  46.9] ADV start
[  47.1] Connect
[  47.1] MA 9c:67:d6:0a:36:6e
[  47.1] rejected Nm0
[  47.3] Timeout 1
[  47.3] disconnected
[  47.3] ADV start
[  47.7] Connect
[  47.7] MA 9c:67:d6:0a:36:6e
[  47.7] rejected Nm0
[  47.7] disconnected
[  47.7] ADV start
[  48.1] Connect
[  48.1] MA 9c:67:d6:0a:36:6e
[  48.1] rejected Nm0
[  48.3] Timeout 1
[  48.5] disconnected
[  48.5] ADV start
[  48.7] Connect
[  48.7] MA 9c:67:d6:0a:36:6e
[  48.7] rejected Nm0
[  49.1] disconnected
[  49.1] ADV start
[  49.1] Timeout 1
[  50.2] Timeout 1
[  51.2] Timeout 1
[  52.2] Timeout 1
[  53.2] Timeout 1
[  54.3] Timeout 1
[  55.1] Timeout 1
[  56.1] Timeout 1
[  57.2] Timeout 1
[  58.2] Timeout 1
[  59.2] Timeout 1
[capture ended]
