[reset] board reset, pairing window reopened
[   0.0] Timeout 1
[   0.0] Timeout 1
[   0.0] Timeout 1
[   0.0] Timeout 1
[   0.0] Timeout 1
[   0.0] Timeout 1
[   0.0] Timeout 1
[   0.0] Timeout 1
[   0.0] Timeout 1
[   0.0] Timeout 1
[   0.0] Timeout 1
[   0.0] Timeout 1
[   0.0] Timeout 1
[   0.0] Timeout 1
[   0.0] Timeout 1
[   0.0] Timeout 1
[   0.0] Timeout 1
[   0.0] Timeout 1
[   0.0] Timeout 1
[   0.0] Timeout 1
[   0.0] Timeout 1
[   0.0] Timeout 1
[   0.0] Timeout 1
[   0.0] Timeout 1
[   0.0] Timeout 1
[   0.0] Timeout 1
[   0.0] Timeout 1
[   0.0] Timeout 1
[   0.0] Timeout 1
[   0.0] Timeout 1
[   0.0] Timeout 1
[   0.0] Timeout 1
[   0.0] Timeout 1
[   0.0] Timeout 1
[   0.0] Timeout 1
[   0.0] Timeout 1
[   0.0] Timeout 1
[   0.0] Timeout 1
[   0.0] Timeout 1
[   0.0] Timeout 1
[   0.0] Timeout 1
[   0.0] Timeout 1
[   0.0] Timeout 1
[   0.0] Timeout 1
[   0.0] Timeout 1
[   0.0] Timeout 1
[   0.0] Timeout 1
[   0.0] Timeout 1
[   0.0] Timeout 1
[   0.0] Timeout 1
[   0.0] Timeout 1
[   0.0] Timeout 1
[   0.0] Timeout 1
[   0.0] Timeout 1
[   0.0] Timeout 1
[   0.0] Timeout 1
[   0.0] Timeout 1
[   0.0] Timeout 1
[   0.0] Timeout 1
[   0.0] Timeout 1
[   0.0] Timeout 1
[   0.0] Timeout 1
[   0.0] Timeout 1
[   0.0] Timeout 1
[   0.0] Timeout 1
[   0.0] Timeout 1
[   0.0] Timeout 1
[   0.0] Timeout 1
[   0.0] Timeout 1
[   0.0] Timeout 1
[   0.0] Timeout 1
[   0.0] Timeout 1
[   0.0] Timeout 1
[   0.0] Timeout 1
[   0.0] Timeout 1
[   0.0] Timeout 1
[   0.0] Timeout 1
[   0.0] Timeout 1
[   0.0] Timeout 1
[   0.0] Timeout 1
[   0.0] Timeout 1
[   0.0] Timeout 1
[   0.0] Timeout 1
[   0.0] Timeout 1
[   0.0] Timeout 1
[   0.0] Timeout 1
[   0.0] Timeout 1
[   0.0] Timeout 1
[   0.0] Timeout 1
[   0.0] Timeout 1
[   0.0] Timeout 1
[   0.0] Timeout 1
[   0.0] Timeout 1
[   0.0] Timeout 1
[   0.0] Timeout 1
[   0.0] Timeout 1
[   0.0] Timeout 1
[   0.0] Timeout 1
[   0.0] Timeout 1
[   0.0] Timeout 1
[   0.0] Timeout 1
[   0.0] Timeout 1
[   0.0] Timeout 1
[   0.0] Timeout 1
[   0.0] Timeout 1
[   0.0] Timeout 1
[   0.0] Timeout 1
[   0.0] Timeout 1
[   0.0] Timeout 1
[   0.0] Timeout 1
[   0.0] Timeout 1
[   0.0] Timeout 1
[   0.0] Timeout 1
[   0.0] Timeout 1
[   0.0] Timeout 1
[   0.0] Timeout 1
[   0.0] Timeout 1
[   0.0] Timeout 1
[   0.0] Timeout 1
[   0.0] Timeout 1
[   0.0] Timeout 1
[   0.0] Timeout 1
[   0.0] Timeout 1
[   0.0] Timeout 1
[   0.0] Timeout 1
[   0.0] Timeout 1
[   0.0] Timeout 1
[   0.0] Timeout 1
[   0.0] Timeout 1
[   0.0] Timeout 1
[   0.0] Timeout 1
[   0.0] Timeout 1
[   0.0] Timeout 1
[   0.0] Timeout 1
[   0.0] Timeout 1
[   0.0] Timeout 1
[   0.0] Timeout 1
[   0.0] Timeout 1
[   0.0] Timeout 1
[   0.0] Timeout 1
[   0.0] Timeout 1
[   0.0] Timeout 1
[   0.0] Timeout 1
[   0.0] Timeout 1
[   0.0] Timeout 1
[   0.0] Timeout 1
[   0.0] Timeout 1
[   0.0] Timeout 1
[   0.0] Timeout 1
[   0.0] Timeout 1
[   0.0] Timeout 1
[   0.0] Timeout 1
[   0.0] Timeout 1
[   0.0] Timeout 1
[   0.0] Timeout 1
[   0.0] Timeout 1
[   0.0] Timeout 1
[   0.0] Timeout 1
[   0.0] Timeout 1
[   0.0] Timeout 1
[   0.0] Timeout 1
[   0.0] Timeout 1
[   0.0] Timeout 1
[   0.0] Timeout 1
[   0.0] Timeout 1
[   0.0] Timeout 1
[   0.0] Timeout 1
[   0.0] Timeout 1
[   0.0] Timeout 1
[   0.0] Timeout 1
[   0.0] Timeout 1
[   0.0] Timeout 1
[   0.0] Timeout 1
[   0.0] Timeout 1
[   0.0] Timeout 1
[   0.0] Timeout 1
[   0.0] Timeout 1
[   0.0] Timeout 1
[   0.0] Timeout 1
[   0.0] Timeout 1
[   0.0] Timeout 1
[   0.0] Timeout 1
[   0.0] Timeout 1
[   0.0] Timeout 1
[   0.0] Timeout 1
[   0.0] Timeout 1
[   0.0] Timeout 1
[   0.0] Timeout 1
[   0.0] Timeout 1
[   0.0] Timeout 1
[   0.0] Timeout 1
[   0.0] Timeout 1
[   0.0] Timeout 1
[   0.0] Timeout 1
[   0.0] Timeout 1
[   0.0] Timeout 1
[   0.0] Timeout 1
[   0.0] Timeout 1
[   0.0] Timeout 1
[   0.0] Timeout 1
[   0.0] Timeout 1
[   0.0] Timeout 1
[   0.0] Timeout 1
[   0.0] Timeout 1
[   0.0] Timeout 1
[   0.0] Timeout 1
[   0.0] Timeout 1
[   0.0] Timeout 1
[   0.0] Timeout 1
[   0.0] Timeout 1
[   0.0] Timeout 1
[   0.0] Timeout 1
[   0.0] Timeout 1
[   0.0] Timeout 1
[   0.0] Timeout 1
[   0.0] Timeout 1
[   0.0] Timeout 1
[   0.0] Timeout 1
[   0.0] Timeout 1
[   0.0] Timeout 1
[   0.0] Timeout 1
[   0.0] Timeout 1
[   0.0] Timeout 1
[   0.0] Timeout 1
[   0.0] Timeout 1
[   0.0] Timeout 1
[   0.0] Timeout 1
[   0.0] Timeout 1
[   0.0] Timeout 1
[   0.0] Timeout 1
[   0.0] Timeout 1
[   0.0] Timeout 1
[   0.0] Timeout 1
[   0.0] Timeout 1
[   0.0] Timeout 1
[   0.0] Timeout 1
[   0.0] Timeout 1
[   0.0] Timeout 1
[   0.0] Timeout 1
[   0.0] Timeout 1
[   0.0] Timeout 1
[   0.0] Timeout 1
[   0.0] Timeout 1
[   0.0] Timeout 1
[   0.0] Timeout 1
[   0.0] Timeout 1
[   0.0] Timeout 1
[   0.0] Timeout 1
[   0.0] Timeout 1
[   0.0] Timeout 1
[   0.0] Timeout 1
[   0.0] Timeout 1
[   0.0] Timeout 1
[   0.0] Timeout 1
[   0.0] Timeout 1
[   0.0] Timeout 1
[   0.0] Timeout 1
[   0.0] Timeout 1
[   0.0] Timeout 1
[   0.0] Timeout 1
[   0.0] Timeout 1
[   0.0] Timeout 1
[   0.0] Timeout 1
[   0.0] Timeout 1
[   0.0] Timeout 1
[   0.0] Timeout 1
[   0.0] Timeout 1
[   0.0] Timeout 1
[   0.0] Timeout 1
[   0.0] Timeout 1
[   0.0] Timeout 1
[   0.0] Timeout 1
[   0.0] Timeout 1
[   0.0] Timeout 1
[   0.0] Timeout 1
[   0.0] Timeout 1
[   0.0] Timeout 1
[   0.0] Timeout 1
[   0.0] Timeout 1
[   0.0] Timeout 1
[   0.0] Timeout 1
[   0.0] Timeout 1
[   0.0] Timeout 1
[   0.0] Timeout 1
[   0.0] Timeout 1
[   0.0] Timeout 1
[   0.0] Timeout 1
[   0.0] Timeout 1
[   0.0] Timeout 1
[   0.0] Timeout 1
[   0.0] Timeout 1
[   0.0] Timeout 1
[   0.0] Timeout 1
[   0.0] Timeout 1
[   0.0] Timeout 1
[   0.0] Timeout 1
[   0.0] Timeout 1
[   0.0] Timeout 1
[   0.0] Timeout 1
[   0.0] Timeout 1
[   0.0] Timeout 1
[   0.0] Timeout 1
[   0.0] Timeout 1
[   0.0] Timeout 1
[   0.0] Timeout 1
[   0.0] Timeout 1
[   0.0] Timeout 1
[   0.0] Timeout 1
[   0.0] Timeout 1
[   0.0] Timeout 1
[   0.0] Timeout 1
[   0.0] Timeout 1
[   0.0] Timeout 1
[   0.0] Timeout 1
[   0.0] Timeout 1
[   0.0] Timeout 1
[   0.0] Timeout 1
[   0.0] Timeout 1
[   0.0] Timeout 1
[   0.0] Timeout 1
[   0.0] Timeout 1
[   0.0] Timeout 1
[   0.0] Timeout 1
[   0.0] Timeout 1
[   0.0] Timeout 1
[   0.0] Timeout 1
[   0.0] Timeout 1
[   0.0] Timeout 1
[   0.0] Timeout 1
[   0.0] Timeout 1
[   0.0] Timeout 1
[   0.0] Timeout 1
[   0.0] Timeout 1
[   0.0] Timeout 1
[   0.0] Timeout 1
[   0.0] Timeout 1
[   0.0] Timeout 1
[   0.0] Timeout 1
[   0.0] Timeout 1
[   0.0] Timeout 1
[   0.0] Timeout 1
[   0.0] Timeout 1
[   0.0] Timeout 1
[   0.0] Timeout 1
[   0.0] Timeout 1
[   0.0] Timeout 1
[   0.0] Timeout 1
[   0.0] Timeout 1
[   0.0] Timeout 1
[   0.0] Timeout 1
[   0.0] Timeout 1
[   0.0] Timeout 1
[   0.0] Timeout 1
[   0.0] Timeout 1
[   0.0] Timeout 1
[   0.0] Timeout 1
[   0.0] Timeout 1
[   0.0] Timeout 1
[   0.0] Timeout 1
[   0.0] Timeout 1
[   0.0] Timeout 1
[   0.0] Timeout 1
[   0.0] Timeout 1
[   0.0] Timeout 1
[   0.0] Timeout 1
[   0.0] Timeout 1
[   0.0] Timeout 1
[   0.0] Timeout 1
[   0.0] Timeout 1
[   0.0] Timeout 1
[   0.0] Timeout 1
[   0.0] Timeout 1
[   0.0] Timeout 1
[   0.0] Timeout 1
[   0.0] Timeout 1
[   0.0] Timeout 1
[   0.0] Timeout 1
[   0.0] Timeout 1
[   0.0] Timeout 1
[   0.0] Timeout 1
[   0.0] Timeout 1
[   0.0] Timeout 1
[   0.0] Timeout 1
[   0.0] Timeout 1
[   0.0] Timeout 1
[   0.0] Timeout 1
[   0.0] Timeout 1
[   0.0] Timeout 1
[   0.0] Timeout 1
[   0.0] Timeout 1
[   0.0] Timeout 1
[   0.0] Timeout 1
[   0.0] Timeout 1
[   0.0] Timeout 1
[   0.0] Timeout 1
[   0.0] Timeout 1
[   0.0] Timeout 1
[   0.0] Timeout 1
[   0.0] Timeout 1
[   0.0] Timeout 1
[   0.0] Timeout 1
[   0.0] Timeout 1
[   0.0] Timeout 1
[   0.0] Timeout 1
[   0.0] Timeout 1
[   0.0] Timeout 1
[   0.0] Timeout 1
[   0.0] Timeout 1
[   0.0] Timeout 1
[   0.0] Timeout 1
[   0.0] Timeout 1
[   0.0] Timeout 1
[   0.0] Timeout 1
[   0.0] Timeout 1
[   0.0] Timeout 1
[   0.0] Timeout 1
[   0.0] Timeout 1
[   0.0] Timeout 1
[   0.0] Timeout 1
[   0.0] Timeout 1
[   0.0] Timeout 1
[   0.0] Timeout 1
[   0.0] Timeout 1
[   0.0] Timeout 1
[   0.0] Timeout 1
[   0.0] Timeout 1
[   0.0] Timeout 1
[   0.0] Timeout 1
[   0.0] Timeout 1
[   0.0] Timeout 1
[   0.0] Timeout 1
[   0.0] Timeout 1
[   0.0] Timeout 1
[   0.0] Timeout 1
[   0.0] Timeout 1
[   0.0] Timeout 1
[   0.0] Timeout 1
[   0.0] Timeout 1
[   0.0] Timeout 1
[   0.0] Timeout 1
[   0.0] Timeout 1
[   0.0] Timeout 1
[   0.0] Timeout 1
[   0.0] Timeout 1
[   0.0] Timeout 1
[   0.0] Timeout 1
[   0.0] Timeout 1
[   0.0] Timeout 1
[   0.0] Timeout 1
[   0.0] Timeout 1
[   0.0] Timeout 1
[   0.0] Timeout 1
[   0.0] Timeout 1
[   0.0] Timeout 1
[   0.0] Timeout 1
[   0.0] Timeout 1
[   0.0] Timeout 1
[   0.0] Timeout 1
[   0.0] Timeout 1
[   0.0] Timeout 1
[   0.0] Timeout 1
[   0.0] Timeout 1
[   0.0] Timeout 1
[   0.0] Timeout 1
[   0.0] Timeout 1
[   0.0] Timeout 1
[   0.0] Timeout 1
[   0.0] Timeout 1
[   0.0] Timeout 1
[   0.0] Timeout 1
[   0.0] Timeout 1
[   0.0] Timeout 1
[   0.0] Timeout 1
[   0.0] Timeout 1
[   0.0] Timeout 1
[   0.0] Timeout 1
[   0.0] Timeout 1
[   0.0] Timeout 1
[   0.0] Timeout 1
[   0.0] Timeout 1
[   0.0] Timeout 1
[   0.0] Timeout 1
[   0.0] Timeout 1
[   0.0] Timeout 1
[   0.0] Timeout 1
[   0.0] Timeout 1
[   0.0] Timeout 1
[   0.0] Timeout 1
[   0.0] Timeout 1
[   0.0] Timeout 1
[   0.0] Timeout 1
[   0.0] Timeout 1
[   0.0] Timeout 1
[   0.0] Timeout 1
[   0.0] Timeout 1
[   0.0] Timeout 1
[   0.0] Timeout 1
[   0.0] Timeout 1
[   0.0] Timeout 1
[   0.0] Timeout 1
[   0.0] Timeout 1
[   0.0] Timeout 1
[   0.0] Timeout 1
[   0.0] Timeout 1
[   0.0] Timeout 1
[   0.0] Timeout 1
[   0.0] Timeout 1
[   0.0] Timeout 1
[   0.0] Timeout 1
[   0.0] Timeout 1
[   0.0] Timeout 1
[   0.0] Timeout 1
[   0.0] Timeout 1
[   0.0] Timeout 1
[   0.0] Timeout 1
[   0.0] Timeout 1
[   0.0] Timeout 1
[   0.0] Timeout 1
[   0.0] Timeout 1
[   0.0] Timeout 1
[   0.0] Timeout 1
[   0.0] Timeout 1
[   0.0] Timeout 1
[   0.0] Timeout 1
[   0.0] Timeout 1
[   0.0] Timeout 1
[   0.0] Timeout 1
[   0.0] Timeout 1
[   0.0] Timeout 1
[   0.0] Timeout 1
[   0.0] Timeout 1
[   0.0] Timeout 1
[   0.0] Timeout 1
[   0.0] Timeout 1
[   0.0] Timeout 1
[   0.0] Timeout 1
[   0.0] Timeout 1
[   0.0] Timeout 1
[   0.0] Timeout 1
[   0.0] Timeout 1
[   0.0] Timeout 1
[   0.0] Timeout 1
[   0.0] Timeout 1
[   0.0] Timeout 1
[   0.0] Timeout 1
[   0.0] Timeout 1
[   0.0] Timeout 1
[   0.0] Timeout 1
[   0.0] Timeout 1
[   0.0] Timeout 1
[   0.0] Timeout 1
[   0.0] Timeout 1
[   0.0] Timeout 1
[   0.0] Timeout 1
[   0.0] Timeout 1
[   0.0] Timeout 1
[   0.0] Timeout 1
[   0.0] Timeout 1
[   0.0] Timeout 1
[   0.0] Timeout 1
[   0.0] Timeout 1
[   0.0] Timeout 1
[   0.0] Timeout 1
[   0.0] Timeout 1
[   0.0] Timeout 1
[   0.0] Timeout 1
[   0.0] Timeout 1
[   0.0] Timeout 1
[   0.0] Timeout 1
[   0.0] Timeout 1
[   0.0] Timeout 1
[   0.0] Timeout 1
[   0.0] Timeout 1
[   0.0] Timeout 1
[   0.0] Timeout 1
[   0.0] Timeout 1
[   0.0] Timeout 1
[   0.0] Timeout 1
[   0.0] Timeout 1
[   0.0] Timeout 1
[   0.0] Timeout 1
[   0.0] Timeout 1
[   0.0] Timeout 1
[   0.0] Timeout 1
[   0.0] Timeout 1
[   0.0] Timeout 1
[   0.0] Timeout 1
[   0.0] Timeout 1
[   0.0] Timeout 1
[   0.0] Timeout 1
[   0.0] Timeout 1
[   0.0] Timeout 1
[   0.0] Timeout 1
[   0.0] Timeout 1
[   0.0] Timeout 1
[   0.0] Timeout 1
[   0.0] Timeout 1
[   0.0] Timeout 1
[   0.0] Timeout 1
[   0.0] Timeout 1
[   0.0] Timeout 1
[   0.0] Timeout 1
[   0.0] Timeout 1
[   0.0] Timeout 1
[   0.0] Timeout 1
[   0.0] Timeout 1
[   0.0] Timeout 1
[   0.0] Timeout 1
[   0.0] Timeout 1
[   0.0] Timeout 1
[   0.0] Timeout 1
[   0.0] Timeout 1
[   0.0] Timeout 1
[   0.0] Timeout 1
[   0.0] Timeout 1
[   0.0] Timeout 1
[   0.0] Timeout 1
[   0.0] Timeout 1
[   0.0] Timeout 1
[   0.0] Timeout 1
[   0.0] Timeout 1
[   0.0] Timeout 1
[   0.0] Timeout 1
[   0.0] Timeout 1
[   0.0] Timeout 1
[   0.0] Timeout 1
[   0.0] Timeout 1
[   0.0] Timeout 1
[   0.0] Timeout 1
[   0.0] Timeout 1
[   0.0] Timeout 1
[   0.0] Timeout 1
[   0.0] Timeout 1
[   0.0] Timeout 1
[   0.0] Timeout 1
[   0.0] Timeout 1
[   0.0] Timeout 1
[   0.0] Timeout 1
[   0.0] Timeout 1
[   0.0] Timeout 1
[   0.0] Timeout 1
[   0.0] Timeout 1
[   0.0] Timeout 1
[   0.0] Timeout 1
[   0.0] Timeout 1
[   0.0] Timeout 1
[   0.0] Timeout 1
[   0.0] Timeout 1
[   0.0] Timeout 1
[   0.0] Timeout 1
[   0.0] Timeout 1
[   0.0] Timeout 1
[   0.0] Timeout 1
[   0.0] Timeout 1
[   0.0] Timeout 1
[   0.0] Timeout 1
[   0.0] Timeout 1
[   0.0] Timeout 1
[   0.0] Timeout 1
[   0.0] Timeout 1
[   0.0] Timeout 1
[   0.0] Timeout 1
[   0.0] Timeout 1
[   0.0] Timeout 1
[   0.0] Timeout 1
[   0.0] Timeout 1
[   0.0] Timeout 1
[   0.0] Timeout 1
[   0.0] Timeout 1
[   0.0] Timeout 1
[   0.0] Timeout 1
[   0.0] Timeout 1
[   0.0] Timeout 1
[   0.0] Timeout 1
[   0.0] Timeout 1
[   0.0] Timeout 1
[   0.0] Timeout 1
[   0.0] Timeout 1
[   0.0] Timeout 1
[   0.0] Timeout 1
[   0.0] Timeout 1
[   0.0] Timeout 1
[   0.0] Timeout 1
[   0.0] Timeout 1
[   0.0] Timeout 1
[   0.0] Timeout 1
[   0.0] Timeout 1
[   0.0] Timeout 1
[   0.0] Timeout 1
[   0.0] Timeout 1
[   0.0] Timeout 1
[   0.0] Timeout 1
[   0.0] Timeout 1
[   0.0] Timeout 1
[   0.0] Timeout 1
[   0.0] Timeout 1
[   0.0] Timeout 1
[   0.0] Timeout 1
[   0.0] Timeout 1
[   0.0] Timeout 1
[   0.0] Timeout 1
[   0.0] Timeout 1
[   0.0] Timeout 1
[   0.0] Timeout 1
[   0.0] Timeout 1
[   0.0] Timeout 1
[   0.0] Timeout 1
[   0.0] Timeout 1
[   0.0] Timeout 1
[   0.0] Timeout 1
[   0.0] Timeout 1
[   0.0] Timeout 1
[   0.0] Timeout 1
[   0.0] Timeout 1
[   0.0] Timeout 1
[   0.0] Timeout 1
[   0.0] Timeout 1
[   0.0] Timeout 1
[   0.0] Timeout 1
[   0.0] Timeout 1
[   0.0] Timeout 1
[   0.0] Timeout 1
[   0.0] Timeout 1
[   0.0] Timeout 1
[   0.0] Timeout 1
[   0.0] Timeout 1
[   0.0] Timeout 1
[   0.0] Timeout 1
[   0.0] Timeout 1
[   0.0] Timeout 1
[   0.0] Timeout 1
[   0.0] Timeout 1
[   0.0] Timeout 1
[   0.0] Timeout 1
[   0.0] Timeout 1
[   0.0] Timeout 1
[   0.0] Timeout 1
[   0.0] Timeout 1
[   0.0] Timeout 1
[   0.0] Timeout 1
[   0.0] Timeout 1
[   0.0] Timeout 1
[   0.0] Timeout 1
[   0.0] Timeout 1
[   0.0] Timeout 1
[   0.0] Timeout 1
[   0.0] Timeout 1
[   0.0] Timeout 1
[   0.0] Timeout 1
[   0.0] Timeout 1
[   0.0] Timeout 1
[   0.0] Timeout 1
[   0.0] Timeout 1
[   0.0] Timeout 1
[   0.0] Timeout 1
[   0.0] Timeout 1
[   0.0] Timeout 1
[   0.0] Timeout 1
[   0.0] Timeout 1
[   0.0] Timeout 1
[   0.0] Timeout 1
[   0.0] Timeout 1
[   0.0] Timeout 1
[   0.0] Timeout 1
[   0.0] Timeout 1
[   0.0] Timeout 1
[   0.0] Timeout 1
[   0.0] Timeout 1
[   0.0] Timeout 1
[   0.0] Timeout 1
[   0.0] Timeout 1
[   0.0] Timeout 1
[   0.0] Timeout 1
[   0.0] Timeout 1
[   0.0] Timeout 1
[   0.0] Timeout 1
[   0.0] Timeout 1
[   0.0] Timeout 1
[   0.0] Timeout 1
[   0.0] Timeout 1
[   0.0] Timeout 1
[   0.0] Timeout 1
[   0.0] Timeout 1
[   0.0] Timeout 1
[   0.0] Timeout 1
[   0.0] Timeout 1
[   0.0] Timeout 1
[   0.0] Timeout 1
[   0.0] Timeout 1
[   0.0] Timeout 1
[   0.0] Timeout 1
[   0.0] Timeout 1
[   0.0] Timeout 1
[   0.0] Timeout 1
[   0.0] Timeout 1
[   0.0] Timeout 1
[   0.0] Timeout 1
[   0.0] Timeout 1
[   0.0] Timeout 1
[   0.0] Timeout 1
[   0.0] Timeout 1
[   0.0] Timeout 1
[   0.0] Timeout 1
[   0.0] Timeout 1
[   0.0] Timeout 1
[   0.0] Timeout 1
[   0.0] Timeout 1
[   0.0] Timeout 1
[   0.0] Timeout 1
[   0.0] Timeout 1
[   0.0] Timeout 1
[   0.0] Timeout 1
[   0.0] Timeout 1
[   0.0] Timeout 1
[   0.0] Timeout 1
[   0.0] Timeout 1
[   0.0] Timeout 1
[   0.0] Timeout 1
[   0.0] Timeout 1
[   0.0] Timeout 1
[   0.0] Timeout 1
[   0.0] Timeout 1
[   0.0] Timeout 1
[   0.0] Timeout 1
[   0.0] Timeout 1
[   0.0] Timeout 1
[   0.0] Timeout 1
[   0.0] Timeout 1
[   0.0] Timeout 1
[   0.0] Timeout 1
[   0.0] Timeout 1
[   0.0] Timeout 1
[   0.0] Timeout 1
[   0.0] Timeout 1
[   0.0] Timeout 1
[   0.0] Timeout 1
[   0.0] Timeout 1
[   0.0] Timeout 1
[   0.0] Timeout 1
[   0.0] Timeout 1
[   0.0] Timeout 1
[   0.0] Timeout 1
[   0.0] Timeout 1
[   0.0] Timeout 1
[   0.0] Timeout 1
[   0.0] Timeout 1
[   0.0] Timeout 1
[   0.0] Timeout 1
[   0.0] Timeout 1
[   0.0] Timeout 1
[   0.0] Timeout 1
[   0.0] Timeout 1
[   0.0] Timeout 1
[   0.0] Timeout 1
[   0.0] Timeout 1
[   0.0] Timeout 1
[   0.0] Timeout 1
[   0.0] Timeout 1
[   0.0] Timeout 1
[   0.0] Timeout 1
[   0.0] Timeout 1
[   0.0] Timeout 1
[   0.0] Timeout 1
[   0.0] Timeout 1
[   0.0] Timeout 1
[   0.0] Timeout 1
[   0.0] Timeout 1
[   0.0] Timeout 1
[   0.0] Timeout 1
[   0.0] Timeout 1
[   0.0] Timeout 1
[   0.0] Timeout 1
[   0.0] Timeout 1
[   0.0] Timeout 1
[   0.0] Timeout 1
[   0.0] Timeout 1
[   0.0] Timeout 1
[   0.0] Timeout 1
[   0.0] Timeout 1
[   0.0] Timeout 1
[   0.0] Timeout 1
[   0.0] Timeout 1
[   0.0] Timeout 1
[   0.0] Timeout 1
[   0.0] Timeout 1
[   0.0] Timeout 1
[   0.0] Timeout 1
[   0.0] Timeout 1
[   0.0] Timeout 1
[   0.0] Timeout 1
[   0.0] Timeout 1
[   0.0] Timeout 1
[   0.0] Timeout 1
[   0.0] Timeout 1
[   0.0] Timeout 1
[   0.0] Timeout 1
[   0.0] Timeout 1
[   0.0] Timeout 1
[   0.0] Timeout 1
[   0.0] Timeout 1
[   0.0] Timeout 1
[   0.0] Timeout 1
[   0.0] Timeout 1
[   0.0] Timeout 1
[   0.0] Timeout 1
[   0.0] Timeout 1
[   0.0] Timeout 1
[   0.0] Timeout 1
[   0.0] Timeout 1
[   0.0] Timeout 1
[   0.0] Timeout 1
[   0.0] Timeout 1
[   0.0] Timeout 1
[   0.0] Timeout 1
[   0.0] Timeout 1
[   0.0] Timeout 1
[   0.0] Timeout 1
[   0.0] Timeout 1
[   0.0] Timeout 1
[   0.0] Timeout 1
[   0.0] Timeout 1
[   0.0] Timeout 1
[   0.0] Timeout 1
[   0.0] Timeout 1
[   0.0] Timeout 1
[   0.0] Timeout 1
[   0.0] Timeout 1
[   0.0] Timeout 1
[   0.0] Timeout 1
[   0.0] Timeout 1
[   0.0] Timeout 1
[   0.0] Timeout 1
[   0.0] Timeout 1
[   0.0] Timeout 1
[   0.0] Timeout 1
[   0.0] Timeout 1
[   0.0] Timeout 1
[   0.0] Timeout 1
[   0.0] Timeout 1
[   0.0] Timeout 1
[   0.0] Timeout 1
[   0.0] Timeout 1
[   0.0] Timeout 1
[   0.0] Timeout 1
[   0.0] Timeout 1
[   0.0] Timeout 1
[   0.0] Timeout 1
[   0.0] Timeout 1
[   0.0] Timeout 1
[   0.0] Timeout 1
[   0.0] Timeout 1
[   0.0] Timeout 1
[   0.0] Timeout 1
[   0.0] Timeout 1
[   0.0] Timeout 1
[   0.0] Timeout 1
[   0.0] Timeout 1
[   0.0] Timeout 1
[   0.0] Timeout 1
[   0.0] Timeout 1
[   0.0] Timeout 1
[   0.0] Timeout 1
[   0.0] Timeout 1
[   0.0] Timeout 1
[   0.0] Timeout 1
[   0.0] Timeout 1
[   0.0] Timeout 1
[   0.0] Timeout 1
[   0.0] Timeout 1
[   0.0] Timeout 1
[   0.0] Timeout 1
[   0.0] Timeout 1
[   0.0] Timeout 1
[   0.0] Timeout 1
[   0.0] Timeout 1
[   0.0] Timeout 1
[   0.0] Timeout 1
[   0.0] Timeout 1
[   0.0] Timeout 1
[   0.0] Timeout 1
[   0.0] Timeout 1
[   0.0] Timeout 1
[   0.0] Timeout 1
[   0.0] Timeout 1
[   0.0] Timeout 1
[   0.0] Timeout 1
[   0.0] Timeout 1
[   0.0] Timeout 1
[   0.0] Timeout 1
[   0.0] Timeout 1
[   0.0] Timeout 1
[   0.0] Timeout 1
[   0.0] Timeout 1
[   0.0] Timeout 1
[   0.0] Timeout 1
[   0.0] Timeout 1
[   0.0] Timeout 1
[   0.0] Timeout 1
[   0.0] Timeout 1
[   0.0] Timeout 1
[   0.0] Timeout 1
[   0.0] Timeout 1
[   0.0] Timeout 1
[   0.0] Timeout 1
[   0.0] Timeout 1
[   0.0] Timeout 1
[   0.0] Timeout 1
[   0.0] Timeout 1
[   0.0] Timeout 1
[   0.0] Timeout 1
[   0.0] Timeout 1
[   0.0] Timeout 1
[   0.0] Timeout 1
[   0.0] Timeout 1
[   0.0] Timeout 1
[   0.0] Timeout 1
[   0.0] Timeout 1
[   0.0] Timeout 1
[   0.0] Timeout 1
[   0.0] Timeout 1
[   0.0] Timeout 1
[   0.0] Timeout 1
[   0.0] Timeout 1
[   0.0] Timeout 1
[   0.0] Timeout 1
[   0.0] Timeout 1
[   0.0] Timeout 1
[   0.0] Timeout 1
[   0.0] Timeout 1
[   0.0] Timeout 1
[   0.0] Timeout 1
[   0.0] Timeout 1
[   0.0] Timeout 1
[   0.0] Timeout 1
[   0.0] Timeout 1
[   0.0] Timeout 1
[   0.0] Timeout 1
[   0.0] Timeout 1
[   0.0] Timeout 1
[   0.0] Timeout 1
[   0.0] Timeout 1
[   0.0] Timeout 1
[   0.0] Timeout 1
[   0.0] Timeout 1
[   0.0] Timeout 1
[   0.0] Timeout 1
[   0.0] Timeout 1
[   0.0] Timeout 1
[   0.0] Timeout 1
[   0.0] Timeout 1
[   0.0] Timeout 1
[   0.0] Timeout 1
[   0.0] Timeout 1
[   0.0] Timeout 1
[   0.0] Timeout 1
[   0.0] Timeout 1
[   0.0] Timeout 1
[   0.0] Timeout 1
[   0.0] Timeout 1
[   0.0] Timeout 1
[   0.0] Timeout 1
[   0.0] Timeout 1
[   0.0] Timeout 1
[   0.0] Timeout 1
[   0.0] Timeout 1
[   0.0] Timeout 1
[   0.0] Timeout 1
[   0.0] Timeout 1
[   0.0] Timeout 1
[   0.0] Timeout 1
[   0.0] Timeout 1
[   0.0] Timeout 1
[   0.0] Timeout 1
[   0.0] Timeout 1
[   0.0] Timeout 1
[   0.0] Timeout 1
[   0.0] Timeout 1
[   0.0] Timeout 1
[   0.0] Timeout 1
[   0.0] Timeout 1
[   0.0] Timeout 1
[   0.0] Timeout 1
[   0.0] Timeout 1
[   0.0] Timeout 1
[   0.0] Timeout 1
[   0.0] Timeout 1
[   0.0] Timeout 1
[   0.0] Timeout 1
[   0.0] Timeout 1
[   0.0] Timeout 1
[   0.0] Timeout 1
[   0.0] Timeout 1
[   0.0] Timeout 1
[   0.0] Timeout 1
[   0.0] Timeout 1
[   0.0] Timeout 1
[   0.0] Timeout 1
[   0.0] Timeout 1
[   0.0] Timeout 1
[   0.0] Timeout 1
[   0.0] Timeout 1
[   0.0] Timeout 1
[   0.0] Timeout 1
[   0.0] Timeout 1
[   0.0] Timeout 1
[   0.0] Timeout 1
[   0.0] Timeout 1
[   0.0] Timeout 1
[   0.0] Timeout 1
[   0.0] Timeout 1
[   0.0] Timeout 1
[   0.0] Timeout 1
[   0.0] Timeout 1
[   0.0] Timeout 1
[   0.0] Timeout 1
[   0.0] Timeout 1
[   0.0] Timeout 1
[   0.0] Timeout 1
[   0.0] Timeout 1
[   0.0] Timeout 1
[   0.0] Timeout 1
[   0.0] Timeout 1
[   0.0] Timeout 1
[   0.0] Timeout 1
[   0.0] Timeout 1
[   0.0] Timeout 1
[   0.0] Timeout 1
[   0.0] Timeout 1
[   0.0] Timeout 1
[   0.0] Timeout 1
[   0.0] Timeout 1
[   0.0] Timeout 1
[   0.0] Timeout 1
[   0.0] Timeout 1
[   0.0] Timeout 1
[   0.0] Timeout 1
[   0.0] Timeout 1
[   0.0] Timeout 1
[   0.0] Timeout 1
[   0.0] Timeout 1
[   0.0] Timeout 1
[   0.0] Timeout 1
[   0.0] Timeout 1
[   0.0] Timeout 1
[   0.0] Timeout 1
[   0.0] Timeout 1
[   0.0] Timeout 1
[   0.0] Timeout 1
[   0.0] Timeout 1
[   0.0] Timeout 1
[   0.0] Timeout 1
[   0.0] Timeout 1
[   0.0] Timeout 1
[   0.0] Timeout 1
[   0.0] Timeout 1
[   0.0] Timeout 1
[   0.0] Timeout 1
[   0.0] Timeout 1
[   0.0] Timeout 1
[   0.0] Timeout 1
[   0.0] Timeout 1
[   0.0] Timeout 1
[   0.0] Timeout 1
[   0.0] Timeout 1
[   0.0] Timeout 1
[   0.0] Timeout 1
[   0.0] Timeout 1
[   0.0] Timeout 1
[   0.0] Timeout 1
[   0.0] Timeout 1
[   0.0] Timeout 1
[   0.0] Timeout 1
[   0.0] Timeout 1
[   0.0] Timeout 1
[   0.0] Timeout 1
[   0.0] Timeout 1
[   0.0] Timeout 1
[   0.0] Timeout 1
[   0.0] Timeout 1
[   0.0] Timeout 1
[   0.0] Timeout 1
[   0.0] Timeout 1
[   0.0] Timeout 1
[   0.0] Timeout 1
[   0.0] Timeout 1
[   0.0] Timeout 1
[   0.0] Timeout 1
[   0.0] Timeout 1
[   0.0] Timeout 1
[   0.0] Timeout 1
[   0.0] Timeout 1
[   0.0] Timeout 1
[   0.0] Timeout 1
[   0.0] Timeout 1
[   0.0] Timeout 1
[   0.0] Timeout 1
[   0.0] Timeout 1
[   0.0] Timeout 1
[   0.0] Timeout 1
[   0.0] Timeout 1
[   0.0] Timeout 1
[   0.0] Timeout 1
[   0.0] Timeout 1
[   0.0] Timeout 1
[   0.0] Timeout 1
[   0.0] Timeout 1
[   0.0] Timeout 1
[   0.0] Timeout 1
[   0.0] Timeout 1
[   0.0] Timeout 1
[   0.0] Timeout 1
[   0.0] Timeout 1
[   0.0] Timeout 1
[   0.0] Timeout 1
[   0.0] Timeout 1
[   0.0] Timeout 1
[   0.0] Timeout 1
[   0.0] Timeout 1
[   0.0] Timeout 1
[   0.0] Timeout 1
[   0.0] Timeout 1
[   0.0] Timeout 1
[   0.0] Timeout 1
[   0.0] Timeout 1
[   0.0] Timeout 1
[   0.0] Timeout 1
[   0.0] Timeout 1
[   0.0] Timeout 1
[   0.0] Timeout 1
[   0.0] Timeout 1
[   0.0] Timeout 1
[   0.0] Timeout 1
[   0.0] Timeout 1
[   0.0] Timeout 1
[   0.0] Timeout 1
[   0.0] Timeout 1
[   0.0] Timeout 1
[   0.0] Timeout 1
[   0.0] Timeout 1
[   0.0] Timeout 1
[   0.0] Timeout 1
[   0.0] Timeout 1
[   0.0] Timeout 1
[   0.0] Timeout 1
[   0.0] Timeout 1
[   0.0] Timeout 1
[   0.0] Timeout 1
[   0.0] Timeout 1
[   0.0] Timeout 1
[   0.0] Timeout 1
[   0.0] Timeout 1
[   0.0] Timeout 1
[   0.0] Timeout 1
[   0.0] Timeout 1
[   0.0] Timeout 1
[   0.0] Timeout 1
[   0.0] Timeout 1
[   0.0] Timeout 1
[   0.0] Timeout 1
[   0.0] Timeout 1
[   0.0] Timeout 1
[   0.0] Timeout 1
[   0.0] Timeout 1
[   0.0] Timeout 1
[   0.0] Timeout 1
[   0.0] Timeout 1
[   0.0] Timeout 1
[   0.0] Timeout 1
[   0.0] Timeout 1
[   0.0] Timeout 1
[   0.0] Timeout 1
[   0.0] Timeout 1
[   0.0] Timeout 1
[   0.0] Timeout 1
[   0.0] Timeout 1
[   0.0] Timeout 1
[   0.0] Timeout 1
[   0.0] Timeout 1
[   0.0] Timeout 1
[   0.0] Timeout 1
[   0.0] Timeout 1
[   0.0] Timeout 1
[   0.0] Timeout 1
[   0.0] Timeout 1
[   0.0] Timeout 1
[   0.0] Timeout 1
[   0.0] Timeout 1
[   0.0] Timeout 1
[   0.0] Timeout 1
[   0.0] Timeout 1
[   0.0] Timeout 1
[   0.0] Timeout 1
[   0.0] Timeout 1
[   0.0] Timeout 1
[   0.0] Timeout 1
[   0.0] Timeout 1
[   0.0] Timeout 1
[   0.0] Timeout 1
[   0.0] Timeout 1
[   0.0] Timeout 1
[   0.0] Timeout 1
[   0.0] Timeout 1
[   0.0] Timeout 1
[   0.0] Timeout 1
[   0.0] Timeout 1
[   0.0] Timeout 1
[   0.0] Timeout 1
[   0.0] Timeout 1
[   0.0] Timeout 1
[   0.0] Timeout 1
[   0.0] Timeout 1
[   0.0] Timeout 1
[   0.0] Timeout 1
[   0.0] Timeout 1
[   0.0] Timeout 1
[   0.0] Timeout 1
[   0.0] Timeout 1
[   0.0] Timeout 1
[   0.0] Timeout 1
[   0.0] Timeout 1
[   0.0] Timeout 1
[   0.0] Timeout 1
[   0.0] Timeout 1
[   0.0] Timeout 1
[   0.0] Timeout 1
[   0.0] Timeout 1
[   0.0] Timeout 1
[   0.0] Timeout 1
[   0.0] Timeout 1
[   0.0] Timeout 1
[   0.0] Timeout 1
[   0.0] Timeout 1
[   0.0] Timeout 1
[   0.0] Timeout 1
[   0.0] Timeout 1
[   0.0] Timeout 1
[   0.0] Timeout 1
[   0.0] Timeout 1
[   0.0] Timeout 1
[   0.0] Timeout 1
[   0.0] Timeout 1
[   0.0] Timeout 1
[   0.0] Timeout 1
[   0.0] Timeout 1
[   0.0] Timeout 1
[   0.0] Timeout 1
[   0.0] Timeout 1
[   0.0] Timeout 1
[   0.0] Timeout 1
[   0.0] Timeout 1
[   0.0] Timeout 1
[   0.0] Timeout 1
[   0.0] Timeout 1
[   0.0] Timeout 1
[   0.0] Timeout 1
[   0.0] Timeout 1
[   0.0] Timeout 1
[   0.0] Timeout 1
[   0.0] Timeout 1
[   0.0] Timeout 1
[   0.0] Timeout 1
[   0.0] Timeout 1
[   0.0] Timeout 1
[   0.0] Timeout 1
[   0.0] Timeout 1
[   0.0] Timeout 1
[   0.0] Timeout 1
[   0.0] Timeout 1
[   0.0] Timeout 1
[   0.0] Timeout 1
[   0.0] Timeout 1
[   0.0] Timeout 1
[   0.0] Timeout 1
[   0.0] Timeout 1
[   0.0] Timeout 1
[   0.0] Timeout 1
[   0.0] Timeout 1
[   0.0] Timeout 1
[   0.0] Timeout 1
[   0.0] Timeout 1
[   0.0] Timeout 1
[   0.0] Timeout 1
[   0.0] Timeout 1
[   0.0] Timeout 1
[   0.0] Timeout 1
[   0.0] Timeout 1
[   0.0] Timeout 1
[   0.0] Timeout 1
[   0.0] Timeout 1
[   0.0] Timeout 1
[   0.0] Timeout 1
[   0.0] Timeout 1
[   0.0] Timeout 1
[   0.0] Timeout 1
[   0.0] Timeout 1
[   0.0] Timeout 1
[   0.0] Timeout 1
[   0.0] Timeout 1
[   0.0] Timeout 1
[   0.0] Timeout 1
[   0.0] Timeout 1
[   0.0] Timeout 1
[   0.0] Timeout 1
[   0.0] Timeout 1
[   0.0] Timeout 1
[   0.0] Timeout 1
[   0.0] Timeout 1
[   0.0] Timeout 1
[   0.0] Timeout 1
[   0.0] Timeout 1
[   0.0] Timeout 1
[   0.0] Timeout 1
[   0.0] Timeout 1
[   0.0] Timeout 1
[   0.0] Timeout 1
[   0.0] Timeout 1
[   0.0] Timeout 1
[   0.0] Timeout 1
[   0.0] Timeout 1
[   0.0] Timeout 1
[   0.0] Timeout 1
[   0.0] Timeout 1
[   0.0] Timeout 1
[   0.0] Timeout 1
[   0.0] Timeout 1
[   0.0] Timeout 1
[   0.0] Timeout 1
[   0.0] Timeout 1
[   0.0] Timeout 1
[   0.0] Timeout 1
[   0.0] Timeout 1
[   0.0] Timeout 1
[   0.0] Timeout 1
[   0.0] Timeout 1
[   0.0] Timeout 1
[   0.0] Timeout 1
[   0.0] Timeout 1
[   0.0] Timeout 1
[   0.0] Timeout 1
[   0.0] Timeout 1
[   0.0] Timeout 1
[   0.0] Timeout 1
[   0.0] Timeout 1
[   0.0] Timeout 1
[   0.0] Timeout 1
[   0.0] Timeout 1
[   0.0] Timeout 1
[   0.0] Timeout 1
[   0.0] Timeout 1
[   0.0] Timeout 1
[   0.0] Timeout 1
[   0.0] Timeout 1
[   0.0] Timeout 1
[   0.0] Timeout 1
[   0.0] Timeout 1
[   0.0] Timeout 1
[   0.0] Timeout 1
[   0.0] Timeout 1
[   0.0] Timeout 1
[   0.0] Timeout 1
[   0.0] Timeout 1
[   0.0] Timeout 1
[   0.0] Timeout 1
[   0.0] Timeout 1
[   0.0] Timeout 1
[   0.0] Timeout 1
[   0.0] Timeout 1
[   0.0] Timeout 1
[   0.0] Timeout 1
[   0.0] Timeout 1
[   0.0] Timeout 1
[   0.0] Timeout 1
[   0.0] Timeout 1
[   0.0] Timeout 1
[   0.0] Timeout 1
[   0.0] Timeout 1
[   0.0] Timeout 1
[   0.0] Timeout 1
[   0.0] Timeout 1
[   0.0] Timeout 1
[   0.0] Timeout 1
[   0.0] Timeout 1
[   0.0] Timeout 1
[   0.0] Timeout 1
[   0.0] Timeout 1
[   0.0] Timeout 1
[   0.0] Timeout 1
[   0.0] Timeout 1
[   0.0] Timeout 1
[   0.0] Timeout 1
[   0.0] Timeout 1
[   0.0] Timeout 1
[   0.0] Timeout 1
[   0.0] Timeout 1
[   0.0] Timeout 1
[   0.0] Timeout 1
[   0.0] Timeout 1
[   0.0] Timeout 1
[   0.0] Timeout 1
[   0.0] Timeout 1
[   0.0] Timeout 1
[   0.0] Timeout 1
[   0.0] Timeout 1
[   0.0] Timeout 1
[   0.0] Timeout 1
[   0.0] Timeout 1
[   0.0] Timeout 1
[   0.0] Timeout 1
[   0.0] Timeout 1
[   0.0] Timeout 1
[   0.0] Timeout 1
[   0.0] Timeout 1
[   0.0] Timeout 1
[   0.0] Timeout 1
[   0.0] Timeout 1
[   0.0] Timeout 1
[   0.0] Timeout 1
[   0.0] Timeout 1
[   0.0] Timeout 1
[   0.0] Timeout 1
[   0.0] Timeout 1
[   0.0] Timeout 1
[   0.0] Timeout 1
[   0.0] Timeout 1
[   0.0] Timeout 1
[   0.0] Timeout 1
[   0.0] Timeout 1
[   0.0] Timeout 1
[   0.0] Timeout 1
[   0.0] Timeout 1
[   0.0] Timeout 1
[   0.0] Timeout 1
[   0.0] Timeout 1
[   0.0] Timeout 1
[   0.0] Timeout 1
[   0.0] Timeout 1
[   0.0] Timeout 1
[   0.0] Timeout 1
[   0.0] Timeout 1
[   0.0] Timeout 1
[   0.0] Timeout 1
[   0.0] Timeout 1
[   0.0] Timeout 1
[   0.0] Timeout 1
[   0.0] Timeout 1
[   0.0] Timeout 1
[   0.0] Timeout 1
[   0.0] Timeout 1
[   0.0] Timeout 1
[   0.0] Timeout 1
[   0.0] Timeout 1
[   0.0] Timeout 1
[   0.0] Timeout 1
[   0.0] Timeout 1
[   0.0] Timeout 1
[   0.0] Timeout 1
[   0.0] Timeout 1
[   0.0] Timeout 1
[   0.0] Timeout 1
[   0.0] Timeout 1
[   0.0] Timeout 1
[   0.0] Timeout 1
[   0.0] Timeout 1
[   0.0] Timeout 1
[   0.0] Timeout 1
[   0.0] Timeout 1
[   0.0] Timeout 1
[   0.0] Timeout 1
[   0.0] Timeout 1
[   0.0] Timeout 1
[   0.0] Timeout 1
[   0.0] Timeout 1
[   0.0] Timeout 1
[   0.0] Timeout 1
[   0.0] Timeout 1
[   0.0] Timeout 1
[   0.0] Timeout 1
[   0.0] Timeout 1
[   0.0] Timeout 1
[   0.0] Timeout 1
[   0.0] Timeout 1
[   0.0] Timeout 1
[   0.0] Timeout 1
[   0.0] Timeout 1
[   0.0] Timeout 1
[   0.0] Timeout 1
[   0.0] Timeout 1
[   0.0] Timeout 1
[   0.0] Timeout 1
[   0.0] Timeout 1
[   0.0] Timeout 1
[   0.0] Timeout 1
[   0.0] Timeout 1
[   0.0] Timeout 1
[   0.0] Timeout 1
[   0.0] Timeout 1
[   0.0] Timeout 1
[   0.0] Timeout 1
[   0.0] Timeout 1
[   0.0] Timeout 1
[   0.0] Timeout 1
[   0.0] Timeout 1
[   0.0] Timeout 1
[   0.0] Timeout 1
[   0.0] Timeout 1
[   0.0] Timeout 1
[   0.0] Timeout 1
[   0.0] Timeout 1
[   0.0] Timeout 1
[   0.0] Timeout 1
[   0.0] Timeout 1
[   0.0] Timeout 1
[   0.0] Timeout 1
[   0.0] Timeout 1
[   0.0] Timeout 1
[   0.0] Timeout 1
[   0.0] Timeout 1
[   0.0] Timeout 1
[   0.0] Timeout 1
[   0.0] Timeout 1
[   0.0] Timeout 1
[   0.0] Timeout 1
[   0.0] Timeout 1
[   0.0] Timeout 1
[   0.0] Timeout 1
[   0.0] Timeout 1
[   0.0] Timeout 1
[   0.0] Timeout 1
[   0.0] Timeout 1
[   0.0] Timeout 1
[   0.0] Timeout 1
[   0.0] Timeout 1
[   0.0] Timeout 1
[   0.0] Timeout 1
[   0.0] Timeout 1
[   0.0] Timeout 1
[   0.0] Timeout 1
[   0.0] Timeout 1
[   0.0] Timeout 1
[   0.0] Timeout 1
[   0.0] Timeout 1
[   0.0] Timeout 1
[   0.0] Timeout 1
[   0.0] Timeout 1
[   0.0] Timeout 1
[   0.0] Timeout 1
[   0.0] Timeout 1
[   0.0] Timeout 1
[   0.0] Timeout 1
[   0.0] Timeout 1
[   0.0] Timeout 1
[   0.0] Timeout 1
[   0.0] Timeout 1
[   0.0] Timeout 1
[   0.0] Timeout 1
[   0.0] Timeout 1
[   0.0] Timeout 1
[   0.0] Timeout 1
[   0.0] Timeout 1
[   0.0] Timeout 1
[   0.0] Timeout 1
[   0.0] Timeout 1
[   0.0] Timeout 1
[   0.0] Timeout 1
[   0.0] Timeout 1
[   0.0] Timeout 1
[   0.0] Timeout 1
[   0.0] Timeout 1
[   0.0] Timeout 1
[   0.0] Timeout 1
[   0.0] Timeout 1
[   0.0] Timeout 1
[   0.0] Timeout 1
[   0.0] Timeout 1
[   0.0] Timeout 1
[   0.0] Timeout 1
[   0.0] Timeout 1
[   0.0] Timeout 1
[   0.0] Timeout 1
[   0.0] Timeout 1
[   0.0] Timeout 1
[   0.0] Timeout 1
[   0.0] Timeout 1
[   0.0] Timeout 1
[   0.0] Timeout 1
[   0.0] Timeout 1
[   0.0] Timeout 1
[   0.0] Timeout 1
[   0.0] Timeout 1
[   0.0] Timeout 1
[   0.0] Timeout 1
[   0.0] Timeout 1
[   0.0] Timeout 1
[   0.0] Timeout 1
[   0.0] Timeout 1
[   0.0] Timeout 1
[   0.0] Timeout 1
[   0.0] Timeout 1
[   0.0] Timeout 1
[   0.0] Timeout 1
[   0.0] Timeout 1
[   0.0] Timeout 1
[   0.0] Timeout 1
[   0.0] Timeout 1
[   0.0] Timeout 1
[   0.0] Timeout 1
[   0.0] Timeout 1
[   0.0] Timeout 1
[   0.0] Timeout 1
[   0.0] Timeout 1
[   0.0] Timeout 1
[   0.0] Timeout 1
[   0.0] Timeout 1
[   0.0] Timeout 1
[   0.0] Timeout 1
[   0.0] Timeout 1
[   0.0] Timeout 1
[   0.0] Timeout 1
[   0.0] Timeout 1
[   0.0] Timeout 1
[   0.0] Timeout 1
[   0.0] Timeout 1
[   0.0] Timeout 1
[   0.0] Timeout 1
[   0.0] Timeout 1
[   0.0] Timeout 1
[   0.0] Timeout 1
[   0.0] Timeout 1
[   0.0] Timeout 1
[   0.0] Timeout 1
[   0.0] Timeout 1
[   0.0] Timeout 1
[   0.0] Timeout 1
[   0.0] Timeout 1
[   0.0] Timeout 1
[   0.0] Timeout 1
[   0.0] Timeout 1
[   0.0] Timeout 1
[   0.0] Timeout 1
[   0.0] Timeout 1
[   0.0] Timeout 1
[   0.0] Timeout 1
[   0.0] Timeout 1
[   0.0] Timeout 1
[   0.0] Timeout 1
[   0.0] Timeout 1
[   0.0] Timeout 1
[   0.0] Timeout 1
[   0.0] Timeout 1
[   0.0] Timeout 1
[   0.0] Timeout 1
[   0.0] Timeout 1
[   0.0] Timeout 1
[   0.0] Timeout 1
[   0.0] Timeout 1
[   0.0] Timeout 1
[   0.0] Timeout 1
[   0.0] Timeout 1
[   0.0] Timeout 1
[   0.0] Timeout 1
[   0.0] Timeout 1
[   0.0] Timeout 1
[   0.0] Timeout 1
[   0.0] Timeout 1
[   0.0] Timeout 1
[   0.0] Timeout 1
[   0.0] Timeout 1
[   0.0] Timeout 1
[   0.0] Timeout 1
[   0.0] Timeout 1
[   0.0] Timeout 1
[   0.0] Timeout 1
[   0.0] Timeout 1
[   0.0] Timeout 1
[   0.0] Timeout 1
[   0.0] Timeout 1
[   0.0] Timeout 1
[   0.0] Timeout 1
[   0.0] Timeout 1
[   0.0] Timeout 1
[   0.0] Timeout 1
[   0.0] Timeout 1
[   0.0] Timeout 1
[   0.0] Timeout 1
[   0.0] Timeout 1
[   0.0] Timeout 1
[   0.0] Timeout 1
[   0.0] Timeout 1
[   0.0] Timeout 1
[   0.0] Timeout 1
[   0.0] Timeout 1
[   0.0] Timeout 1
[   0.0] Timeout 1
[   0.0] Timeout 1
[   0.0] Timeout 1
[   0.0] Timeout 1
[   0.0] Timeout 1
[   0.0] Timeout 1
[   0.0] Timeout 1
[   0.0] Timeout 1
[   0.0] Timeout 1
[   0.0] Timeout 1
[   0.0] Timeout 1
[   0.0] Timeout 1
[   0.0] Timeout 1
[   0.0] Timeout 1
[   0.0] Timeout 1
[   0.0] Timeout 1
[   0.0] Timeout 1
[   0.0] Timeout 1
[   0.0] Timeout 1
[   0.0] Timeout 1
[   0.0] Timeout 1
[   0.0] Timeout 1
[   0.0] Timeout 1
[   0.0] Timeout 1
[   0.0] Timeout 1
[   0.0] Timeout 1
[   0.0] Timeout 1
[   0.0] Timeout 1
[   0.0] Timeout 1
[   0.0] Timeout 1
[   0.0] Timeout 1
[   0.0] Timeout 1
[   0.0] Timeout 1
[   0.0] Timeout 1
[   0.0] Timeout 1
[   0.0] Timeout 1
[   0.0] Timeout 1
[   0.0] Timeout 1
[   0.0] Timeout 1
[   0.0] Timeout 1
[   0.0] Timeout 1
[   0.0] Timeout 1
[   0.0] Timeout 1
[   0.0] Timeout 1
[   0.0] Timeout 1
[   0.0] Timeout 1
[   0.0] Timeout 1
[   0.0] Timeout 1
[   0.0] Timeout 1
[   0.0] Timeout 1
[   0.0] Timeout 1
[   0.0] Timeout 1
[   0.0] Timeout 1
[   0.0] Timeout 1
[   0.0] Timeout 1
[   0.0] Timeout 1
[   0.0] Timeout 1
[   0.0] Timeout 1
[   0.0] Timeout 1
[   0.0] Timeout 1
[   0.0] Timeout 1
[   0.0] Timeout 1
[   0.0] Timeout 1
[   0.0] Timeout 1
[   0.0] Timeout 1
[   0.0] Timeout 1
[   0.0] Timeout 1
[   0.0] Timeout 1
[   0.0] Timeout 1
[   0.0] Timeout 1
[   0.0] Timeout 1
[   0.0] Timeout 1
[   0.0] Timeout 1
[   0.0] Timeout 1
[   0.0] Timeout 1
[   0.0] Timeout 1
[   0.0] Timeout 1
[   0.0] Timeout 1
[   0.0] Timeout 1
[   0.0] Timeout 1
[   0.0] Timeout 1
[   0.0] Timeout 1
[   0.0] Timeout 1
[   0.0] Timeout 1
[   0.0] Timeout 1
[   0.0] Timeout 1
[   0.0] Timeout 1
[   0.0] Timeout 1
[   0.0] Timeout 1
[   0.0] Timeout 1
[   0.0] Timeout 1
[   0.0] Timeout 1
[   0.0] Timeout 1
[   0.0] Timeout 1
[   0.0] Timeout 1
[   0.0] Timeout 1
[   0.0] Timeout 1
[   0.0] Timeout 1
[   0.0] Timeout 1
[   0.0] Timeout 1
[   0.0] Timeout 1
[   0.0] Timeout 1
[   0.0] Timeout 1
[   0.0] Timeout 1
[   0.0] Timeout 1
[   0.0] Timeout 1
[   0.0] Timeout 1
[   0.0] Timeout 1
[   0.0] Timeout 1
[   0.0] Timeout 1
[   0.0] Timeout 1
[   0.0] Timeout 1
[   0.0] Timeout 1
[   0.0] Timeout 1
[   0.0] Timeout 1
[   0.0] Timeout 1
[   0.0] Timeout 1
[   0.0] Timeout 1
[   0.0] Timeout 1
[   0.0] Timeout 1
[   0.0] Timeout 1
[   0.0] Timeout 1
[   0.0] Timeout 1
[   0.0] Timeout 1
[   0.0] Timeout 1
[   0.0] Timeout 1
[   0.0] Timeout 1
[   0.0] Timeout 1
[   0.0] Timeout 1
[   0.0] Timeout 1
[   0.0] Timeout 1
[   0.0] Timeout 1
[   0.0] Timeout 1
[   0.0] Timeout 1
[   0.0] Timeout 1
[   0.0] Timeout 1
[   0.0] Timeout 1
[   0.0] Timeout 1
[   0.0] Timeout 1
[   0.0] Timeout 1
[   0.0] Timeout 1
[   0.0] Timeout 1
[   0.0] Timeout 1
[   0.0] Timeout 1
[   0.0] Timeout 1
[   0.0] Timeout 1
[   0.0] Timeout 1
[   0.0] Timeout 1
[   0.0] Timeout 1
[   0.0] Timeout 1
[   0.0] Timeout 1
[   0.0] Timeout 1
[   0.0] Timeout 1
[   0.0] Timeout 1
[   0.0] Timeout 1
[   0.0] Timeout 1
[   0.0] Timeout 1
[   0.0] Timeout 1
[   0.0] Timeout 1
[   0.0] Timeout 1
[   0.0] Timeout 1
[   0.0] Timeout 1
[   0.0] Timeout 1
[   0.0] Timeout 1
[   0.0] Timeout 1
[   0.0] Timeout 1
[   0.0] Timeout 1
[   0.0] Timeout 1
[   0.0] Timeout 1
[   0.0] Timeout 1
[   0.0] Timeout 1
[   0.0] Timeout 1
[   0.0] Timeout 1
[   0.0] Timeout 1
[   0.0] Timeout 1
[   0.0] Timeout 1
[   0.0] Timeout 1
[   0.0] Timeout 1
[   0.0] Timeout 1
[   0.0] Timeout 1
[   0.0] Timeout 1
[   0.0] Timeout 1
[   0.0] Timeout 1
[   0.0] Timeout 1
[   0.0] Timeout 1
[   0.0] Timeout 1
[   0.0] Timeout 1
[   0.0] Timeout 1
[   0.0] Timeout 1
[   0.0] Timeout 1
[   0.0] Timeout 1
[   0.0] Timeout 1
[   0.0] Timeout 1
[   0.0] Timeout 1
[   0.0] Timeout 1
[   0.0] Timeout 1
[   0.0] Timeout 1
[   0.0] Timeout 1
[   0.0] Timeout 1
[   0.0] Timeout 1
[   0.0] Timeout 1
[   0.0] Timeout 1
[   0.0] Timeout 1
[   0.0] Timeout 1
[   0.0] Timeout 1
[   0.0] Timeout 1
[   0.0] Timeout 1
[   0.0] Timeout 1
[   0.0] Timeout 1
[   0.0] Timeout 1
[   0.0] Timeout 1
[   0.0] Timeout 1
[   0.0] Timeout 1
[   0.0] Timeout 1
[   0.0] Timeout 1
[   0.0] Timeout 1
[   0.0] Timeout 1
[   0.0] Timeout 1
[   0.0] Timeout 1
[   0.0] Timeout 1
[   0.0] Timeout 1
[   0.0] Timeout 1
[   0.0] Timeout 1
[   0.0] Timeout 1
[   0.0] Timeout 1
[   0.0] Timeout 1
[   0.0] Timeout 1
[   0.0] Timeout 1
[   0.0] Timeout 1
[   0.0] Timeout 1
[   0.0] Timeout 1
[   0.0] Timeout 1
[   0.0] Timeout 1
[   0.0] Timeout 1
[   0.0] Timeout 1
[   0.0] Timeout 1
[   0.0] Timeout 1
[   0.0] Timeout 1
[   0.0] Timeout 1
[   0.0] Timeout 1
[   0.0] Timeout 1
[   0.0] Timeout 1
[   0.0] Timeout 1
[   0.0] Timeout 1
[   0.0] Timeout 1
[   0.0] Timeout 1
[   0.0] Timeout 1
[   0.0] Timeout 1
[   0.0] Timeout 1
[   0.0] Timeout 1
[   0.0] Timeout 1
[   0.0] Timeout 1
[   0.0] Timeout 1
[   0.0] Timeout 1
[   0.0] Timeout 1
[   0.0] Timeout 1
[   0.0] Timeout 1
[   0.0] Timeout 1
[   0.0] Timeout 1
[   0.0] Timeout 1
[   0.0] Timeout 1
[   0.0] Timeout 1
[   0.0] Timeout 1
[   0.0] Timeout 1
[   0.0] Timeout 1
[   0.0] Timeout 1
[   0.0] Timeout 1
[   0.0] Timeout 1
[   0.0] Timeout 1
[   0.0] Timeout 1
[   0.0] Timeout 1
[   0.0] Timeout 1
[   0.0] Timeout 1
[   0.0] Timeout 1
[   0.0] Timeout 1
[   0.0] Timeout 1
[   0.0] Timeout 1
[   0.0] Timeout 1
[   0.0] Timeout 1
[   0.0] Timeout 1
[   0.0] Timeout 1
[   0.0] Timeout 1
[   0.0] Timeout 1
[   0.0] Timeout 1
[   0.0] Timeout 1
[   0.0] Timeout 1
[   0.0] Timeout 1
[   0.0] Timeout 1
[   0.0] Timeout 1
[   0.0] Timeout 1
[   0.0] Timeout 1
[   0.0] Timeout 1
[   0.0] Timeout 1
[   0.0] Timeout 1
[   0.0] Timeout 1
[   0.0] Timeout 1
[   0.0] Timeout 1
[   0.0] Timeout 1
[   0.0] Timeout 1
[   0.0] Timeout 1
[   0.0] Timeout 1
[   0.0] Timeout 1
[   0.0] Timeout 1
[   0.0] Timeout 1
[   0.0] Timeout 1
[   0.0] Timeout 1
[   0.0] Timeout 1
[   0.0] Timeout 1
[   0.0] Timeout 1
[   0.0] Timeout 1
[   0.0] Timeout 1
[   0.0] Timeout 1
[   0.0] Timeout 1
[   0.0] Timeout 1
[   0.0] Timeout 1
[   0.0] Timeout 1
[   0.0] Timeout 1
[   0.0] Timeout 1
[   0.0] Timeout 1
[   0.0] Timeout 1
[   0.0] Timeout 1
[   0.0] Timeout 1
[   0.0] Timeout 1
[   0.0] Timeout 1
[   0.0] Timeout 1
[   0.0] Timeout 1
[   0.0] Timeout 1
[   0.0] Timeout 1
[   0.0] Timeout 1
[   0.0] Timeout 1
[   0.0] Timeout 1
[   0.0] Timeout 1
[   0.0] Timeout 1
[   0.0] Timeout 1
[   0.0] Timeout 1
[   0.0] Timeout 1
[   0.0] Timeout 1
[   0.0] Timeout 1
[   0.0] Timeout 1
[   0.0] Timeout 1
[   0.0] Timeout 1
[   0.0] Timeout 1
[   0.0] Timeout 1
[   0.0] Timeout 1
[   0.0] Timeout 1
[   0.0] Timeout 1
[   0.0] Timeout 1
[   0.0] Timeout 1
[   0.0] Timeout 1
[   0.0] Timeout 1
[   0.0] Timeout 1
[   0.0] Timeout 1
[   0.0] Timeout 1
[   0.0] Timeout 1
[   0.0] Timeout 1
[   0.0] Timeout 1
[   0.0] Timeout 1
[   0.0] Timeout 1
[   0.0] Timeout 1
[   0.0] Timeout 1
[   0.0] Timeout 1
[   0.0] Timeout 1
[   0.0] Timeout 1
[   0.0] Timeout 1
[   0.0] Timeout 1
[   0.0] Timeout 1
[   0.0] Timeout 1
[   0.0] Timeout 1
[   0.0] Timeout 1
[   0.0] Timeout 1
[   0.0] Timeout 1
[   0.0] Timeout 1
[   0.0] Timeout 1
[   0.0] Timeout 1
[   0.0] Timeout 1
[   0.0] Timeout 1
[   0.0] Timeout 1
[   0.0] Timeout 1
[   0.0] Timeout 1
[   0.0] Timeout 1
[   0.0] Timeout 1
[   0.0] Timeout 1
[   0.0] Timeout 1
[   0.0] Timeout 1
[   0.0] Timeout 1
[   0.0] Timeout 1
[   0.0] Timeout 1
[   0.0] Timeout 1
[   0.0] Timeout 1
[   0.0] Timeout 1
[   0.0] Timeout 1
[   0.0] Timeout 1
[   0.0] Timeout 1
[   0.0] Timeout 1
[   0.0] Timeout 1
[   0.0] Timeout 1
[   0.0] Timeout 1
[   0.0] Timeout 1
[   0.0] Timeout 1
[   0.0] Timeout 1
[   0.0] Timeout 1
[   0.0] Timeout 1
[   0.0] Timeout 1
[   0.0] Timeout 1
[   0.0] Timeout 1
[   0.0] Timeout 1
[   0.0] Timeout 1
[   0.0] Timeout 1
[   0.0] Timeout 1
[   0.0] Timeout 1
[   0.0] Timeout 1
[   0.0] Timeout 1
[   0.0] Timeout 1
[   0.0] Timeout 1
[   0.0] Timeout 1
[   0.0] Timeout 1
[   0.0] Timeout 1
[   0.0] Timeout 1
[   0.0] Timeout 1
[   0.0] Timeout 1
[   0.0] Timeout 1
[   0.0] Timeout 1
[   0.0] Timeout 1
[   0.0] Timeout 1
[   0.0] Timeout 1
[   0.0] Timeout 1
[   0.0] Timeout 1
[   0.0] Timeout 1
[   0.0] Timeout 1
[   0.0] Timeout 1
[   0.0] Timeout 1
[   0.0] Timeout 1
[   0.0] Timeout 1
[   0.0] Timeout 1
[   0.0] Timeout 1
[   0.0] Timeout 1
[   0.0] Timeout 1
[   0.0] Timeout 1
[   0.0] Timeout 1
[   0.0] Timeout 1
[   0.0] Timeout 1
[   0.0] Timeout 1
[   0.0] Timeout 1
[   0.0] Timeout 1
[   0.0] Timeout 1
[   0.0] Timeout 1
[   0.0] Timeout 1
[   0.0] Timeout 1
[   0.0] Timeout 1
[   0.0] Timeout 1
[   0.0] Timeout 1
[   0.0] Timeout 1
[   0.0] Timeout 1
[   0.0] Timeout 1
[   0.0] Timeout 1
[   0.0] Timeout 1
[   0.0] Timeout 1
[   0.0] Timeout 1
[   0.0] Timeout 1
[   0.0] Timeout 1
[   0.0] Timeout 1
[   0.0] Timeout 1
[   0.0] Timeout 1
[   0.0] Timeout 1
[   0.0] Timeout 1
[   0.0] Timeout 1
[   0.0] Timeout 1
[   0.0] Timeout 1
[   0.0] Timeout 1
[   0.0] Timeout 1
[   0.0] Timeout 1
[   0.0] Timeout 1
[   0.0] Timeout 1
[   0.0] Timeout 1
[   0.0] Timeout 1
[   0.0] Timeout 1
[   0.0] Timeout 1
[   0.0] Timeout 1
[   0.0] Timeout 1
[   0.0] Timeout 1
[   0.0] Timeout 1
[   0.0] Timeout 1
[   0.0] Timeout 1
[   0.0] Timeout 1
[   0.0] Timeout 1
[   0.0] Timeout 1
[   0.0] Timeout 1
[   0.0] Timeout 1
[   0.0] Timeout 1
[   0.0] Timeout 1
[   0.0] Timeout 1
[   0.0] Timeout 1
[   0.0] Timeout 1
[   0.0] Timeout 1
[   0.0] Timeout 1
[   0.0] Timeout 1
[   0.0] Timeout 1
[   0.0] Timeout 1
[   0.0] Timeout 1
[   0.0] Timeout 1
[   0.0] Timeout 1
[   0.0] Timeout 1
[   0.0] Timeout 1
[   0.0] Timeout 1
[   0.0] Timeout 1
[   0.0] Timeout 1
[   0.0] Timeout 1
[   0.0] Timeout 1
[   0.0] Timeout 1
[   0.0] Timeout 1
[   0.0] Timeout 1
[   0.0] Timeout 1
[   0.0] Timeout 1
[   0.0] Timeout 1
[   0.0] Timeout 1
[   0.0] Timeout 1
[   0.0] Timeout 1
[   0.0] Timeout 1
[   0.0] Timeout 1
[   0.0] Timeout 1
[   0.0] Timeout 1
[   0.0] Timeout 1
[   0.0] Timeout 1
[   0.0] Timeout 1
[   0.0] Timeout 1
[   0.0] Timeout 1
[   0.0] Timeout 1
[   0.0] Timeout 1
[   0.0] Timeout 1
[   0.0] Timeout 1
[   0.0] Timeout 1
[   0.0] Timeout 1
[   0.0] Timeout 1
[   0.0] Timeout 1
[   0.0] Timeout 1
[   0.0] Timeout 1
[   0.0] Timeout 1
[   0.0] Timeout 1
[   0.0] Timeout 1
[   0.0] Timeout 1
[   0.0] Timeout 1
[   0.0] Timeout 1
[   0.0] Timeout 1
[   0.0] Timeout 1
[   0.0] Timeout 1
[   0.0] Timeout 1
[   0.0] Timeout 1
[   0.0] Timeout 1
[   0.0] Timeout 1
[   0.0] Timeout 1
[   0.0] Timeout 1
[   0.0] Timeout 1
[   0.0] Timeout 1
[   0.0] Timeout 1
[   0.0] Timeout 1
[   0.0] Timeout 1
[   0.0] Timeout 1
[   0.0] Timeout 1
[   0.0] Timeout 1
[   0.0] Timeout 1
[   0.0] Timeout 1
[   0.0] Timeout 1
[   0.0] Timeout 1
[   0.0] Timeout 1
[   0.0] Timeout 1
[   0.0] Timeout 1
[   0.0] Timeout 1
[   0.0] Timeout 1
[   0.0] Timeout 1
[   0.0] Timeout 1
[   0.0] Timeout 1
[   0.0] Timeout 1
[   0.0] Timeout 1
[   0.0] Timeout 1
[   0.0] Timeout 1
[   0.0] Timeout 1
[   0.0] Timeout 1
[   0.0] Timeout 1
[   0.0] Timeout 1
[   0.0] Timeout 1
[   0.0] Timeout 1
[   0.0] Timeout 1
[   0.0] Timeout 1
[   0.0] Timeout 1
[   0.0] Timeout 1
[   0.0] Timeout 1
[   0.0] Timeout 1
[   0.0] Timeout 1
[   0.0] Timeout 1
[   0.0] Timeout 1
[   0.0] Timeout 1
[   0.0] Timeout 1
[   0.0] Timeout 1
[   0.0] Timeout 1
[   0.0] Timeout 1
[   0.0] Timeout 1
[   0.0] Timeout 1
[   0.0] Timeout 1
[   0.0] Timeout 1
[   0.0] Timeout 1
[   0.0] Timeout 1
[   0.0] Timeout 1
[   0.0] Timeout 1
[   0.0] Timeout 1
[   0.0] Timeout 1
[   0.0] Timeout 1
[   0.0] Timeout 1
[   0.0] Timeout 1
[   0.0] Timeout 1
[   0.0] Timeout 1
[   0.0] Timeout 1
[   0.0] Timeout 1
[   0.0] Timeout 1
[   0.0] Timeout 1
[   0.0] Timeout 1
[   0.0] Timeout 1
[   0.0] Timeout 1
[   0.0] Timeout 1
[   0.0] Timeout 1
[   0.0] Timeout 1
[   0.0] Timeout 1
[   0.0] Timeout 1
[   0.0] Timeout 1
[   0.0] Timeout 1
[   0.0] Timeout 1
[   0.0] Timeout 1
[   0.0] Timeout 1
[   0.0] Timeout 1
[   0.0] Timeout 1
[   0.0] Timeout 1
[   0.0] Timeout 1
[   0.0] Timeout 1
[   0.0] Timeout 1
[   0.0] Timeout 1
[   0.0] Timeout 1
[   0.0] Timeout 1
[   0.0] Timeout 1
[   0.0] Timeout 1
[   0.0] Timeout 1
[   0.0] Timeout 1
[   0.0] Timeout 1
[   0.0] Timeout 1
[   0.0] Timeout 1
[   0.0] Timeout 1
[   0.0] Timeout 1
[   0.0] Timeout 1
[   0.0] Timeout 1
[   0.0] Timeout 1
[   0.0] Timeout 1
[   0.0] Timeout 1
[   0.0] Timeout 1
[   0.0] Timeout 1
[   0.0] Timeout 1
[   0.0] Timeout 1
[   0.0] Timeout 1
[   0.0] Timeout 1
[   0.0] Timeout 1
[   0.0] Timeout 1
[   0.0] Timeout 1
[   0.0] Timeout 1
[   0.0] Timeout 1
[   0.0] Timeout 1
[   0.0] Timeout 1
[   0.0] Timeout 1
[   0.0] Timeout 1
[   0.0] Timeout 1
[   0.0] Timeout 1
[   0.0] Timeout 1
[   0.0] Timeout 1
[   0.0] Timeout 1
[   0.0] Timeout 1
[   0.0] Timeout 1
[   0.0] Timeout 1
[   0.0] Timeout 1
[   0.0] Timeout 1
[   0.0] Timeout 1
[   0.0] Timeout 1
[   0.0] Timeout 1
[   0.0] Timeout 1
[   0.0] Timeout 1
[   0.0] Timeout 1
[   0.0] Timeout 1
[   0.0] Timeout 1
[   0.0] Timeout 1
[   0.0] Timeout 1
[   0.0] Timeout 1
[   0.0] Timeout 1
[   0.0] Timeout 1
[   0.0] Timeout 1
[   0.0] Timeout 1
[   0.0] Timeout 1
[   0.0] Timeout 1
[   0.0] Timeout 1
[   0.0] Timeout 1
[   0.0] Timeout 1
[   0.0] Timeout 1
[   0.0] Timeout 1
[   0.0] Timeout 1
[   0.0] Timeout 1
[   0.0] Timeout 1
[   0.0] Timeout 1
[   0.0] Timeout 1
[   0.0] Timeout 1
[   0.0] Timeout 1
[   0.0] Timeout 1
[   0.0] Timeout 1
[   0.0] Timeout 1
[   0.0] Timeout 1
[   0.0] Timeout 1
[   0.0] Timeout 1
[   0.0] Timeout 1
[   0.0] Timeout 1
[   0.0] Timeout 1
[   0.0] Timeout 1
[   0.0] Timeout 1
[   0.0] Timeout 1
[   0.0] Timeout 1
[   0.0] Timeout 1
[   0.0] Timeout 1
[   0.0] Timeout 1
[   0.0] Timeout 1
[   0.0] Timeout 1
[   0.0] Timeout 1
[   0.0] Timeout 1
[   0.0] Timeout 1
[   0.0] Timeout 1
[   0.0] Timeout 1
[   0.0] Timeout 1
[   0.0] Timeout 1
[   0.0] Timeout 1
[   0.0] Timeout 1
[   0.0] Timeout 1
[   0.0] Timeout 1
[   0.0] Timeout 1
[   0.0] Timeout 1
[   0.0] Timeout 1
[   0.0] Timeout 1
[   0.0] Timeout 1
[   0.0] Timeout 1
[   0.0] Timeout 1
[   0.0] Timeout 1
[   0.0] Timeout 1
[   0.0] Timeout 1
[   0.0] Timeout 1
[   0.0] Timeout 1
[   0.0] Timeout 1
[   0.0] Timeout 1
[   0.0] Timeout 1
[   0.0] Timeout 1
[   0.0] Timeout 1
[   0.0] Timeout 1
[   0.0] Timeout 1
[   0.0] Timeout 1
[   0.0] Timeout 1
[   0.0] Timeout 1
[   0.0] Timeout 1
[   0.0] Timeout 1
[   0.0] Timeout 1
[   0.0] Timeout 1
[   0.0] Timeout 1
[   0.0] Timeout 1
[   0.0] Timeout 1
[   0.0] Timeout 1
[   0.0] Timeout 1
[   0.0] Timeout 1
[   0.0] Timeout 1
[   0.0] Timeout 1
[   0.0] Timeout 1
[   0.0] Timeout 1
[   0.0] Timeout 1
[   0.0] Timeout 1
[   0.0] Timeout 1
[   0.0] Timeout 1
[   0.0] Timeout 1
[   0.0] Timeout 1
[   0.0] Timeout 1
[   0.0] Timeout 1
[   0.0] Timeout 1
[   0.0] Timeout 1
[   0.0] Timeout 1
[   0.0] Timeout 1
[   0.0] Timeout 1
[   0.0] Timeout 1
[   0.0] Timeout 1
[   0.0] Timeout 1
[   0.0] Timeout 1
[   0.0] Timeout 1
[   0.0] Timeout 1
[   0.0] Timeout 1
[   0.0] Timeout 1
[   0.0] Timeout 1
[   0.0] Timeout 1
[   0.0] Timeout 1
[   0.0] Timeout 1
[   0.0] Timeout 1
[   0.0] Timeout 1
[   0.0] Timeout 1
[   0.0] Timeout 1
[   0.0] Timeout 1
[   0.0] Timeout 1
[   0.0] Timeout 1
[   0.0] Timeout 1
[   0.0] Timeout 1
[   0.0] Timeout 1
[   0.0] Timeout 1
[   0.0] Timeout 1
[   0.0] Timeout 1
[   0.0] Timeout 1
[   0.0] Timeout 1
[   0.0] Timeout 1
[   0.0] Timeout 1
[   0.0] Timeout 1
[   0.0] Timeout 1
[   0.0] Timeout 1
[   0.0] Timeout 1
[   0.0] Timeout 1
[   0.0] Timeout 1
[   0.0] Timeout 1
[   0.0] Timeout 1
[   0.0] Timeout 1
[   0.0] Timeout 1
[   0.0] Timeout 1
[   0.0] ets Jul 29 2019 12:21:46
[   0.0] 
[   0.0] rst:ets Jul 29 2019 12:21:46
[   0.0] 
[   0.0] rst:ets Jul 29 2019 12:21:46
[   0.0] 
[   0.0] rst:ets Jul 29 2019 12:21:46
[   0.0] 
[   0.0] rst:ets Jul 29 2019 12:21:46
[   0.0] 
[   0.0] rst:ets Jul 29 2019 12:21:46
[   0.0] 
[   0.0] rst:ets Jul 29 2019 12:21:46
[   0.0] 
[   0.0] rst:ets Jul 29 2019 12:21:46
[   0.0] 
[   0.0] rst:ets Jul 29 2019 12:21:46
[   0.0] 
[   0.0] rst:ets Jul 29 2019 12:21:46
[   0.0] 
[   0.0] rst:ets Jul 29 2019 12:21:46
[   0.0] 
[   0.0] rst:ets Jul 29 2019 12:21:46
[   0.0] 
[   0.0] rst:ets Jul 29 2019 12:21:46
[   0.0] 
[   0.0] rst:ets Jul 29 2019 12:21:46
[   0.0] 
[   0.0] rst:ets Jul 29 2019 12:21:46
[   0.0] 
[   0.0] rst:ets Jul 29 2019 12:21:46
[   0.0] 
[   0.0] rst:ets Jul 29 2019 12:21:46
[   0.0] 
[   0.0] rst:ets Jul 29 2019 12:21:46
[   0.0] 
[   0.0] rst:ets Jul 29 2019 12:21:46
[   0.0] 
[   0.0] rst:ets Jul 29 2019 12:21:46
[   0.0] 
[   0.0] rst:ets Jul 29 2019 12:21:46
[   0.0] 
[   0.0] rst:ets Jul 29 2019 12:21:46
[   0.0] 
[   0.0] rst:ets Jul 29 2019 12:21:46
[   0.0] 
[   0.0] rst:ets Jul 29 2019 12:21:46
[   0.0] 
[   0.0] rst:ets Jul 29 2019 12:21:46
[   0.0] 
[   0.0] rst:ets Jul 29 2019 12:21:46
[   0.0] 
[   0.0] rst:ets Jul 29 2019 12:21:46
[   0.0] 
[   0.0] rst:ets Jul 29 2019 12:21:46
[   0.0] 
[   0.0] rst:ets Jul 29 2019 12:21:46
[   0.0] 
[   0.0] rst:ets Jul 29 2019 12:21:46
[   0.0] 
[   0.0] rst:ets Jul 29 2019 12:21:46
[   0.0] 
[   0.0] rst:ets Jul 29 2019 12:21:46
[   0.0] 
[   0.0] rst:ets Jul 29 2019 12:21:46
[   0.0] 
[   0.0] rst:ets Jul 29 2019 12:21:46
[   0.0] 
[   0.0] rst:0x1 (POWERON_RESET),boot:0x13 (SPI_FAST_FLASH_BOOT)
[   0.0] configsip: 0, SPIWP:0xee
[   0.2] clk_drv:0x00,q_drv:0x00,d_drv:0x00,cs0_drv:0x00,hd_drv:0x00,wp_drv:0x00
[   0.2] mode:DIO, clock div:2
[   0.2] load:0x3fff0030,len:1676
[   0.2] ho 0 tail 12 room 4
[   0.2] load:0x40078000,len:13048
[   0.2] ho 0 tail 12 room 4
[   0.2] load:0x40080400,len:3604
[   0.2] entry 0x400805f0
[   1.1] [0;33mW (999) i2c: This driver is an old driver, please migrate your application code to adapt `driver/i2c_master.h`[0m
[   1.3] Found
[   1.9] No OTA pending 2 
[   1.9] new version
[   2.9] Timeout 2
[   3.9] Timeout 1
[   3.9] Letto resetParam 0
[   5.0] Timeout 1
[   6.0] Timeout 1
[   7.0] Timeout 1
[   8.0] Timeout 1
[   9.1] Timeout 2
[   9.9] Timeout 1
[  11.0] Timeout 1
[  11.4] Dev: -1 - 4354 
[  11.4] Found
[  11.4] timerPairBle
[  11.4] Controller init
[  11.6] Controller enable
[  11.8] Bluedroid init
[  11.8] Bluedroid enable
[  11.8] Gatt cb
[  11.8] Gap cb
[  11.8] App reg
[  11.8] Found
[  11.8] Found RE 0 
[  11.8] ADV start
[  12.0] Timeout 1
[  13.0] Timeout 1
[  13.2] Connect
[  13.2] MA 9c:67:d6:0a:36:6e
[  13.2] rejected Nm0
[  13.4] disconnected
[  13.4] ADV start
[  13.6] Connect
[  13.6] MA 9c:67:d6:0a:36:6e
[  13.6] rejected Nm0
[  14.1] Timeout 1
[  14.1] disconnected
[  14.1] ADV start
[  14.5] Connect
[  14.5] MA 9c:67:d6:0a:36:6e
[  14.5] rejected Nm0
[  14.7] disconnected
[  14.7] ADV start
[  15.1] Timeout 1
[  15.9] Timeout 1
[  16.3] Connect
[  16.3] MA 9c:67:d6:0a:36:6e
[  16.3] rejected Nm0
[  16.6] disconnected
[  16.6] ADV start
[  16.8] Connect
[  16.8] MA 9c:67:d6:0a:36:6e
[  16.8] rejected Nm0
[  17.0] disconnected
[  17.0] ADV start
[  17.0] Timeout 1
[  17.6] Connect
[  17.6] MA 9c:67:d6:0a:36:6e
[  17.6] rejected Nm0
[  17.8] disconnected
[  17.8] ADV start
[  18.0] Timeout 1
[  18.6] Connect
[  18.6] MA 9c:67:d6:0a:36:6e
[  18.6] rejected Nm0
[  19.0] Timeout 1
[  19.0] disconnected
[  19.0] ADV start
[  19.2] Connect
[  19.2] MA 9c:67:d6:0a:36:6e
[  19.2] rejected Nm0
[  19.4] disconnected
[  19.4] ADV start
[  20.1] Timeout 1
[  20.9] Connect
[  20.9] MA 9c:67:d6:0a:36:6e
[  20.9] rejected Nm0
[  21.1] Timeout 1
[  21.5] disconnected
[  21.5] ADV start
[  21.7] Connect
[  21.7] MA 9c:67:d6:0a:36:6e
[  21.7] rejected Nm0
[  22.1] disconnected
[  22.1] Timeout 1
[  22.1] ADV start
[  23.2] Timeout 1
[  23.4] Connect
[  23.4] MA 9c:67:d6:0a:36:6e
[  23.4] rejected Nm0
[  23.6] disconnected
[  23.6] ADV start
[  23.8] Connect
[  23.8] MA 9c:67:d6:0a:36:6e
[  23.8] rejected Nm0
[  24.0] disconnected
[  24.0] ADV start
[  24.0] Timeout 1
[  24.8] Connect
[  24.8] MA 9c:67:d6:0a:36:6e
[  24.8] rejected Nm0
[  25.0] disconnected
[  25.0] ADV start
[  25.0] Timeout 1
[  25.2] Connect
[  25.2] MA 9c:67:d6:0a:36:6e
[  25.2] rejected Nm0
[  25.6] disconnected
[  25.6] ADV start
[  26.0] Timeout 1
[  26.2] Connect
[  26.2] MA 9c:67:d6:0a:36:6e
[  26.2] rejected Nm0
[  26.2] disconnected
[  26.2] ADV start
[  26.6] Connect
[  26.6] MA 9c:67:d6:0a:36:6e
[  26.6] rejected Nm0
[  27.1] Timeout 1
[  27.1] disconnected
[  27.3] ADV start
[  27.3] Connect
[  27.3] MA 9c:67:d6:0a:36:6e
[  27.3] rejected Nm0
[  27.9] disconnected
[  27.9] ADV start
[  27.9] Connect
[  27.9] MA 9c:67:d6:0a:36:6e
[  27.9] rejected Nm0
[  28.1] Timeout 1
[  28.1] disconnected
[  28.1] ADV start
[  29.1] Timeout 1
[  29.1] Connect
[  29.1] MA 9c:67:d6:0a:36:6e
[  29.1] rejected Nm0
[  29.3] disconnected
[  29.3] ADV start
[  29.3] Connect
[  29.3] MA 9c:67:d6:0a:36:6e
[  29.3] rejected Nm0
[  29.5] disconnected
[  29.5] ADV start
[  30.0] Connect
[  30.0] MA 9c:67:d6:0a:36:6e
[  30.0] rejected Nm0
[  30.2] disconnected
[  30.2] Timeout 1
[  30.2] ADV start
[  30.4] Connect
[  30.4] MA 9c:67:d6:0a:36:6e
[  30.4] rejected Nm0
[  30.6] disconnected
[  30.6] ADV start
[  31.2] Timeout 1
[  31.2] Connect
[  31.2] MA 9c:67:d6:0a:36:6e
[  31.2] rejected Nm0
[  31.4] disconnected
[  31.4] ADV start
[  31.6] Connect
[  31.6] MA 9c:67:d6:0a:36:6e
[  31.6] rejected Nm0
[  31.8] disconnected
[  31.8] ADV start
[  32.0] Timeout 1
[  32.7] Connect
[  32.7] MA 9c:67:d6:0a:36:6e
[  32.7] rejected Nm0
[  32.7] disconnected
[  32.7] ADV start
[  32.9] Connect
[  32.9] MA 9c:67:d6:0a:36:6e
[  32.9] rejected Nm0
[  33.1] Timeout 1
[  33.3] disconnected
[  33.3] ADV start
[  34.1] Timeout 1
[  35.1] Timeout 1
[  35.9] Connect
[  35.9] MA 9c:67:d6:0a:36:6e
[  35.9] rejected Nm0
[  36.2] disconnected
[  36.2] ADV start
[  36.2] Timeout 1
[  36.8] Connect
[  36.8] MA 9c:67:d6:0a:36:6e
[  36.8] rejected Nm0
[  37.0] disconnected
[  37.0] ADV start
[  37.2] Timeout 1
[  37.8] Connect
[  37.8] MA 9c:67:d6:0a:36:6e
[  37.8] rejected Nm0
[  38.2] Timeout 1
[  38.2] disconnected
[  38.4] ADV start
[  38.4] Connect
[  38.4] MA 9c:67:d6:0a:36:6e
[  38.4] rejected Nm0
[  38.6] disconnected
[  38.6] ADV start
[  39.1] Timeout 1
[  39.3] Connect
[  39.3] MA 9c:67:d6:0a:36:6e
[  39.3] rejected Nm0
[  39.3] disconnected
[  39.3] ADV start
[  39.7] Connect
[  39.7] MA 9c:67:d6:0a:36:6e
[  39.7] rejected Nm0
[  40.1] disconnected
[  40.1] ADV start
[  40.1] Timeout 1
[  40.7] Connect
[  40.7] MA 9c:67:d6:0a:36:6e
[  40.7] rejected Nm0
[  40.9] disconnected
[  40.9] ADV start
[  41.1] Timeout 1
[  41.3] Connect
[  41.3] MA 9c:67:d6:0a:36:6e
[  41.3] rejected Nm0
[  41.5] disconnected
[  41.5] ADV start
[  42.0] Connect
[  42.0] MA 9c:67:d6:0a:36:6e
[  42.0] rejected Nm0
[  42.2] Timeout 1
[  42.2] disconnected
[  42.2] ADV start
[  42.4] Connect
[  42.4] MA 9c:67:d6:0a:36:6e
[  42.4] rejected Nm0
[  42.6] disconnected
[  42.6] ADV start
[  42.8] Connect
[  42.8] MA 9c:67:d6:0a:36:6e
[  42.8] rejected Nm0
[  43.2] Timeout 1
[  43.2] disconnected
[  43.2] ADV start
[  43.8] Connect
[  43.8] MA 9c:67:d6:0a:36:6e
[  43.8] rejected Nm0
[  44.0] disconnected
[  44.0] ADV start
[  44.2] Timeout 1
[  44.4] Connect
[  44.4] MA 9c:67:d6:0a:36:6e
[  44.4] rejected Nm0
[  44.6] disconnected
[  44.6] ADV start
[  44.8] Connect
[  44.8] MA 9c:67:d6:0a:36:6e
[  44.8] rejected Nm0
[  45.2] Timeout 1
[  45.2] disconnected
[  45.2] ADV start
[  45.7] Connect
[  45.7] MA 9c:67:d6:0a:36:6e
[  45.7] rejected Nm0
[  45.7] disconnected
[  45.9] ADV start
[  46.3] Timeout 1
[  46.3] Connect
[  46.3] MA 9c:67:d6:0a:36:6e
[  46.3] rejected Nm0
[  46.3] disconnected
[  46.3] ADV start
[  47.1] Timeout 1
[  47.5] Connect
[  47.5] MA 9c:67:d6:0a:36:6e
[  47.5] rejected Nm0
[  47.9] disconnected
[  47.9] ADV start
[  48.2] Connect
[  48.2] MA 9c:67:d6:0a:36:6e
[  48.2] rejected Nm0
[  48.2] Timeout 1
[  48.6] disconnected
[  48.6] ADV start
[  48.8] Connect
[  48.8] MA 9c:67:d6:0a:36:6e
[  48.8] rejected Nm0
[  48.8] disconnected
[  48.8] ADV start
[  49.2] Timeout 1
[  49.2] Connect
[  49.2] MA 9c:67:d6:0a:36:6e
[  49.2] rejected Nm0
[  49.4] disconnected
[  49.4] ADV start
[  50.2] Timeout 1
[  50.2] Connect
[  50.2] MA 9c:67:d6:0a:36:6e
[  50.2] rejected Nm0
[  50.7] disconnected
[  50.7] ADV start
[  50.9] Connect
[  50.9] MA 9c:67:d6:0a:36:6e
[  50.9] rejected Nm0
[  50.9] disconnected
[  50.9] ADV start
[  51.3] Timeout 1
[  52.1] Connect
[  52.1] MA 9c:67:d6:0a:36:6e
[  52.1] rejected Nm0
[  52.3] Timeout 1
[  52.3] disconnected
[  52.3] ADV start
[  52.9] Connect
[  52.9] MA 9c:67:d6:0a:36:6e
[  52.9] rejected Nm0
[  52.9] disconnected
[  52.9] ADV start
[  53.1] Timeout 1
[  54.2] Connect
[  54.2] MA 9c:67:d6:0a:36:6e
[  54.2] rejected Nm0
[  54.2] Timeout 1
[  54.4] disconnected
[  54.4] ADV start
[  54.6] Connect
[  54.6] MA 9c:67:d6:0a:36:6e
[  54.6] rejected Nm0
[  54.8] disconnected
[  55.0] ADV start
[  55.0] Connect
[  55.0] MA 9c:67:d6:0a:36:6e
[  55.0] rejected Nm0
[  55.2] Timeout 1
[  55.4] disconnected
[  55.4] ADV start
[  56.2] Timeout 1
[  57.2] Timeout 1
[  57.8] Connect
[  57.8] MA 9c:67:d6:0a:36:6e
[  57.8] rejected Nm0
[  58.3] Timeout 1
[  58.3] disconnected
[  58.3] ADV start
[  58.5] Connect
[  58.5] MA 9c:67:d6:0a:36:6e
[  58.5] rejected Nm0
[  58.9] disconnected
[  58.9] ADV start
[  59.3] Timeout 1
[  59.9] Connect
[  59.9] MA 9c:67:d6:0a:36:6e
[  59.9] rejected Nm0
[  60.3] Timeout 1
[  60.5] disconnected
[  60.5] ADV start
[  60.7] Connect
[  60.7] MA 9c:67:d6:0a:36:6e
[  60.7] rejected Nm0
[  61.1] disconnected
[  61.1] ADV start
[  61.3] Timeout 1
[  61.3] Connect
[  61.3] MA 9c:67:d6:0a:36:6e
[  61.3] rejected Nm0
[  61.7] disconnected
[  61.7] ADV start
[  62.1] Connect
[  62.1] MA 9c:67:d6:0a:36:6e
[  62.1] rejected Nm0
[  62.4] Timeout 1
[  62.4] disconnected
[  62.4] ADV start
[  62.6] Connect
[  62.6] MA 9c:67:d6:0a:36:6e
[  62.6] rejected Nm0
[  63.0] disconnected
[  63.0] ADV start
[  63.2] Timeout 1
[  64.2] Connect
[  64.2] MA 9c:67:d6:0a:36:6e
[  64.2] rejected Nm0
[  64.2] Timeout 1
[  64.8] disconnected
[  64.8] ADV start
[  65.0] Connect
[  65.0] MA 9c:67:d6:0a:36:6e
[  65.0] rejected Nm0
[  65.2] disconnected
[  65.2] ADV start
[  65.2] Timeout 1
[  65.4] Connect
[  65.4] MA 9c:67:d6:0a:36:6e
[  65.4] rejected Nm0
[  65.4] disconnected
[  65.4] ADV start
[  66.3] Timeout 1
[  66.5] Connect
[  66.5] MA 9c:67:d6:0a:36:6e
[  66.5] rejected Nm0
[  66.7] disconnected
[  66.7] ADV start
[  67.3] Connect
[  67.3] MA 9c:67:d6:0a:36:6e
[  67.3] rejected Nm0
[  67.3] Timeout 1
[  67.5] disconnected
[  67.5] ADV start
[  68.3] Timeout 1
[  69.2] Connect
[  69.2] MA 9c:67:d6:0a:36:6e
[  69.2] rejected Nm0
[  69.4] disconnected
[  69.4] ADV start
[  69.4] Timeout 1
[  69.4] Connect
[  69.4] MA 9c:67:d6:0a:36:6e
[  69.4] rejected Nm0
[  69.6] disconnected
[  69.6] ADV start
[capture ended]
